{"/home/jairp/Documents/yail/projects/x-scraper/src/app.controller.ts": {"path":"/home/jairp/Documents/yail/projects/x-scraper/src/app.controller.ts","statementMap":{"0":{"start":{"line":1,"column":0},"end":{"line":1,"column":49}},"1":{"start":{"line":2,"column":0},"end":{"line":2,"column":43}},"2":{"start":{"line":5,"column":7},"end":{"line":12,"column":null}},"3":{"start":{"line":6,"column":31},"end":{"line":6,"column":43}},"4":{"start":{"line":10,"column":4},"end":{"line":10,"column":38}},"5":{"start":{"line":5,"column":13},"end":{"line":5,"column":26}},"6":{"start":{"line":9,"column":2},"end":{"line":11,"column":null}},"7":{"start":{"line":5,"column":13},"end":{"line":12,"column":null}}},"fnMap":{"0":{"name":"(anonymous_2)","decl":{"start":{"line":6,"column":2},"end":{"line":6,"column":31}},"loc":{"start":{"line":6,"column":53},"end":{"line":6,"column":57}}},"1":{"name":"(anonymous_3)","decl":{"start":{"line":9,"column":2},"end":{"line":9,"column":10}},"loc":{"start":{"line":9,"column":10},"end":{"line":11,"column":3}}}},"branchMap":{"0":{"loc":{"start":{"line":6,"column":43},"end":{"line":6,"column":56}},"type":"cond-expr","locations":[{"start":{"line":6,"column":53},"end":{"line":6,"column":56}},{"start":{"line":6,"column":53},"end":{"line":6,"column":56}}]},"1":{"loc":{"start":{"line":6,"column":43},"end":{"line":6,"column":53}},"type":"binary-expr","locations":[{"start":{"line":6,"column":43},"end":{"line":6,"column":56}},{"start":{"line":6,"column":43},"end":{"line":6,"column":53}}]}},"s":{"0":1,"1":1,"2":1,"3":1,"4":1,"5":1,"6":1,"7":1},"f":{"0":1,"1":1},"b":{"0":[1,0],"1":[1,1]}}
,"/home/jairp/Documents/yail/projects/x-scraper/src/app.module.ts": {"path":"/home/jairp/Documents/yail/projects/x-scraper/src/app.module.ts","statementMap":{"0":{"start":{"line":1,"column":0},"end":{"line":1,"column":40}},"1":{"start":{"line":2,"column":0},"end":{"line":2,"column":46}},"2":{"start":{"line":3,"column":0},"end":{"line":3,"column":59}},"3":{"start":{"line":4,"column":0},"end":{"line":4,"column":73}},"4":{"start":{"line":5,"column":0},"end":{"line":5,"column":49}},"5":{"start":{"line":6,"column":0},"end":{"line":6,"column":43}},"6":{"start":{"line":7,"column":0},"end":{"line":7,"column":66}},"7":{"start":{"line":8,"column":0},"end":{"line":8,"column":88}},"8":{"start":{"line":9,"column":0},"end":{"line":9,"column":88}},"9":{"start":{"line":29,"column":7},"end":{"line":29,"column":null}},"10":{"start":{"line":29,"column":13},"end":{"line":29,"column":22}},"11":{"start":{"line":29,"column":13},"end":{"line":29,"column":null}}},"fnMap":{},"branchMap":{},"s":{"0":0,"1":0,"2":0,"3":0,"4":0,"5":0,"6":0,"7":0,"8":0,"9":0,"10":0,"11":0},"f":{},"b":{}}
,"/home/jairp/Documents/yail/projects/x-scraper/src/app.service.ts": {"path":"/home/jairp/Documents/yail/projects/x-scraper/src/app.service.ts","statementMap":{"0":{"start":{"line":1,"column":0},"end":{"line":1,"column":44}},"1":{"start":{"line":4,"column":7},"end":{"line":8,"column":null}},"2":{"start":{"line":6,"column":4},"end":{"line":6,"column":26}},"3":{"start":{"line":4,"column":13},"end":{"line":4,"column":23}},"4":{"start":{"line":4,"column":13},"end":{"line":8,"column":null}}},"fnMap":{"0":{"name":"(anonymous_1)","decl":{"start":{"line":5,"column":2},"end":{"line":5,"column":10}},"loc":{"start":{"line":5,"column":10},"end":{"line":7,"column":3}}}},"branchMap":{},"s":{"0":1,"1":1,"2":1,"3":1,"4":1},"f":{"0":1},"b":{}}
,"/home/jairp/Documents/yail/projects/x-scraper/src/main.ts": {"path":"/home/jairp/Documents/yail/projects/x-scraper/src/main.ts","statementMap":{"0":{"start":{"line":1,"column":0},"end":{"line":1,"column":43}},"1":{"start":{"line":2,"column":0},"end":{"line":2,"column":48}},"2":{"start":{"line":3,"column":0},"end":{"line":3,"column":41}},"3":{"start":{"line":4,"column":0},"end":{"line":4,"column":81}},"4":{"start":{"line":7,"column":14},"end":{"line":7,"column":49}},"5":{"start":{"line":10,"column":2},"end":{"line":16,"column":4}},"6":{"start":{"line":18,"column":2},"end":{"line":18,"column":52}},"7":{"start":{"line":19,"column":2},"end":{"line":19,"column":45}},"8":{"start":{"line":21,"column":0},"end":{"line":21,"column":12}}},"fnMap":{"0":{"name":"bootstrap","decl":{"start":{"line":6,"column":15},"end":{"line":6,"column":24}},"loc":{"start":{"line":6,"column":24},"end":{"line":20,"column":1}}}},"branchMap":{"0":{"loc":{"start":{"line":19,"column":19},"end":{"line":19,"column":43}},"type":"binary-expr","locations":[{"start":{"line":19,"column":19},"end":{"line":19,"column":35}},{"start":{"line":19,"column":39},"end":{"line":19,"column":43}}]}},"s":{"0":0,"1":0,"2":0,"3":0,"4":0,"5":0,"6":0,"7":0,"8":0},"f":{"0":0},"b":{"0":[0,0]}}
,"/home/jairp/Documents/yail/projects/x-scraper/src/common/config/env.validation.ts": {"path":"/home/jairp/Documents/yail/projects/x-scraper/src/common/config/env.validation.ts","statementMap":{"0":{"start":{"line":1,"column":0},"end":{"line":1,"column":27}},"1":{"start":{"line":48,"column":13},"end":{"line":96,"column":3}}},"fnMap":{},"branchMap":{},"s":{"0":0,"1":0},"f":{},"b":{}}
,"/home/jairp/Documents/yail/projects/x-scraper/src/common/database/mongodb/mongodb.module.ts": {"path":"/home/jairp/Documents/yail/projects/x-scraper/src/common/database/mongodb/mongodb.module.ts","statementMap":{"0":{"start":{"line":1,"column":0},"end":{"line":1,"column":48}},"1":{"start":{"line":2,"column":0},"end":{"line":2,"column":47}},"2":{"start":{"line":3,"column":0},"end":{"line":3,"column":50}},"3":{"start":{"line":27,"column":7},"end":{"line":27,"column":null}},"4":{"start":{"line":27,"column":13},"end":{"line":27,"column":26}},"5":{"start":{"line":27,"column":13},"end":{"line":27,"column":null}},"6":{"start":{"line":10,"column":25},"end":{"line":10,"column":70}},"7":{"start":{"line":11,"column":25},"end":{"line":11,"column":70}},"8":{"start":{"line":12,"column":21},"end":{"line":12,"column":62}},"9":{"start":{"line":13,"column":21},"end":{"line":13,"column":62}},"10":{"start":{"line":14,"column":27},"end":{"line":14,"column":71}},"11":{"start":{"line":16,"column":8},"end":{"line":21,"column":10}}},"fnMap":{"0":{"name":"(anonymous_1)","decl":{"start":{"line":9,"column":18},"end":{"line":9,"column":19}},"loc":{"start":{"line":9,"column":51},"end":{"line":22,"column":7}}}},"branchMap":{},"s":{"0":0,"1":0,"2":0,"3":0,"4":0,"5":0,"6":0,"7":0,"8":0,"9":0,"10":0,"11":0},"f":{"0":0},"b":{}}
,"/home/jairp/Documents/yail/projects/x-scraper/src/common/database/mongodb/seeds/tracker-config.seed.ts": {"path":"/home/jairp/Documents/yail/projects/x-scraper/src/common/database/mongodb/seeds/tracker-config.seed.ts","statementMap":{"0":{"start":{"line":213,"column":0},"end":{"line":213,"column":7}},"1":{"start":{"line":8,"column":0},"end":{"line":8,"column":33}},"2":{"start":{"line":9,"column":0},"end":{"line":9,"column":32}},"3":{"start":{"line":11,"column":0},"end":{"line":11,"column":16}},"4":{"start":{"line":14,"column":20},"end":{"line":23,"column":11}},"5":{"start":{"line":25,"column":22},"end":{"line":29,"column":11}},"6":{"start":{"line":32,"column":13},"end":{"line":189,"column":2}},"7":{"start":{"line":192,"column":28},"end":{"line":202,"column":null}},"8":{"start":{"line":206,"column":2},"end":{"line":207,"column":72}},"9":{"start":{"line":214,"column":17},"end":{"line":214,"column":18}},"10":{"start":{"line":215,"column":16},"end":{"line":215,"column":17}},"11":{"start":{"line":217,"column":2},"end":{"line":233,"column":3}},"12":{"start":{"line":218,"column":19},"end":{"line":221,"column":6}},"13":{"start":{"line":223,"column":4},"end":{"line":232,"column":5}},"14":{"start":{"line":224,"column":6},"end":{"line":224,"column":16}},"15":{"start":{"line":225,"column":6},"end":{"line":227,"column":8}},"16":{"start":{"line":229,"column":6},"end":{"line":229,"column":44}},"17":{"start":{"line":230,"column":6},"end":{"line":230,"column":17}},"18":{"start":{"line":231,"column":6},"end":{"line":231,"column":65}},"19":{"start":{"line":235,"column":2},"end":{"line":237,"column":4}},"20":{"start":{"line":242,"column":19},"end":{"line":242,"column":58}},"21":{"start":{"line":243,"column":19},"end":{"line":243,"column":61}},"22":{"start":{"line":244,"column":15},"end":{"line":244,"column":54}},"23":{"start":{"line":245,"column":15},"end":{"line":245,"column":50}},"24":{"start":{"line":246,"column":17},"end":{"line":246,"column":65}},"25":{"start":{"line":248,"column":14},"end":{"line":248,"column":92}},"26":{"start":{"line":250,"column":2},"end":{"line":250,"column":71}},"27":{"start":{"line":251,"column":2},"end":{"line":251,"column":30}},"28":{"start":{"line":252,"column":2},"end":{"line":252,"column":30}},"29":{"start":{"line":254,"column":2},"end":{"line":254,"column":55}},"30":{"start":{"line":255,"column":2},"end":{"line":255,"column":29}},"31":{"start":{"line":257,"column":2},"end":{"line":257,"column":30}},"32":{"start":{"line":258,"column":2},"end":{"line":258,"column":46}},"33":{"start":{"line":262,"column":0},"end":{"line":265,"column":3}},"34":{"start":{"line":263,"column":2},"end":{"line":263,"column":37}},"35":{"start":{"line":264,"column":2},"end":{"line":264,"column":18}}},"fnMap":{"0":{"name":"seedTrackerConfigs","decl":{"start":{"line":213,"column":22},"end":{"line":213,"column":40}},"loc":{"start":{"line":213,"column":40},"end":{"line":238,"column":1}}},"1":{"name":"main","decl":{"start":{"line":241,"column":15},"end":{"line":241,"column":19}},"loc":{"start":{"line":241,"column":19},"end":{"line":259,"column":1}}},"2":{"name":"(anonymous_12)","decl":{"start":{"line":262,"column":13},"end":{"line":262,"column":14}},"loc":{"start":{"line":262,"column":21},"end":{"line":265,"column":1}}}},"branchMap":{"0":{"loc":{"start":{"line":206,"column":2},"end":{"line":207,"column":72}},"type":"binary-expr","locations":[{"start":{"line":206,"column":2},"end":{"line":206,"column":31}},{"start":{"line":207,"column":2},"end":{"line":207,"column":72}}]},"1":{"loc":{"start":{"line":223,"column":4},"end":{"line":232,"column":5}},"type":"if","locations":[{"start":{"line":223,"column":4},"end":{"line":232,"column":5}},{"start":{"line":228,"column":11},"end":{"line":232,"column":5}}]},"2":{"loc":{"start":{"line":242,"column":19},"end":{"line":242,"column":58}},"type":"binary-expr","locations":[{"start":{"line":242,"column":19},"end":{"line":242,"column":47}},{"start":{"line":242,"column":51},"end":{"line":242,"column":58}}]},"3":{"loc":{"start":{"line":243,"column":19},"end":{"line":243,"column":61}},"type":"binary-expr","locations":[{"start":{"line":243,"column":19},"end":{"line":243,"column":47}},{"start":{"line":243,"column":51},"end":{"line":243,"column":61}}]},"4":{"loc":{"start":{"line":244,"column":15},"end":{"line":244,"column":54}},"type":"binary-expr","locations":[{"start":{"line":244,"column":15},"end":{"line":244,"column":39}},{"start":{"line":244,"column":43},"end":{"line":244,"column":54}}]},"5":{"loc":{"start":{"line":245,"column":15},"end":{"line":245,"column":50}},"type":"binary-expr","locations":[{"start":{"line":245,"column":15},"end":{"line":245,"column":39}},{"start":{"line":245,"column":43},"end":{"line":245,"column":50}}]},"6":{"loc":{"start":{"line":246,"column":17},"end":{"line":246,"column":65}},"type":"binary-expr","locations":[{"start":{"line":246,"column":17},"end":{"line":246,"column":44}},{"start":{"line":246,"column":48},"end":{"line":246,"column":65}}]}},"s":{"0":0,"1":0,"2":0,"3":0,"4":0,"5":0,"6":0,"7":0,"8":0,"9":0,"10":0,"11":0,"12":0,"13":0,"14":0,"15":0,"16":0,"17":0,"18":0,"19":0,"20":0,"21":0,"22":0,"23":0,"24":0,"25":0,"26":0,"27":0,"28":0,"29":0,"30":0,"31":0,"32":0,"33":0,"34":0,"35":0},"f":{"0":0,"1":0,"2":0},"b":{"0":[0,0],"1":[0,0],"2":[0,0],"3":[0,0],"4":[0,0],"5":[0,0],"6":[0,0]}}
,"/home/jairp/Documents/yail/projects/x-scraper/src/common/filters/global-exception.filter.ts": {"path":"/home/jairp/Documents/yail/projects/x-scraper/src/common/filters/global-exception.filter.ts","statementMap":{"0":{"start":{"line":1,"column":0},"end":{"line":1,"column":null}},"1":{"start":{"line":42,"column":7},"end":{"line":156,"column":null}},"2":{"start":{"line":43,"column":28},"end":{"line":43,"column":63}},"3":{"start":{"line":49,"column":16},"end":{"line":49,"column":35}},"4":{"start":{"line":50,"column":21},"end":{"line":50,"column":48}},"5":{"start":{"line":51,"column":20},"end":{"line":51,"column":45}},"6":{"start":{"line":53,"column":6},"end":{"line":53,"column":41}},"7":{"start":{"line":55,"column":41},"end":{"line":63,"column":6}},"8":{"start":{"line":65,"column":4},"end":{"line":65,"column":53}},"9":{"start":{"line":67,"column":4},"end":{"line":67,"column":48}},"10":{"start":{"line":80,"column":4},"end":{"line":99,"column":5}},"11":{"start":{"line":81,"column":21},"end":{"line":81,"column":42}},"12":{"start":{"line":82,"column":32},"end":{"line":82,"column":55}},"13":{"start":{"line":84,"column":6},"end":{"line":92,"column":7}},"14":{"start":{"line":85,"column":28},"end":{"line":85,"column":72}},"15":{"start":{"line":86,"column":8},"end":{"line":91,"column":10}},"16":{"start":{"line":94,"column":6},"end":{"line":98,"column":8}},"17":{"start":{"line":102,"column":4},"end":{"line":109,"column":5}},"18":{"start":{"line":103,"column":6},"end":{"line":108,"column":8}},"19":{"start":{"line":112,"column":4},"end":{"line":116,"column":6}},"20":{"start":{"line":127,"column":23},"end":{"line":134,"column":6}},"21":{"start":{"line":137,"column":4},"end":{"line":154,"column":5}},"22":{"start":{"line":139,"column":6},"end":{"line":147,"column":8}},"23":{"start":{"line":148,"column":11},"end":{"line":154,"column":5}},"24":{"start":{"line":150,"column":6},"end":{"line":153,"column":8}},"25":{"start":{"line":42,"column":13},"end":{"line":42,"column":34}},"26":{"start":{"line":42,"column":13},"end":{"line":156,"column":null}}},"fnMap":{"0":{"name":"(anonymous_1)","decl":{"start":{"line":48,"column":2},"end":{"line":48,"column":7}},"loc":{"start":{"line":48,"column":47},"end":{"line":68,"column":3}}},"1":{"name":"(anonymous_2)","decl":{"start":{"line":73,"column":10},"end":{"line":73,"column":29}},"loc":{"start":{"line":73,"column":48},"end":{"line":117,"column":3}}},"2":{"name":"(anonymous_3)","decl":{"start":{"line":122,"column":10},"end":{"line":122,"column":18}},"loc":{"start":{"line":125,"column":20},"end":{"line":155,"column":3}}}},"branchMap":{"0":{"loc":{"start":{"line":80,"column":4},"end":{"line":99,"column":5}},"type":"if","locations":[{"start":{"line":80,"column":4},"end":{"line":99,"column":5}},{"start":{},"end":{}}]},"1":{"loc":{"start":{"line":84,"column":6},"end":{"line":92,"column":7}},"type":"if","locations":[{"start":{"line":84,"column":6},"end":{"line":92,"column":7}},{"start":{},"end":{}}]},"2":{"loc":{"start":{"line":84,"column":10},"end":{"line":84,"column":77}},"type":"binary-expr","locations":[{"start":{"line":84,"column":10},"end":{"line":84,"column":47}},{"start":{"line":84,"column":51},"end":{"line":84,"column":77}}]},"3":{"loc":{"start":{"line":88,"column":20},"end":{"line":88,"column":84}},"type":"binary-expr","locations":[{"start":{"line":88,"column":20},"end":{"line":88,"column":62}},{"start":{"line":88,"column":66},"end":{"line":88,"column":84}}]},"4":{"loc":{"start":{"line":89,"column":18},"end":{"line":89,"column":66}},"type":"binary-expr","locations":[{"start":{"line":89,"column":18},"end":{"line":89,"column":47}},{"start":{"line":89,"column":51},"end":{"line":89,"column":66}}]},"5":{"loc":{"start":{"line":102,"column":4},"end":{"line":109,"column":5}},"type":"if","locations":[{"start":{"line":102,"column":4},"end":{"line":109,"column":5}},{"start":{},"end":{}}]},"6":{"loc":{"start":{"line":130,"column":10},"end":{"line":130,"column":58}},"type":"binary-expr","locations":[{"start":{"line":130,"column":10},"end":{"line":130,"column":20}},{"start":{"line":130,"column":24},"end":{"line":130,"column":58}}]},"7":{"loc":{"start":{"line":137,"column":4},"end":{"line":154,"column":5}},"type":"if","locations":[{"start":{"line":137,"column":4},"end":{"line":154,"column":5}},{"start":{"line":148,"column":11},"end":{"line":154,"column":5}}]},"8":{"loc":{"start":{"line":143,"column":17},"end":{"line":143,"column":73}},"type":"cond-expr","locations":[{"start":{"line":143,"column":46},"end":{"line":143,"column":61}},{"start":{"line":143,"column":64},"end":{"line":143,"column":73}}]},"9":{"loc":{"start":{"line":145,"column":12},"end":{"line":145,"column":67}},"type":"cond-expr","locations":[{"start":{"line":145,"column":41},"end":{"line":145,"column":55}},{"start":{"line":145,"column":58},"end":{"line":145,"column":67}}]},"10":{"loc":{"start":{"line":148,"column":11},"end":{"line":154,"column":5}},"type":"if","locations":[{"start":{"line":148,"column":11},"end":{"line":154,"column":5}},{"start":{},"end":{}}]}},"s":{"0":0,"1":0,"2":0,"3":0,"4":0,"5":0,"6":0,"7":0,"8":0,"9":0,"10":0,"11":0,"12":0,"13":0,"14":0,"15":0,"16":0,"17":0,"18":0,"19":0,"20":0,"21":0,"22":0,"23":0,"24":0,"25":0,"26":0},"f":{"0":0,"1":0,"2":0},"b":{"0":[0,0],"1":[0,0],"2":[0,0],"3":[0,0],"4":[0,0],"5":[0,0],"6":[0,0],"7":[0,0],"8":[0,0],"9":[0,0],"10":[0,0]}}
,"/home/jairp/Documents/yail/projects/x-scraper/src/modules/twitter-scraper/twitter-scraper.module.ts": {"path":"/home/jairp/Documents/yail/projects/x-scraper/src/modules/twitter-scraper/twitter-scraper.module.ts","statementMap":{"0":{"start":{"line":1,"column":0},"end":{"line":1,"column":40}},"1":{"start":{"line":2,"column":0},"end":{"line":2,"column":50}},"2":{"start":{"line":3,"column":0},"end":{"line":3,"column":84}},"3":{"start":{"line":4,"column":0},"end":{"line":4,"column":75}},"4":{"start":{"line":5,"column":0},"end":{"line":5,"column":81}},"5":{"start":{"line":6,"column":0},"end":{"line":6,"column":66}},"6":{"start":{"line":7,"column":0},"end":{"line":7,"column":67}},"7":{"start":{"line":8,"column":0},"end":{"line":8,"column":60}},"8":{"start":{"line":9,"column":0},"end":{"line":9,"column":61}},"9":{"start":{"line":27,"column":7},"end":{"line":27,"column":null}},"10":{"start":{"line":27,"column":13},"end":{"line":27,"column":33}},"11":{"start":{"line":27,"column":13},"end":{"line":27,"column":null}}},"fnMap":{},"branchMap":{},"s":{"0":0,"1":0,"2":0,"3":0,"4":0,"5":0,"6":0,"7":0,"8":0,"9":0,"10":0,"11":0},"f":{},"b":{}}
,"/home/jairp/Documents/yail/projects/x-scraper/src/modules/twitter-scraper/constants/twitter-selectors.constants.ts": {"path":"/home/jairp/Documents/yail/projects/x-scraper/src/modules/twitter-scraper/constants/twitter-selectors.constants.ts","statementMap":{"0":{"start":{"line":1,"column":13},"end":{"line":43,"column":2}}},"fnMap":{},"branchMap":{},"s":{"0":0},"f":{},"b":{}}
,"/home/jairp/Documents/yail/projects/x-scraper/src/modules/twitter-scraper/controllers/twitter-scraper.controller.ts": {"path":"/home/jairp/Documents/yail/projects/x-scraper/src/modules/twitter-scraper/controllers/twitter-scraper.controller.ts","statementMap":{"0":{"start":{"line":1,"column":0},"end":{"line":1,"column":null}},"1":{"start":{"line":11,"column":0},"end":{"line":11,"column":76}},"2":{"start":{"line":12,"column":0},"end":{"line":12,"column":67}},"3":{"start":{"line":13,"column":0},"end":{"line":13,"column":75}},"4":{"start":{"line":14,"column":0},"end":{"line":14,"column":59}},"5":{"start":{"line":15,"column":0},"end":{"line":15,"column":44}},"6":{"start":{"line":18,"column":7},"end":{"line":113,"column":null}},"7":{"start":{"line":20,"column":21},"end":{"line":20,"column":37}},"8":{"start":{"line":21,"column":21},"end":{"line":21,"column":38}},"9":{"start":{"line":27,"column":20},"end":{"line":29,"column":null}},"10":{"start":{"line":31,"column":4},"end":{"line":31,"column":52}},"11":{"start":{"line":39,"column":19},"end":{"line":44,"column":6}},"12":{"start":{"line":46,"column":4},"end":{"line":46,"column":50}},"13":{"start":{"line":48,"column":4},"end":{"line":52,"column":6}},"14":{"start":{"line":57,"column":19},"end":{"line":62,"column":null}},"15":{"start":{"line":65,"column":4},"end":{"line":65,"column":50}},"16":{"start":{"line":67,"column":4},"end":{"line":71,"column":6}},"17":{"start":{"line":76,"column":18},"end":{"line":76,"column":65}},"18":{"start":{"line":77,"column":4},"end":{"line":77,"column":17}},"19":{"start":{"line":82,"column":20},"end":{"line":82,"column":70}},"20":{"start":{"line":83,"column":4},"end":{"line":83,"column":19}},"21":{"start":{"line":92,"column":20},"end":{"line":95,"column":6}},"22":{"start":{"line":97,"column":19},"end":{"line":99,"column":51}},"23":{"start":{"line":101,"column":4},"end":{"line":106,"column":6}},"24":{"start":{"line":111,"column":4},"end":{"line":111,"column":49}},"25":{"start":{"line":18,"column":13},"end":{"line":18,"column":37}},"26":{"start":{"line":26,"column":8},"end":{"line":32,"column":null}},"27":{"start":{"line":35,"column":8},"end":{"line":53,"column":null}},"28":{"start":{"line":56,"column":8},"end":{"line":72,"column":null}},"29":{"start":{"line":75,"column":8},"end":{"line":78,"column":null}},"30":{"start":{"line":81,"column":8},"end":{"line":84,"column":null}},"31":{"start":{"line":87,"column":8},"end":{"line":107,"column":null}},"32":{"start":{"line":110,"column":8},"end":{"line":112,"column":null}},"33":{"start":{"line":18,"column":13},"end":{"line":113,"column":null}}},"fnMap":{"0":{"name":"(anonymous_4)","decl":{"start":{"line":19,"column":2},"end":{"line":19,"column":null}},"loc":{"start":{"line":21,"column":53},"end":{"line":22,"column":7}}},"1":{"name":"(anonymous_5)","decl":{"start":{"line":26,"column":8},"end":{"line":26,"column":13}},"loc":{"start":{"line":26,"column":40},"end":{"line":32,"column":3}}},"2":{"name":"(anonymous_6)","decl":{"start":{"line":35,"column":8},"end":{"line":35,"column":27}},"loc":{"start":{"line":37,"column":42},"end":{"line":53,"column":3}}},"3":{"name":"(anonymous_7)","decl":{"start":{"line":56,"column":8},"end":{"line":56,"column":20}},"loc":{"start":{"line":56,"column":55},"end":{"line":72,"column":3}}},"4":{"name":"(anonymous_8)","decl":{"start":{"line":75,"column":8},"end":{"line":75,"column":20}},"loc":{"start":{"line":75,"column":54},"end":{"line":78,"column":3}}},"5":{"name":"(anonymous_9)","decl":{"start":{"line":81,"column":8},"end":{"line":81,"column":22}},"loc":{"start":{"line":81,"column":58},"end":{"line":84,"column":3}}},"6":{"name":"(anonymous_10)","decl":{"start":{"line":87,"column":8},"end":{"line":87,"column":23}},"loc":{"start":{"line":90,"column":40},"end":{"line":107,"column":3}}},"7":{"name":"(anonymous_11)","decl":{"start":{"line":110,"column":8},"end":{"line":110,"column":16}},"loc":{"start":{"line":110,"column":16},"end":{"line":112,"column":3}}}},"branchMap":{"0":{"loc":{"start":{"line":88,"column":19},"end":{"line":88,"column":35}},"type":"default-arg","locations":[{"start":{"line":88,"column":34},"end":{"line":88,"column":35}}]},"1":{"loc":{"start":{"line":89,"column":20},"end":{"line":89,"column":38}},"type":"default-arg","locations":[{"start":{"line":89,"column":36},"end":{"line":89,"column":38}}]},"2":{"loc":{"start":{"line":97,"column":19},"end":{"line":99,"column":51}},"type":"cond-expr","locations":[{"start":{"line":98,"column":8},"end":{"line":98,"column":68}},{"start":{"line":99,"column":8},"end":{"line":99,"column":51}}]},"3":{"loc":{"start":{"line":26,"column":32},"end":{"line":26,"column":null}},"type":"cond-expr","locations":[{"start":{"line":26,"column":40},"end":{"line":26,"column":null}},{"start":{"line":26,"column":40},"end":{"line":26,"column":null}}]},"4":{"loc":{"start":{"line":26,"column":32},"end":{"line":26,"column":40}},"type":"binary-expr","locations":[{"start":{"line":26,"column":32},"end":{"line":26,"column":null}},{"start":{"line":26,"column":32},"end":{"line":26,"column":40}}]},"5":{"loc":{"start":{"line":37,"column":20},"end":{"line":37,"column":null}},"type":"cond-expr","locations":[{"start":{"line":37,"column":42},"end":{"line":37,"column":null}},{"start":{"line":37,"column":42},"end":{"line":37,"column":null}}]},"6":{"loc":{"start":{"line":37,"column":20},"end":{"line":37,"column":42}},"type":"binary-expr","locations":[{"start":{"line":37,"column":20},"end":{"line":37,"column":null}},{"start":{"line":37,"column":20},"end":{"line":37,"column":42}}]},"7":{"loc":{"start":{"line":56,"column":40},"end":{"line":56,"column":null}},"type":"cond-expr","locations":[{"start":{"line":56,"column":55},"end":{"line":56,"column":null}},{"start":{"line":56,"column":55},"end":{"line":56,"column":null}}]},"8":{"loc":{"start":{"line":56,"column":40},"end":{"line":56,"column":55}},"type":"binary-expr","locations":[{"start":{"line":56,"column":40},"end":{"line":56,"column":null}},{"start":{"line":56,"column":40},"end":{"line":56,"column":55}}]},"9":{"loc":{"start":{"line":20,"column":37},"end":{"line":20,"column":null}},"type":"cond-expr","locations":[{"start":{"line":20,"column":58},"end":{"line":20,"column":null}},{"start":{"line":20,"column":58},"end":{"line":20,"column":null}}]},"10":{"loc":{"start":{"line":20,"column":37},"end":{"line":20,"column":58}},"type":"binary-expr","locations":[{"start":{"line":20,"column":37},"end":{"line":20,"column":null}},{"start":{"line":20,"column":37},"end":{"line":20,"column":58}}]},"11":{"loc":{"start":{"line":20,"column":58},"end":{"line":21,"column":null}},"type":"cond-expr","locations":[{"start":{"line":21,"column":53},"end":{"line":21,"column":null}},{"start":{"line":21,"column":53},"end":{"line":21,"column":null}}]},"12":{"loc":{"start":{"line":20,"column":58},"end":{"line":21,"column":53}},"type":"binary-expr","locations":[{"start":{"line":20,"column":58},"end":{"line":21,"column":null}},{"start":{"line":21,"column":38},"end":{"line":21,"column":53}}]}},"s":{"0":0,"1":0,"2":0,"3":0,"4":0,"5":0,"6":0,"7":0,"8":0,"9":0,"10":0,"11":0,"12":0,"13":0,"14":0,"15":0,"16":0,"17":0,"18":0,"19":0,"20":0,"21":0,"22":0,"23":0,"24":0,"25":0,"26":0,"27":0,"28":0,"29":0,"30":0,"31":0,"32":0,"33":0},"f":{"0":0,"1":0,"2":0,"3":0,"4":0,"5":0,"6":0,"7":0},"b":{"0":[0],"1":[0],"2":[0,0],"3":[0,0],"4":[0,0],"5":[0,0],"6":[0,0],"7":[0,0],"8":[0,0],"9":[0,0],"10":[0,0],"11":[0,0],"12":[0,0]}}
,"/home/jairp/Documents/yail/projects/x-scraper/src/modules/twitter-scraper/dto/get-tweets-by-username.dto.ts": {"path":"/home/jairp/Documents/yail/projects/x-scraper/src/modules/twitter-scraper/dto/get-tweets-by-username.dto.ts","statementMap":{"0":{"start":{"line":1,"column":0},"end":{"line":1,"column":76}},"1":{"start":{"line":2,"column":0},"end":{"line":2,"column":41}},"2":{"start":{"line":15,"column":30},"end":{"line":15,"column":35}},"3":{"start":{"line":20,"column":28},"end":{"line":20,"column":33}},"4":{"start":{"line":25,"column":26},"end":{"line":25,"column":31}},"5":{"start":{"line":4,"column":0},"end":{"line":4,"column":13}},"6":{"start":{"line":10,"column":2},"end":{"line":10,"column":null}},"7":{"start":{"line":6,"column":14},"end":{"line":6,"column":20}},"8":{"start":{"line":15,"column":2},"end":{"line":15,"column":null}},"9":{"start":{"line":13,"column":14},"end":{"line":13,"column":21}},"10":{"start":{"line":20,"column":2},"end":{"line":20,"column":null}},"11":{"start":{"line":18,"column":14},"end":{"line":18,"column":21}},"12":{"start":{"line":25,"column":2},"end":{"line":25,"column":null}},"13":{"start":{"line":23,"column":14},"end":{"line":23,"column":21}}},"fnMap":{"0":{"name":"(anonymous_2)","decl":{"start":{"line":6,"column":8},"end":{"line":6,"column":11}},"loc":{"start":{"line":6,"column":14},"end":{"line":6,"column":20}}},"1":{"name":"(anonymous_3)","decl":{"start":{"line":13,"column":8},"end":{"line":13,"column":11}},"loc":{"start":{"line":13,"column":14},"end":{"line":13,"column":21}}},"2":{"name":"(anonymous_4)","decl":{"start":{"line":18,"column":8},"end":{"line":18,"column":11}},"loc":{"start":{"line":18,"column":14},"end":{"line":18,"column":21}}},"3":{"name":"(anonymous_5)","decl":{"start":{"line":23,"column":8},"end":{"line":23,"column":11}},"loc":{"start":{"line":23,"column":14},"end":{"line":23,"column":21}}}},"branchMap":{},"s":{"0":0,"1":0,"2":0,"3":0,"4":0,"5":0,"6":0,"7":0,"8":0,"9":0,"10":0,"11":0,"12":0,"13":0},"f":{"0":0,"1":0,"2":0,"3":0},"b":{}}
,"/home/jairp/Documents/yail/projects/x-scraper/src/modules/twitter-scraper/dto/login.dto.ts": {"path":"/home/jairp/Documents/yail/projects/x-scraper/src/modules/twitter-scraper/dto/login.dto.ts","statementMap":{"0":{"start":{"line":1,"column":0},"end":{"line":1,"column":55}},"1":{"start":{"line":3,"column":0},"end":{"line":3,"column":13}},"2":{"start":{"line":6,"column":2},"end":{"line":6,"column":null}},"3":{"start":{"line":10,"column":2},"end":{"line":10,"column":null}}},"fnMap":{},"branchMap":{},"s":{"0":0,"1":0,"2":0,"3":0},"f":{},"b":{}}
,"/home/jairp/Documents/yail/projects/x-scraper/src/modules/twitter-scraper/dto/search-tweets.dto.ts": {"path":"/home/jairp/Documents/yail/projects/x-scraper/src/modules/twitter-scraper/dto/search-tweets.dto.ts","statementMap":{"0":{"start":{"line":1,"column":0},"end":{"line":1,"column":null}},"1":{"start":{"line":8,"column":0},"end":{"line":8,"column":41}},"2":{"start":{"line":19,"column":19},"end":{"line":19,"column":21}},"3":{"start":{"line":10,"column":0},"end":{"line":10,"column":13}},"4":{"start":{"line":12,"column":2},"end":{"line":12,"column":null}},"5":{"start":{"line":19,"column":2},"end":{"line":19,"column":null}},"6":{"start":{"line":15,"column":14},"end":{"line":15,"column":20}},"7":{"start":{"line":23,"column":2},"end":{"line":23,"column":null}},"8":{"start":{"line":27,"column":2},"end":{"line":27,"column":null}},"9":{"start":{"line":31,"column":2},"end":{"line":31,"column":null}},"10":{"start":{"line":35,"column":2},"end":{"line":35,"column":null}},"11":{"start":{"line":39,"column":2},"end":{"line":39,"column":null}},"12":{"start":{"line":43,"column":2},"end":{"line":43,"column":null}},"13":{"start":{"line":47,"column":2},"end":{"line":47,"column":null}},"14":{"start":{"line":51,"column":2},"end":{"line":51,"column":null}},"15":{"start":{"line":56,"column":2},"end":{"line":56,"column":null}},"16":{"start":{"line":54,"column":14},"end":{"line":54,"column":20}},"17":{"start":{"line":61,"column":2},"end":{"line":61,"column":null}},"18":{"start":{"line":59,"column":14},"end":{"line":59,"column":20}},"19":{"start":{"line":66,"column":2},"end":{"line":66,"column":null}},"20":{"start":{"line":64,"column":14},"end":{"line":64,"column":20}},"21":{"start":{"line":70,"column":2},"end":{"line":70,"column":null}},"22":{"start":{"line":74,"column":2},"end":{"line":74,"column":null}}},"fnMap":{"0":{"name":"(anonymous_2)","decl":{"start":{"line":15,"column":8},"end":{"line":15,"column":11}},"loc":{"start":{"line":15,"column":14},"end":{"line":15,"column":20}}},"1":{"name":"(anonymous_3)","decl":{"start":{"line":54,"column":8},"end":{"line":54,"column":11}},"loc":{"start":{"line":54,"column":14},"end":{"line":54,"column":20}}},"2":{"name":"(anonymous_4)","decl":{"start":{"line":59,"column":8},"end":{"line":59,"column":11}},"loc":{"start":{"line":59,"column":14},"end":{"line":59,"column":20}}},"3":{"name":"(anonymous_5)","decl":{"start":{"line":64,"column":8},"end":{"line":64,"column":11}},"loc":{"start":{"line":64,"column":14},"end":{"line":64,"column":20}}}},"branchMap":{},"s":{"0":0,"1":0,"2":0,"3":0,"4":0,"5":0,"6":0,"7":0,"8":0,"9":0,"10":0,"11":0,"12":0,"13":0,"14":0,"15":0,"16":0,"17":0,"18":0,"19":0,"20":0,"21":0,"22":0},"f":{"0":0,"1":0,"2":0,"3":0},"b":{}}
,"/home/jairp/Documents/yail/projects/x-scraper/src/modules/twitter-scraper/repositories/tweet.repository.ts": {"path":"/home/jairp/Documents/yail/projects/x-scraper/src/modules/twitter-scraper/repositories/tweet.repository.ts","statementMap":{"0":{"start":{"line":1,"column":0},"end":{"line":1,"column":44}},"1":{"start":{"line":2,"column":0},"end":{"line":2,"column":47}},"2":{"start":{"line":3,"column":0},"end":{"line":3,"column":33}},"3":{"start":{"line":4,"column":0},"end":{"line":4,"column":63}},"4":{"start":{"line":5,"column":0},"end":{"line":5,"column":64}},"5":{"start":{"line":8,"column":7},"end":{"line":103,"column":null}},"6":{"start":{"line":10,"column":37},"end":{"line":10,"column":49}},"7":{"start":{"line":11,"column":37},"end":{"line":11,"column":49}},"8":{"start":{"line":15,"column":18},"end":{"line":15,"column":48}},"9":{"start":{"line":16,"column":4},"end":{"line":16,"column":24}},"10":{"start":{"line":20,"column":4},"end":{"line":20,"column":74}},"11":{"start":{"line":27,"column":17},"end":{"line":27,"column":67}},"12":{"start":{"line":28,"column":4},"end":{"line":28,"column":25}},"13":{"start":{"line":28,"column":15},"end":{"line":28,"column":25}},"14":{"start":{"line":30,"column":4},"end":{"line":36,"column":14}},"15":{"start":{"line":42,"column":4},"end":{"line":48,"column":14}},"16":{"start":{"line":52,"column":23},"end":{"line":60,"column":6}},"17":{"start":{"line":53,"column":6},"end":{"line":59,"column":8}},"18":{"start":{"line":62,"column":19},"end":{"line":62,"column":62}},"19":{"start":{"line":63,"column":4},"end":{"line":63,"column":55}},"20":{"start":{"line":67,"column":19},"end":{"line":67,"column":70}},"21":{"start":{"line":68,"column":4},"end":{"line":68,"column":35}},"22":{"start":{"line":72,"column":24},"end":{"line":72,"column":69}},"23":{"start":{"line":73,"column":24},"end":{"line":73,"column":71}},"24":{"start":{"line":75,"column":25},"end":{"line":82,"column":6}},"25":{"start":{"line":84,"column":24},"end":{"line":94,"column":6}},"26":{"start":{"line":96,"column":4},"end":{"line":101,"column":6}},"27":{"start":{"line":8,"column":13},"end":{"line":8,"column":28}},"28":{"start":{"line":8,"column":13},"end":{"line":103,"column":null}}},"fnMap":{"0":{"name":"(anonymous_4)","decl":{"start":{"line":9,"column":2},"end":{"line":9,"column":null}},"loc":{"start":{"line":11,"column":69},"end":{"line":12,"column":6}}},"1":{"name":"(anonymous_5)","decl":{"start":{"line":14,"column":2},"end":{"line":14,"column":7}},"loc":{"start":{"line":14,"column":40},"end":{"line":17,"column":3}}},"2":{"name":"(anonymous_6)","decl":{"start":{"line":19,"column":2},"end":{"line":19,"column":7}},"loc":{"start":{"line":19,"column":32},"end":{"line":21,"column":3}}},"3":{"name":"(anonymous_7)","decl":{"start":{"line":23,"column":2},"end":{"line":23,"column":7}},"loc":{"start":{"line":25,"column":51},"end":{"line":37,"column":3}}},"4":{"name":"(anonymous_8)","decl":{"start":{"line":39,"column":2},"end":{"line":39,"column":7}},"loc":{"start":{"line":40,"column":51},"end":{"line":49,"column":3}}},"5":{"name":"(anonymous_9)","decl":{"start":{"line":51,"column":2},"end":{"line":51,"column":7}},"loc":{"start":{"line":51,"column":43},"end":{"line":64,"column":3}}},"6":{"name":"(anonymous_10)","decl":{"start":{"line":52,"column":34},"end":{"line":52,"column":35}},"loc":{"start":{"line":52,"column":44},"end":{"line":60,"column":5}}},"7":{"name":"(anonymous_11)","decl":{"start":{"line":66,"column":2},"end":{"line":66,"column":7}},"loc":{"start":{"line":66,"column":30},"end":{"line":69,"column":3}}},"8":{"name":"(anonymous_12)","decl":{"start":{"line":71,"column":2},"end":{"line":71,"column":7}},"loc":{"start":{"line":71,"column":16},"end":{"line":102,"column":3}}}},"branchMap":{"0":{"loc":{"start":{"line":25,"column":4},"end":{"line":25,"column":51}},"type":"default-arg","locations":[{"start":{"line":25,"column":49},"end":{"line":25,"column":51}}]},"1":{"loc":{"start":{"line":28,"column":4},"end":{"line":28,"column":25}},"type":"if","locations":[{"start":{"line":28,"column":4},"end":{"line":28,"column":25}},{"start":{},"end":{}}]},"2":{"loc":{"start":{"line":34,"column":12},"end":{"line":34,"column":29}},"type":"binary-expr","locations":[{"start":{"line":34,"column":12},"end":{"line":34,"column":24}},{"start":{"line":34,"column":28},"end":{"line":34,"column":29}}]},"3":{"loc":{"start":{"line":35,"column":13},"end":{"line":35,"column":32}},"type":"binary-expr","locations":[{"start":{"line":35,"column":13},"end":{"line":35,"column":26}},{"start":{"line":35,"column":30},"end":{"line":35,"column":32}}]},"4":{"loc":{"start":{"line":40,"column":4},"end":{"line":40,"column":51}},"type":"default-arg","locations":[{"start":{"line":40,"column":49},"end":{"line":40,"column":51}}]},"5":{"loc":{"start":{"line":46,"column":12},"end":{"line":46,"column":29}},"type":"binary-expr","locations":[{"start":{"line":46,"column":12},"end":{"line":46,"column":24}},{"start":{"line":46,"column":28},"end":{"line":46,"column":29}}]},"6":{"loc":{"start":{"line":47,"column":13},"end":{"line":47,"column":32}},"type":"binary-expr","locations":[{"start":{"line":47,"column":13},"end":{"line":47,"column":26}},{"start":{"line":47,"column":30},"end":{"line":47,"column":32}}]},"7":{"loc":{"start":{"line":10,"column":49},"end":{"line":10,"column":69}},"type":"cond-expr","locations":[{"start":{"line":10,"column":54},"end":{"line":10,"column":69}},{"start":{"line":10,"column":54},"end":{"line":10,"column":69}}]},"8":{"loc":{"start":{"line":10,"column":49},"end":{"line":10,"column":54}},"type":"binary-expr","locations":[{"start":{"line":10,"column":49},"end":{"line":10,"column":69}},{"start":{"line":10,"column":49},"end":{"line":10,"column":54}}]},"9":{"loc":{"start":{"line":10,"column":54},"end":{"line":11,"column":69}},"type":"cond-expr","locations":[{"start":{"line":11,"column":54},"end":{"line":11,"column":69}},{"start":{"line":11,"column":54},"end":{"line":11,"column":69}}]},"10":{"loc":{"start":{"line":10,"column":54},"end":{"line":11,"column":54}},"type":"binary-expr","locations":[{"start":{"line":10,"column":54},"end":{"line":11,"column":69}},{"start":{"line":11,"column":49},"end":{"line":11,"column":54}}]}},"s":{"0":0,"1":0,"2":0,"3":0,"4":0,"5":0,"6":0,"7":0,"8":0,"9":0,"10":0,"11":0,"12":0,"13":0,"14":0,"15":0,"16":0,"17":0,"18":0,"19":0,"20":0,"21":0,"22":0,"23":0,"24":0,"25":0,"26":0,"27":0,"28":0},"f":{"0":0,"1":0,"2":0,"3":0,"4":0,"5":0,"6":0,"7":0,"8":0},"b":{"0":[0],"1":[0,0],"2":[0,0],"3":[0,0],"4":[0],"5":[0,0],"6":[0,0],"7":[0,0],"8":[0,0],"9":[0,0],"10":[0,0]}}
,"/home/jairp/Documents/yail/projects/x-scraper/src/modules/twitter-scraper/repositories/x-user.repository.ts": {"path":"/home/jairp/Documents/yail/projects/x-scraper/src/modules/twitter-scraper/repositories/x-user.repository.ts","statementMap":{"0":{"start":{"line":1,"column":0},"end":{"line":1,"column":44}},"1":{"start":{"line":2,"column":0},"end":{"line":2,"column":47}},"2":{"start":{"line":3,"column":0},"end":{"line":3,"column":33}},"3":{"start":{"line":4,"column":0},"end":{"line":4,"column":64}},"4":{"start":{"line":7,"column":7},"end":{"line":42,"column":null}},"5":{"start":{"line":10,"column":12},"end":{"line":10,"column":24}},"6":{"start":{"line":14,"column":4},"end":{"line":20,"column":14}},"7":{"start":{"line":24,"column":4},"end":{"line":24,"column":56}},"8":{"start":{"line":30,"column":4},"end":{"line":35,"column":14}},"9":{"start":{"line":39,"column":19},"end":{"line":39,"column":71}},"10":{"start":{"line":40,"column":4},"end":{"line":40,"column":35}},"11":{"start":{"line":7,"column":13},"end":{"line":7,"column":28}},"12":{"start":{"line":7,"column":13},"end":{"line":42,"column":null}}},"fnMap":{"0":{"name":"(anonymous_4)","decl":{"start":{"line":8,"column":2},"end":{"line":8,"column":null}},"loc":{"start":{"line":10,"column":44},"end":{"line":11,"column":6}}},"1":{"name":"(anonymous_5)","decl":{"start":{"line":13,"column":2},"end":{"line":13,"column":7}},"loc":{"start":{"line":13,"column":39},"end":{"line":21,"column":3}}},"2":{"name":"(anonymous_6)","decl":{"start":{"line":23,"column":2},"end":{"line":23,"column":7}},"loc":{"start":{"line":23,"column":39},"end":{"line":25,"column":3}}},"3":{"name":"(anonymous_7)","decl":{"start":{"line":27,"column":2},"end":{"line":27,"column":7}},"loc":{"start":{"line":28,"column":51},"end":{"line":36,"column":3}}},"4":{"name":"(anonymous_8)","decl":{"start":{"line":38,"column":2},"end":{"line":38,"column":7}},"loc":{"start":{"line":38,"column":31},"end":{"line":41,"column":3}}}},"branchMap":{"0":{"loc":{"start":{"line":28,"column":4},"end":{"line":28,"column":51}},"type":"default-arg","locations":[{"start":{"line":28,"column":49},"end":{"line":28,"column":51}}]},"1":{"loc":{"start":{"line":33,"column":12},"end":{"line":33,"column":29}},"type":"binary-expr","locations":[{"start":{"line":33,"column":12},"end":{"line":33,"column":24}},{"start":{"line":33,"column":28},"end":{"line":33,"column":29}}]},"2":{"loc":{"start":{"line":34,"column":13},"end":{"line":34,"column":32}},"type":"binary-expr","locations":[{"start":{"line":34,"column":13},"end":{"line":34,"column":26}},{"start":{"line":34,"column":30},"end":{"line":34,"column":32}}]},"3":{"loc":{"start":{"line":10,"column":24},"end":{"line":10,"column":44}},"type":"cond-expr","locations":[{"start":{"line":10,"column":29},"end":{"line":10,"column":44}},{"start":{"line":10,"column":29},"end":{"line":10,"column":44}}]},"4":{"loc":{"start":{"line":10,"column":24},"end":{"line":10,"column":29}},"type":"binary-expr","locations":[{"start":{"line":10,"column":24},"end":{"line":10,"column":44}},{"start":{"line":10,"column":24},"end":{"line":10,"column":29}}]}},"s":{"0":0,"1":0,"2":0,"3":0,"4":0,"5":0,"6":0,"7":0,"8":0,"9":0,"10":0,"11":0,"12":0},"f":{"0":0,"1":0,"2":0,"3":0,"4":0},"b":{"0":[0],"1":[0,0],"2":[0,0],"3":[0,0],"4":[0,0]}}
,"/home/jairp/Documents/yail/projects/x-scraper/src/modules/twitter-scraper/schemas/tweet.schema.ts": {"path":"/home/jairp/Documents/yail/projects/x-scraper/src/modules/twitter-scraper/schemas/tweet.schema.ts","statementMap":{"0":{"start":{"line":1,"column":0},"end":{"line":1,"column":63}},"1":{"start":{"line":2,"column":0},"end":{"line":2,"column":62}},"2":{"start":{"line":3,"column":0},"end":{"line":3,"column":40}},"3":{"start":{"line":8,"column":7},"end":{"line":23,"column":null}},"4":{"start":{"line":8,"column":13},"end":{"line":8,"column":25}},"5":{"start":{"line":10,"column":2},"end":{"line":10,"column":null}},"6":{"start":{"line":13,"column":2},"end":{"line":13,"column":null}},"7":{"start":{"line":16,"column":2},"end":{"line":16,"column":null}},"8":{"start":{"line":19,"column":2},"end":{"line":19,"column":null}},"9":{"start":{"line":22,"column":2},"end":{"line":22,"column":null}},"10":{"start":{"line":8,"column":13},"end":{"line":23,"column":null}},"11":{"start":{"line":26,"column":7},"end":{"line":35,"column":null}},"12":{"start":{"line":26,"column":13},"end":{"line":26,"column":23}},"13":{"start":{"line":28,"column":2},"end":{"line":28,"column":null}},"14":{"start":{"line":31,"column":2},"end":{"line":31,"column":null}},"15":{"start":{"line":34,"column":2},"end":{"line":34,"column":null}},"16":{"start":{"line":26,"column":13},"end":{"line":35,"column":null}},"17":{"start":{"line":38,"column":7},"end":{"line":93,"column":null}},"18":{"start":{"line":38,"column":13},"end":{"line":38,"column":18}},"19":{"start":{"line":40,"column":2},"end":{"line":40,"column":null}},"20":{"start":{"line":43,"column":2},"end":{"line":43,"column":null}},"21":{"start":{"line":46,"column":2},"end":{"line":46,"column":null}},"22":{"start":{"line":49,"column":2},"end":{"line":49,"column":null}},"23":{"start":{"line":52,"column":2},"end":{"line":52,"column":null}},"24":{"start":{"line":55,"column":2},"end":{"line":55,"column":null}},"25":{"start":{"line":58,"column":2},"end":{"line":58,"column":null}},"26":{"start":{"line":61,"column":2},"end":{"line":61,"column":null}},"27":{"start":{"line":64,"column":2},"end":{"line":64,"column":null}},"28":{"start":{"line":67,"column":2},"end":{"line":67,"column":null}},"29":{"start":{"line":74,"column":2},"end":{"line":74,"column":null}},"30":{"start":{"line":77,"column":2},"end":{"line":77,"column":null}},"31":{"start":{"line":80,"column":2},"end":{"line":80,"column":null}},"32":{"start":{"line":83,"column":2},"end":{"line":83,"column":null}},"33":{"start":{"line":86,"column":2},"end":{"line":86,"column":null}},"34":{"start":{"line":89,"column":2},"end":{"line":89,"column":null}},"35":{"start":{"line":92,"column":2},"end":{"line":92,"column":null}},"36":{"start":{"line":38,"column":13},"end":{"line":93,"column":null}},"37":{"start":{"line":95,"column":13},"end":{"line":95,"column":63}},"38":{"start":{"line":98,"column":0},"end":{"line":98,"column":53}},"39":{"start":{"line":99,"column":0},"end":{"line":99,"column":55}},"40":{"start":{"line":100,"column":0},"end":{"line":100,"column":56}}},"fnMap":{},"branchMap":{"0":{"loc":{"start":{"line":46,"column":10},"end":{"line":46,"column":16}},"type":"cond-expr","locations":[{"start":{"line":46,"column":15},"end":{"line":46,"column":16}},{"start":{"line":46,"column":15},"end":{"line":46,"column":16}}]},"1":{"loc":{"start":{"line":46,"column":10},"end":{"line":46,"column":15}},"type":"binary-expr","locations":[{"start":{"line":46,"column":10},"end":{"line":46,"column":16}},{"start":{"line":46,"column":10},"end":{"line":46,"column":15}}]},"2":{"loc":{"start":{"line":49,"column":18},"end":{"line":49,"column":23}},"type":"cond-expr","locations":[{"start":{"line":49,"column":22},"end":{"line":49,"column":23}},{"start":{"line":49,"column":22},"end":{"line":49,"column":23}}]},"3":{"loc":{"start":{"line":49,"column":18},"end":{"line":49,"column":22}},"type":"binary-expr","locations":[{"start":{"line":49,"column":18},"end":{"line":49,"column":23}},{"start":{"line":49,"column":18},"end":{"line":49,"column":22}}]}},"s":{"0":0,"1":0,"2":0,"3":0,"4":0,"5":0,"6":0,"7":0,"8":0,"9":0,"10":0,"11":0,"12":0,"13":0,"14":0,"15":0,"16":0,"17":0,"18":0,"19":0,"20":0,"21":0,"22":0,"23":0,"24":0,"25":0,"26":0,"27":0,"28":0,"29":0,"30":0,"31":0,"32":0,"33":0,"34":0,"35":0,"36":0,"37":0,"38":0,"39":0,"40":0},"f":{},"b":{"0":[0,0],"1":[0,0],"2":[0,0],"3":[0,0]}}
,"/home/jairp/Documents/yail/projects/x-scraper/src/modules/twitter-scraper/schemas/x-user.schema.ts": {"path":"/home/jairp/Documents/yail/projects/x-scraper/src/modules/twitter-scraper/schemas/x-user.schema.ts","statementMap":{"0":{"start":{"line":1,"column":0},"end":{"line":1,"column":63}},"1":{"start":{"line":7,"column":7},"end":{"line":43,"column":null}},"2":{"start":{"line":7,"column":13},"end":{"line":7,"column":18}},"3":{"start":{"line":9,"column":2},"end":{"line":9,"column":null}},"4":{"start":{"line":12,"column":2},"end":{"line":12,"column":null}},"5":{"start":{"line":15,"column":2},"end":{"line":15,"column":null}},"6":{"start":{"line":18,"column":2},"end":{"line":18,"column":null}},"7":{"start":{"line":21,"column":2},"end":{"line":21,"column":null}},"8":{"start":{"line":24,"column":2},"end":{"line":24,"column":null}},"9":{"start":{"line":27,"column":2},"end":{"line":27,"column":null}},"10":{"start":{"line":30,"column":2},"end":{"line":30,"column":null}},"11":{"start":{"line":33,"column":2},"end":{"line":33,"column":null}},"12":{"start":{"line":36,"column":2},"end":{"line":36,"column":null}},"13":{"start":{"line":39,"column":2},"end":{"line":39,"column":null}},"14":{"start":{"line":42,"column":2},"end":{"line":42,"column":null}},"15":{"start":{"line":7,"column":13},"end":{"line":43,"column":null}},"16":{"start":{"line":45,"column":13},"end":{"line":45,"column":63}}},"fnMap":{},"branchMap":{},"s":{"0":0,"1":0,"2":0,"3":0,"4":0,"5":0,"6":0,"7":0,"8":0,"9":0,"10":0,"11":0,"12":0,"13":0,"14":0,"15":0,"16":0},"f":{},"b":{}}
,"/home/jairp/Documents/yail/projects/x-scraper/src/modules/twitter-scraper/services/playwright-browser.service.ts": {"path":"/home/jairp/Documents/yail/projects/x-scraper/src/modules/twitter-scraper/services/playwright-browser.service.ts","statementMap":{"0":{"start":{"line":1,"column":0},"end":{"line":1,"column":69}},"1":{"start":{"line":2,"column":0},"end":{"line":2,"column":47}},"2":{"start":{"line":3,"column":0},"end":{"line":3,"column":82}},"3":{"start":{"line":4,"column":0},"end":{"line":4,"column":56}},"4":{"start":{"line":6,"column":0},"end":{"line":6,"column":9}},"5":{"start":{"line":14,"column":9},"end":{"line":6,"column":22}},"6":{"start":{"line":14,"column":22},"end":{"line":6,"column":38}},"7":{"start":{"line":14,"column":38},"end":{"line":6,"column":90}},"8":{"start":{"line":7,"column":0},"end":{"line":7,"column":69}},"9":{"start":{"line":10,"column":0},"end":{"line":10,"column":34}},"10":{"start":{"line":38,"column":37},"end":{"line":431,"column":null}},"11":{"start":{"line":39,"column":28},"end":{"line":39,"column":69}},"12":{"start":{"line":40,"column":43},"end":{"line":40,"column":47}},"13":{"start":{"line":41,"column":30},"end":{"line":41,"column":34}},"14":{"start":{"line":42,"column":28},"end":{"line":42,"column":33}},"15":{"start":{"line":45,"column":59},"end":{"line":45,"column":63}},"16":{"start":{"line":47,"column":22},"end":{"line":47,"column":37}},"17":{"start":{"line":48,"column":4},"end":{"line":51,"column":6}},"18":{"start":{"line":52,"column":4},"end":{"line":52,"column":71}},"19":{"start":{"line":56,"column":4},"end":{"line":59,"column":5}},"20":{"start":{"line":57,"column":6},"end":{"line":57,"column":61}},"21":{"start":{"line":58,"column":6},"end":{"line":58,"column":26}},"22":{"start":{"line":61,"column":4},"end":{"line":63,"column":6}},"23":{"start":{"line":65,"column":21},"end":{"line":67,"column":null}},"24":{"start":{"line":69,"column":19},"end":{"line":69,"column":76}},"25":{"start":{"line":71,"column":4},"end":{"line":118,"column":5}},"26":{"start":{"line":72,"column":6},"end":{"line":72,"column":60}},"27":{"start":{"line":73,"column":26},"end":{"line":73,"column":80}},"28":{"start":{"line":76,"column":6},"end":{"line":80,"column":7}},"29":{"start":{"line":77,"column":8},"end":{"line":77,"column":79}},"30":{"start":{"line":79,"column":8},"end":{"line":79,"column":80}},"31":{"start":{"line":83,"column":23},"end":{"line":83,"column":62}},"32":{"start":{"line":84,"column":6},"end":{"line":87,"column":8}},"33":{"start":{"line":89,"column":6},"end":{"line":91,"column":8}},"34":{"start":{"line":94,"column":6},"end":{"line":98,"column":7}},"35":{"start":{"line":95,"column":8},"end":{"line":95,"column":44}},"36":{"start":{"line":97,"column":8},"end":{"line":97,"column":49}},"37":{"start":{"line":101,"column":22},"end":{"line":103,"column":null}},"38":{"start":{"line":105,"column":6},"end":{"line":105,"column":43}},"39":{"start":{"line":108,"column":23},"end":{"line":108,"column":51}},"40":{"start":{"line":109,"column":6},"end":{"line":111,"column":7}},"41":{"start":{"line":110,"column":8},"end":{"line":110,"column":75}},"42":{"start":{"line":113,"column":6},"end":{"line":113,"column":58}},"43":{"start":{"line":114,"column":6},"end":{"line":114,"column":26}},"44":{"start":{"line":116,"column":6},"end":{"line":116,"column":63}},"45":{"start":{"line":117,"column":6},"end":{"line":117,"column":18}},"46":{"start":{"line":129,"column":4},"end":{"line":129,"column":90}},"47":{"start":{"line":131,"column":4},"end":{"line":184,"column":6}},"48":{"start":{"line":195,"column":4},"end":{"line":195,"column":84}},"49":{"start":{"line":197,"column":17},"end":{"line":211,"column":6}},"50":{"start":{"line":213,"column":4},"end":{"line":236,"column":6}},"51":{"start":{"line":259,"column":6},"end":{"line":260,"column":63}},"52":{"start":{"line":262,"column":6},"end":{"line":263,"column":60}},"53":{"start":{"line":265,"column":6},"end":{"line":267,"column":15}},"54":{"start":{"line":270,"column":37},"end":{"line":270,"column":74}},"55":{"start":{"line":273,"column":6},"end":{"line":274,"column":67}},"56":{"start":{"line":276,"column":6},"end":{"line":277,"column":63}},"57":{"start":{"line":279,"column":4},"end":{"line":281,"column":6}},"58":{"start":{"line":286,"column":4},"end":{"line":308,"column":5}},"59":{"start":{"line":287,"column":27},"end":{"line":287,"column":68}},"60":{"start":{"line":288,"column":6},"end":{"line":292,"column":8}},"61":{"start":{"line":299,"column":8},"end":{"line":302,"column":62}},"62":{"start":{"line":304,"column":6},"end":{"line":307,"column":8}},"63":{"start":{"line":311,"column":78},"end":{"line":335,"column":6}},"64":{"start":{"line":325,"column":12},"end":{"line":327,"column":13}},"65":{"start":{"line":326,"column":14},"end":{"line":326,"column":48}},"66":{"start":{"line":337,"column":4},"end":{"line":337,"column":48}},"67":{"start":{"line":341,"column":4},"end":{"line":343,"column":5}},"68":{"start":{"line":342,"column":6},"end":{"line":342,"column":46}},"69":{"start":{"line":344,"column":4},"end":{"line":346,"column":5}},"70":{"start":{"line":345,"column":6},"end":{"line":345,"column":49}},"71":{"start":{"line":347,"column":4},"end":{"line":347,"column":24}},"72":{"start":{"line":348,"column":4},"end":{"line":348,"column":21}},"73":{"start":{"line":349,"column":4},"end":{"line":349,"column":31}},"74":{"start":{"line":350,"column":4},"end":{"line":350,"column":33}},"75":{"start":{"line":351,"column":4},"end":{"line":351,"column":38}},"76":{"start":{"line":355,"column":4},"end":{"line":357,"column":5}},"77":{"start":{"line":356,"column":6},"end":{"line":356,"column":76}},"78":{"start":{"line":358,"column":4},"end":{"line":358,"column":21}},"79":{"start":{"line":366,"column":4},"end":{"line":366,"column":31}},"80":{"start":{"line":370,"column":4},"end":{"line":372,"column":5}},"81":{"start":{"line":371,"column":6},"end":{"line":371,"column":19}},"82":{"start":{"line":374,"column":4},"end":{"line":402,"column":5}},"83":{"start":{"line":375,"column":6},"end":{"line":375,"column":54}},"84":{"start":{"line":376,"column":18},"end":{"line":376,"column":33}},"85":{"start":{"line":377,"column":6},"end":{"line":387,"column":7}},"86":{"start":{"line":385,"column":8},"end":{"line":385,"column":36}},"87":{"start":{"line":386,"column":8},"end":{"line":386,"column":20}},"88":{"start":{"line":389,"column":22},"end":{"line":389,"column":66}},"89":{"start":{"line":390,"column":25},"end":{"line":390,"column":70}},"90":{"start":{"line":390,"column":46},"end":{"line":390,"column":69}},"91":{"start":{"line":392,"column":6},"end":{"line":396,"column":7}},"92":{"start":{"line":393,"column":8},"end":{"line":393,"column":77}},"93":{"start":{"line":394,"column":8},"end":{"line":394,"column":36}},"94":{"start":{"line":395,"column":8},"end":{"line":395,"column":20}},"95":{"start":{"line":398,"column":6},"end":{"line":398,"column":19}},"96":{"start":{"line":400,"column":6},"end":{"line":400,"column":64}},"97":{"start":{"line":401,"column":6},"end":{"line":401,"column":19}},"98":{"start":{"line":406,"column":4},"end":{"line":408,"column":5}},"99":{"start":{"line":407,"column":6},"end":{"line":407,"column":49}},"100":{"start":{"line":409,"column":27},"end":{"line":409,"column":68}},"101":{"start":{"line":410,"column":4},"end":{"line":410,"column":57}},"102":{"start":{"line":411,"column":4},"end":{"line":411,"column":73}},"103":{"start":{"line":412,"column":4},"end":{"line":412,"column":59}},"104":{"start":{"line":413,"column":4},"end":{"line":413,"column":26}},"105":{"start":{"line":417,"column":4},"end":{"line":417,"column":33}},"106":{"start":{"line":421,"column":4},"end":{"line":421,"column":32}},"107":{"start":{"line":425,"column":4},"end":{"line":425,"column":30}},"108":{"start":{"line":429,"column":4},"end":{"line":429,"column":30}},"109":{"start":{"line":38,"column":13},"end":{"line":38,"column":37}},"110":{"start":{"line":38,"column":13},"end":{"line":431,"column":null}}},"fnMap":{"0":{"name":"(anonymous_11)","decl":{"start":{"line":14,"column":9},"end":{"line":14,"column":20}},"loc":{"start":{"line":14,"column":9},"end":{"line":6,"column":22}}},"1":{"name":"(anonymous_12)","decl":{"start":{"line":14,"column":22},"end":{"line":14,"column":36}},"loc":{"start":{"line":14,"column":22},"end":{"line":6,"column":38}}},"2":{"name":"(anonymous_13)","decl":{"start":{"line":14,"column":38},"end":{"line":14,"column":58}},"loc":{"start":{"line":14,"column":38},"end":{"line":6,"column":90}}},"3":{"name":"(anonymous_14)","decl":{"start":{"line":47,"column":2},"end":{"line":47,"column":22}},"loc":{"start":{"line":47,"column":50},"end":{"line":53,"column":3}}},"4":{"name":"(anonymous_15)","decl":{"start":{"line":55,"column":2},"end":{"line":55,"column":7}},"loc":{"start":{"line":55,"column":19},"end":{"line":119,"column":3}}},"5":{"name":"(anonymous_16)","decl":{"start":{"line":125,"column":10},"end":{"line":125,"column":35}},"loc":{"start":{"line":127,"column":18},"end":{"line":185,"column":3}}},"6":{"name":"(anonymous_17)","decl":{"start":{"line":191,"column":10},"end":{"line":191,"column":36}},"loc":{"start":{"line":193,"column":18},"end":{"line":237,"column":3}}},"7":{"name":"(anonymous_18)","decl":{"start":{"line":249,"column":2},"end":{"line":249,"column":7}},"loc":{"start":{"line":255,"column":32},"end":{"line":338,"column":3}}},"8":{"name":"(anonymous_19)","decl":{"start":{"line":324,"column":10},"end":{"line":324,"column":15}},"loc":{"start":{"line":324,"column":55},"end":{"line":328,"column":11}}},"9":{"name":"(anonymous_20)","decl":{"start":{"line":340,"column":2},"end":{"line":340,"column":7}},"loc":{"start":{"line":340,"column":20},"end":{"line":352,"column":3}}},"10":{"name":"(anonymous_21)","decl":{"start":{"line":342,"column":36},"end":{"line":342,"column":39}},"loc":{"start":{"line":342,"column":41},"end":{"line":342,"column":44}}},"11":{"name":"(anonymous_22)","decl":{"start":{"line":345,"column":39},"end":{"line":345,"column":42}},"loc":{"start":{"line":345,"column":44},"end":{"line":345,"column":47}}},"12":{"name":"(anonymous_23)","decl":{"start":{"line":354,"column":2},"end":{"line":354,"column":9}},"loc":{"start":{"line":354,"column":9},"end":{"line":359,"column":3}}},"13":{"name":"(anonymous_24)","decl":{"start":{"line":365,"column":2},"end":{"line":365,"column":18}},"loc":{"start":{"line":365,"column":18},"end":{"line":367,"column":3}}},"14":{"name":"(anonymous_25)","decl":{"start":{"line":369,"column":2},"end":{"line":369,"column":7}},"loc":{"start":{"line":369,"column":23},"end":{"line":403,"column":3}}},"15":{"name":"(anonymous_26)","decl":{"start":{"line":390,"column":39},"end":{"line":390,"column":40}},"loc":{"start":{"line":390,"column":46},"end":{"line":390,"column":69}}},"16":{"name":"(anonymous_27)","decl":{"start":{"line":405,"column":2},"end":{"line":405,"column":7}},"loc":{"start":{"line":405,"column":35},"end":{"line":414,"column":3}}},"17":{"name":"(anonymous_28)","decl":{"start":{"line":416,"column":2},"end":{"line":416,"column":18}},"loc":{"start":{"line":416,"column":33},"end":{"line":418,"column":3}}},"18":{"name":"(anonymous_29)","decl":{"start":{"line":420,"column":2},"end":{"line":420,"column":20}},"loc":{"start":{"line":420,"column":20},"end":{"line":422,"column":3}}},"19":{"name":"(anonymous_30)","decl":{"start":{"line":424,"column":2},"end":{"line":424,"column":18}},"loc":{"start":{"line":424,"column":18},"end":{"line":426,"column":3}}},"20":{"name":"(anonymous_31)","decl":{"start":{"line":428,"column":2},"end":{"line":428,"column":7}},"loc":{"start":{"line":428,"column":23},"end":{"line":430,"column":3}}}},"branchMap":{"0":{"loc":{"start":{"line":56,"column":4},"end":{"line":59,"column":5}},"type":"if","locations":[{"start":{"line":56,"column":4},"end":{"line":59,"column":5}},{"start":{},"end":{}}]},"1":{"loc":{"start":{"line":76,"column":6},"end":{"line":80,"column":7}},"type":"if","locations":[{"start":{"line":76,"column":6},"end":{"line":80,"column":7}},{"start":{"line":78,"column":13},"end":{"line":80,"column":7}}]},"2":{"loc":{"start":{"line":76,"column":10},"end":{"line":76,"column":57}},"type":"binary-expr","locations":[{"start":{"line":76,"column":10},"end":{"line":76,"column":42}},{"start":{"line":76,"column":46},"end":{"line":76,"column":57}}]},"3":{"loc":{"start":{"line":83,"column":23},"end":{"line":83,"column":62}},"type":"binary-expr","locations":[{"start":{"line":83,"column":23},"end":{"line":83,"column":51}},{"start":{"line":83,"column":55},"end":{"line":83,"column":62}}]},"4":{"loc":{"start":{"line":85,"column":8},"end":{"line":85,"column":59}},"type":"binary-expr","locations":[{"start":{"line":85,"column":8},"end":{"line":85,"column":39}},{"start":{"line":85,"column":43},"end":{"line":85,"column":59}}]},"5":{"loc":{"start":{"line":86,"column":8},"end":{"line":86,"column":47}},"type":"binary-expr","locations":[{"start":{"line":86,"column":8},"end":{"line":86,"column":41}},{"start":{"line":86,"column":45},"end":{"line":86,"column":47}}]},"6":{"loc":{"start":{"line":94,"column":6},"end":{"line":98,"column":7}},"type":"if","locations":[{"start":{"line":94,"column":6},"end":{"line":98,"column":7}},{"start":{"line":96,"column":13},"end":{"line":98,"column":7}}]},"7":{"loc":{"start":{"line":109,"column":6},"end":{"line":111,"column":7}},"type":"if","locations":[{"start":{"line":109,"column":6},"end":{"line":111,"column":7}},{"start":{},"end":{}}]},"8":{"loc":{"start":{"line":255,"column":4},"end":{"line":255,"column":32}},"type":"default-arg","locations":[{"start":{"line":255,"column":30},"end":{"line":255,"column":32}}]},"9":{"loc":{"start":{"line":259,"column":6},"end":{"line":260,"column":63}},"type":"binary-expr","locations":[{"start":{"line":259,"column":6},"end":{"line":259,"column":29}},{"start":{"line":260,"column":6},"end":{"line":260,"column":63}}]},"10":{"loc":{"start":{"line":262,"column":6},"end":{"line":263,"column":60}},"type":"binary-expr","locations":[{"start":{"line":262,"column":6},"end":{"line":262,"column":25}},{"start":{"line":263,"column":6},"end":{"line":263,"column":60}}]},"11":{"loc":{"start":{"line":265,"column":6},"end":{"line":267,"column":15}},"type":"binary-expr","locations":[{"start":{"line":265,"column":6},"end":{"line":265,"column":22}},{"start":{"line":266,"column":6},"end":{"line":266,"column":53}},{"start":{"line":267,"column":6},"end":{"line":267,"column":15}}]},"12":{"loc":{"start":{"line":270,"column":37},"end":{"line":270,"column":74}},"type":"cond-expr","locations":[{"start":{"line":270,"column":51},"end":{"line":270,"column":56}},{"start":{"line":270,"column":59},"end":{"line":270,"column":74}}]},"13":{"loc":{"start":{"line":273,"column":6},"end":{"line":274,"column":67}},"type":"binary-expr","locations":[{"start":{"line":273,"column":6},"end":{"line":273,"column":22}},{"start":{"line":274,"column":6},"end":{"line":274,"column":67}}]},"14":{"loc":{"start":{"line":276,"column":6},"end":{"line":277,"column":63}},"type":"binary-expr","locations":[{"start":{"line":276,"column":6},"end":{"line":276,"column":20}},{"start":{"line":277,"column":6},"end":{"line":277,"column":63}}]},"15":{"loc":{"start":{"line":280,"column":104},"end":{"line":280,"column":122}},"type":"binary-expr","locations":[{"start":{"line":280,"column":104},"end":{"line":280,"column":112}},{"start":{"line":280,"column":116},"end":{"line":280,"column":122}}]},"16":{"loc":{"start":{"line":286,"column":4},"end":{"line":308,"column":5}},"type":"if","locations":[{"start":{"line":286,"column":4},"end":{"line":308,"column":5}},{"start":{"line":293,"column":11},"end":{"line":308,"column":5}}]},"17":{"loc":{"start":{"line":291,"column":12},"end":{"line":291,"column":36}},"type":"binary-expr","locations":[{"start":{"line":291,"column":12},"end":{"line":291,"column":20}},{"start":{"line":291,"column":24},"end":{"line":291,"column":36}}]},"18":{"loc":{"start":{"line":299,"column":8},"end":{"line":302,"column":62}},"type":"binary-expr","locations":[{"start":{"line":299,"column":8},"end":{"line":299,"column":27}},{"start":{"line":300,"column":9},"end":{"line":302,"column":61}}]},"19":{"loc":{"start":{"line":300,"column":9},"end":{"line":302,"column":61}},"type":"cond-expr","locations":[{"start":{"line":301,"column":12},"end":{"line":301,"column":60}},{"start":{"line":302,"column":12},"end":{"line":302,"column":61}}]},"20":{"loc":{"start":{"line":306,"column":12},"end":{"line":306,"column":36}},"type":"binary-expr","locations":[{"start":{"line":306,"column":12},"end":{"line":306,"column":20}},{"start":{"line":306,"column":24},"end":{"line":306,"column":36}}]},"21":{"loc":{"start":{"line":316,"column":12},"end":{"line":319,"column":12}},"type":"binary-expr","locations":[{"start":{"line":316,"column":12},"end":{"line":316,"column":36}},{"start":{"line":317,"column":10},"end":{"line":317,"column":36}},{"start":{"line":317,"column":40},"end":{"line":319,"column":12}}]},"22":{"loc":{"start":{"line":322,"column":10},"end":{"line":330,"column":8}},"type":"binary-expr","locations":[{"start":{"line":322,"column":10},"end":{"line":322,"column":21}},{"start":{"line":322,"column":25},"end":{"line":330,"column":8}}]},"23":{"loc":{"start":{"line":325,"column":12},"end":{"line":327,"column":13}},"type":"if","locations":[{"start":{"line":325,"column":12},"end":{"line":327,"column":13}},{"start":{},"end":{}}]},"24":{"loc":{"start":{"line":341,"column":4},"end":{"line":343,"column":5}},"type":"if","locations":[{"start":{"line":341,"column":4},"end":{"line":343,"column":5}},{"start":{},"end":{}}]},"25":{"loc":{"start":{"line":344,"column":4},"end":{"line":346,"column":5}},"type":"if","locations":[{"start":{"line":344,"column":4},"end":{"line":346,"column":5}},{"start":{},"end":{}}]},"26":{"loc":{"start":{"line":355,"column":4},"end":{"line":357,"column":5}},"type":"if","locations":[{"start":{"line":355,"column":4},"end":{"line":357,"column":5}},{"start":{},"end":{}}]},"27":{"loc":{"start":{"line":370,"column":4},"end":{"line":372,"column":5}},"type":"if","locations":[{"start":{"line":370,"column":4},"end":{"line":372,"column":5}},{"start":{},"end":{}}]},"28":{"loc":{"start":{"line":377,"column":6},"end":{"line":387,"column":7}},"type":"if","locations":[{"start":{"line":377,"column":6},"end":{"line":387,"column":7}},{"start":{},"end":{}}]},"29":{"loc":{"start":{"line":378,"column":8},"end":{"line":383,"column":42}},"type":"binary-expr","locations":[{"start":{"line":378,"column":8},"end":{"line":378,"column":34}},{"start":{"line":379,"column":8},"end":{"line":379,"column":40}},{"start":{"line":380,"column":8},"end":{"line":380,"column":37}},{"start":{"line":381,"column":8},"end":{"line":381,"column":43}},{"start":{"line":382,"column":8},"end":{"line":382,"column":36}},{"start":{"line":383,"column":8},"end":{"line":383,"column":42}}]},"30":{"loc":{"start":{"line":392,"column":6},"end":{"line":396,"column":7}},"type":"if","locations":[{"start":{"line":392,"column":6},"end":{"line":396,"column":7}},{"start":{},"end":{}}]},"31":{"loc":{"start":{"line":406,"column":4},"end":{"line":408,"column":5}},"type":"if","locations":[{"start":{"line":406,"column":4},"end":{"line":408,"column":5}},{"start":{},"end":{}}]},"32":{"loc":{"start":{"line":47,"column":37},"end":{"line":47,"column":null}},"type":"cond-expr","locations":[{"start":{"line":47,"column":50},"end":{"line":47,"column":null}},{"start":{"line":47,"column":50},"end":{"line":47,"column":null}}]},"33":{"loc":{"start":{"line":47,"column":37},"end":{"line":47,"column":50}},"type":"binary-expr","locations":[{"start":{"line":47,"column":37},"end":{"line":47,"column":null}},{"start":{"line":47,"column":37},"end":{"line":47,"column":50}}]}},"s":{"0":0,"1":0,"2":0,"3":0,"4":0,"5":0,"6":0,"7":0,"8":0,"9":0,"10":0,"11":0,"12":0,"13":0,"14":0,"15":0,"16":0,"17":0,"18":0,"19":0,"20":0,"21":0,"22":0,"23":0,"24":0,"25":0,"26":0,"27":0,"28":0,"29":0,"30":0,"31":0,"32":0,"33":0,"34":0,"35":0,"36":0,"37":0,"38":0,"39":0,"40":0,"41":0,"42":0,"43":0,"44":0,"45":0,"46":0,"47":0,"48":0,"49":0,"50":0,"51":0,"52":0,"53":0,"54":0,"55":0,"56":0,"57":0,"58":0,"59":0,"60":0,"61":0,"62":0,"63":0,"64":0,"65":0,"66":0,"67":0,"68":0,"69":0,"70":0,"71":0,"72":0,"73":0,"74":0,"75":0,"76":0,"77":0,"78":0,"79":0,"80":0,"81":0,"82":0,"83":0,"84":0,"85":0,"86":0,"87":0,"88":0,"89":0,"90":0,"91":0,"92":0,"93":0,"94":0,"95":0,"96":0,"97":0,"98":0,"99":0,"100":0,"101":0,"102":0,"103":0,"104":0,"105":0,"106":0,"107":0,"108":0,"109":0,"110":0},"f":{"0":0,"1":0,"2":0,"3":0,"4":0,"5":0,"6":0,"7":0,"8":0,"9":0,"10":0,"11":0,"12":0,"13":0,"14":0,"15":0,"16":0,"17":0,"18":0,"19":0,"20":0},"b":{"0":[0,0],"1":[0,0],"2":[0,0],"3":[0,0],"4":[0,0],"5":[0,0],"6":[0,0],"7":[0,0],"8":[0],"9":[0,0],"10":[0,0],"11":[0,0,0],"12":[0,0],"13":[0,0],"14":[0,0],"15":[0,0],"16":[0,0],"17":[0,0],"18":[0,0],"19":[0,0],"20":[0,0],"21":[0,0,0],"22":[0,0],"23":[0,0],"24":[0,0],"25":[0,0],"26":[0,0],"27":[0,0],"28":[0,0],"29":[0,0,0,0,0,0],"30":[0,0],"31":[0,0],"32":[0,0],"33":[0,0]}}
,"/home/jairp/Documents/yail/projects/x-scraper/src/modules/twitter-scraper/services/twitter-scraper.service.ts": {"path":"/home/jairp/Documents/yail/projects/x-scraper/src/modules/twitter-scraper/services/twitter-scraper.service.ts","statementMap":{"0":{"start":{"line":1,"column":0},"end":{"line":1,"column":66}},"1":{"start":{"line":2,"column":0},"end":{"line":2,"column":47}},"2":{"start":{"line":3,"column":0},"end":{"line":3,"column":72}},"3":{"start":{"line":4,"column":0},"end":{"line":4,"column":67}},"4":{"start":{"line":5,"column":0},"end":{"line":5,"column":68}},"5":{"start":{"line":6,"column":0},"end":{"line":6,"column":77}},"6":{"start":{"line":11,"column":34},"end":{"line":789,"column":null}},"7":{"start":{"line":12,"column":28},"end":{"line":12,"column":66}},"8":{"start":{"line":16,"column":12},"end":{"line":16,"column":28}},"9":{"start":{"line":17,"column":12},"end":{"line":17,"column":29}},"10":{"start":{"line":18,"column":12},"end":{"line":18,"column":29}},"11":{"start":{"line":19,"column":12},"end":{"line":19,"column":27}},"12":{"start":{"line":23,"column":4},"end":{"line":23,"column":44}},"13":{"start":{"line":27,"column":17},"end":{"line":27,"column":46}},"14":{"start":{"line":30,"column":6},"end":{"line":30,"column":68}},"15":{"start":{"line":32,"column":6},"end":{"line":32,"column":68}},"16":{"start":{"line":34,"column":4},"end":{"line":36,"column":5}},"17":{"start":{"line":35,"column":6},"end":{"line":35,"column":58}},"18":{"start":{"line":38,"column":4},"end":{"line":66,"column":5}},"19":{"start":{"line":39,"column":6},"end":{"line":39,"column":59}},"20":{"start":{"line":41,"column":6},"end":{"line":41,"column":52}},"21":{"start":{"line":43,"column":30},"end":{"line":44,"column":null}},"22":{"start":{"line":46,"column":6},"end":{"line":46,"column":38}},"23":{"start":{"line":47,"column":6},"end":{"line":47,"column":44}},"24":{"start":{"line":48,"column":6},"end":{"line":48,"column":54}},"25":{"start":{"line":50,"column":30},"end":{"line":51,"column":null}},"26":{"start":{"line":53,"column":6},"end":{"line":53,"column":38}},"27":{"start":{"line":54,"column":6},"end":{"line":54,"column":44}},"28":{"start":{"line":56,"column":6},"end":{"line":56,"column":61}},"29":{"start":{"line":57,"column":6},"end":{"line":57,"column":59}},"30":{"start":{"line":59,"column":6},"end":{"line":59,"column":42}},"31":{"start":{"line":60,"column":6},"end":{"line":60,"column":49}},"32":{"start":{"line":61,"column":6},"end":{"line":61,"column":18}},"33":{"start":{"line":63,"column":6},"end":{"line":63,"column":47}},"34":{"start":{"line":64,"column":6},"end":{"line":64,"column":62}},"35":{"start":{"line":65,"column":6},"end":{"line":65,"column":56}},"36":{"start":{"line":70,"column":4},"end":{"line":75,"column":5}},"37":{"start":{"line":71,"column":23},"end":{"line":71,"column":66}},"38":{"start":{"line":72,"column":6},"end":{"line":74,"column":7}},"39":{"start":{"line":73,"column":8},"end":{"line":73,"column":27}},"40":{"start":{"line":93,"column":17},"end":{"line":93,"column":46}},"41":{"start":{"line":94,"column":4},"end":{"line":94,"column":60}},"42":{"start":{"line":95,"column":4},"end":{"line":95,"column":27}},"43":{"start":{"line":116,"column":4},"end":{"line":126,"column":5}},"44":{"start":{"line":117,"column":6},"end":{"line":125,"column":8}},"45":{"start":{"line":119,"column":10},"end":{"line":123,"column":11}},"46":{"start":{"line":120,"column":12},"end":{"line":120,"column":43}},"47":{"start":{"line":122,"column":12},"end":{"line":122,"column":29}},"48":{"start":{"line":128,"column":4},"end":{"line":128,"column":44}},"49":{"start":{"line":130,"column":4},"end":{"line":130,"column":37}},"50":{"start":{"line":130,"column":20},"end":{"line":130,"column":37}},"51":{"start":{"line":131,"column":4},"end":{"line":131,"column":19}},"52":{"start":{"line":140,"column":29},"end":{"line":140,"column":31}},"53":{"start":{"line":141,"column":25},"end":{"line":141,"column":26}},"54":{"start":{"line":142,"column":25},"end":{"line":142,"column":26}},"55":{"start":{"line":143,"column":30},"end":{"line":143,"column":32}},"56":{"start":{"line":144,"column":24},"end":{"line":146,"column":null}},"57":{"start":{"line":149,"column":4},"end":{"line":149,"column":64}},"58":{"start":{"line":151,"column":4},"end":{"line":184,"column":5}},"59":{"start":{"line":152,"column":28},"end":{"line":152,"column":74}},"60":{"start":{"line":154,"column":6},"end":{"line":173,"column":7}},"61":{"start":{"line":155,"column":8},"end":{"line":155,"column":45}},"62":{"start":{"line":155,"column":39},"end":{"line":155,"column":45}},"63":{"start":{"line":156,"column":8},"end":{"line":172,"column":9}},"64":{"start":{"line":157,"column":31},"end":{"line":157,"column":73}},"65":{"start":{"line":158,"column":28},"end":{"line":158,"column":75}},"66":{"start":{"line":160,"column":10},"end":{"line":165,"column":11}},"67":{"start":{"line":164,"column":12},"end":{"line":164,"column":21}},"68":{"start":{"line":167,"column":10},"end":{"line":169,"column":11}},"69":{"start":{"line":167,"column":37},"end":{"line":167,"column":68}},"70":{"start":{"line":168,"column":12},"end":{"line":168,"column":38}},"71":{"start":{"line":171,"column":10},"end":{"line":171,"column":64}},"72":{"start":{"line":175,"column":28},"end":{"line":176,"column":null}},"73":{"start":{"line":176,"column":14},"end":{"line":176,"column":40}},"74":{"start":{"line":178,"column":6},"end":{"line":178,"column":50}},"75":{"start":{"line":178,"column":44},"end":{"line":178,"column":50}},"76":{"start":{"line":180,"column":6},"end":{"line":180,"column":37}},"77":{"start":{"line":181,"column":6},"end":{"line":181,"column":80}},"78":{"start":{"line":181,"column":32},"end":{"line":181,"column":78}},"79":{"start":{"line":182,"column":6},"end":{"line":182,"column":45}},"80":{"start":{"line":183,"column":6},"end":{"line":183,"column":23}},"81":{"start":{"line":186,"column":4},"end":{"line":186,"column":21}},"82":{"start":{"line":202,"column":18},"end":{"line":202,"column":37}},"83":{"start":{"line":203,"column":28},"end":{"line":203,"column":60}},"84":{"start":{"line":204,"column":26},"end":{"line":204,"column":56}},"85":{"start":{"line":205,"column":24},"end":{"line":205,"column":52}},"86":{"start":{"line":207,"column":23},"end":{"line":209,"column":35}},"87":{"start":{"line":211,"column":4},"end":{"line":211,"column":74}},"88":{"start":{"line":213,"column":4},"end":{"line":229,"column":5}},"89":{"start":{"line":214,"column":21},"end":{"line":221,"column":8}},"90":{"start":{"line":215,"column":8},"end":{"line":220,"column":10}},"91":{"start":{"line":223,"column":6},"end":{"line":223,"column":75}},"92":{"start":{"line":224,"column":6},"end":{"line":224,"column":20}},"93":{"start":{"line":226,"column":6},"end":{"line":226,"column":74}},"94":{"start":{"line":227,"column":6},"end":{"line":227,"column":68}},"95":{"start":{"line":228,"column":6},"end":{"line":228,"column":18}},"96":{"start":{"line":239,"column":4},"end":{"line":239,"column":37}},"97":{"start":{"line":241,"column":18},"end":{"line":241,"column":37}},"98":{"start":{"line":242,"column":20},"end":{"line":242,"column":41}},"99":{"start":{"line":243,"column":18},"end":{"line":243,"column":60}},"100":{"start":{"line":244,"column":22},"end":{"line":244,"column":98}},"101":{"start":{"line":246,"column":4},"end":{"line":246,"column":31}},"102":{"start":{"line":247,"column":4},"end":{"line":247,"column":73}},"103":{"start":{"line":249,"column":4},"end":{"line":305,"column":5}},"104":{"start":{"line":250,"column":21},"end":{"line":297,"column":8}},"105":{"start":{"line":251,"column":8},"end":{"line":251,"column":78}},"106":{"start":{"line":253,"column":33},"end":{"line":253,"column":35}},"107":{"start":{"line":254,"column":29},"end":{"line":254,"column":30}},"108":{"start":{"line":255,"column":29},"end":{"line":255,"column":30}},"109":{"start":{"line":256,"column":34},"end":{"line":256,"column":36}},"110":{"start":{"line":257,"column":28},"end":{"line":259,"column":null}},"111":{"start":{"line":262,"column":8},"end":{"line":294,"column":9}},"112":{"start":{"line":263,"column":32},"end":{"line":263,"column":78}},"113":{"start":{"line":265,"column":10},"end":{"line":267,"column":12}},"114":{"start":{"line":269,"column":10},"end":{"line":281,"column":11}},"115":{"start":{"line":270,"column":12},"end":{"line":270,"column":49}},"116":{"start":{"line":270,"column":43},"end":{"line":270,"column":49}},"117":{"start":{"line":271,"column":12},"end":{"line":280,"column":13}},"118":{"start":{"line":272,"column":35},"end":{"line":272,"column":77}},"119":{"start":{"line":273,"column":32},"end":{"line":273,"column":79}},"120":{"start":{"line":275,"column":14},"end":{"line":277,"column":15}},"121":{"start":{"line":275,"column":41},"end":{"line":275,"column":72}},"122":{"start":{"line":276,"column":16},"end":{"line":276,"column":42}},"123":{"start":{"line":279,"column":14},"end":{"line":279,"column":68}},"124":{"start":{"line":283,"column":32},"end":{"line":284,"column":null}},"125":{"start":{"line":284,"column":18},"end":{"line":284,"column":44}},"126":{"start":{"line":286,"column":10},"end":{"line":286,"column":54}},"127":{"start":{"line":286,"column":48},"end":{"line":286,"column":54}},"128":{"start":{"line":288,"column":10},"end":{"line":288,"column":41}},"129":{"start":{"line":289,"column":10},"end":{"line":291,"column":12}},"130":{"start":{"line":290,"column":12},"end":{"line":290,"column":58}},"131":{"start":{"line":292,"column":10},"end":{"line":292,"column":49}},"132":{"start":{"line":293,"column":10},"end":{"line":293,"column":27}},"133":{"start":{"line":296,"column":8},"end":{"line":296,"column":25}},"134":{"start":{"line":299,"column":6},"end":{"line":299,"column":78}},"135":{"start":{"line":300,"column":6},"end":{"line":300,"column":20}},"136":{"start":{"line":302,"column":6},"end":{"line":302,"column":73}},"137":{"start":{"line":303,"column":6},"end":{"line":303,"column":77}},"138":{"start":{"line":304,"column":6},"end":{"line":304,"column":18}},"139":{"start":{"line":309,"column":4},"end":{"line":336,"column":5}},"140":{"start":{"line":310,"column":26},"end":{"line":310,"column":70}},"141":{"start":{"line":311,"column":6},"end":{"line":314,"column":7}},"142":{"start":{"line":312,"column":8},"end":{"line":312,"column":62}},"143":{"start":{"line":313,"column":8},"end":{"line":313,"column":27}},"144":{"start":{"line":316,"column":6},"end":{"line":316,"column":39}},"145":{"start":{"line":318,"column":6},"end":{"line":318,"column":64}},"146":{"start":{"line":319,"column":23},"end":{"line":319,"column":58}},"147":{"start":{"line":321,"column":24},"end":{"line":329,"column":8}},"148":{"start":{"line":322,"column":8},"end":{"line":322,"column":78}},"149":{"start":{"line":324,"column":29},"end":{"line":324,"column":74}},"150":{"start":{"line":325,"column":8},"end":{"line":325,"column":62}},"151":{"start":{"line":325,"column":27},"end":{"line":325,"column":62}},"152":{"start":{"line":327,"column":29},"end":{"line":327,"column":76}},"153":{"start":{"line":328,"column":8},"end":{"line":328,"column":57}},"154":{"start":{"line":331,"column":6},"end":{"line":331,"column":51}},"155":{"start":{"line":332,"column":6},"end":{"line":332,"column":23}},"156":{"start":{"line":334,"column":6},"end":{"line":334,"column":65}},"157":{"start":{"line":335,"column":6},"end":{"line":335,"column":18}},"158":{"start":{"line":340,"column":4},"end":{"line":340,"column":56}},"159":{"start":{"line":341,"column":4},"end":{"line":341,"column":37}},"160":{"start":{"line":343,"column":4},"end":{"line":539,"column":5}},"161":{"start":{"line":344,"column":19},"end":{"line":344,"column":48}},"162":{"start":{"line":348,"column":38},"end":{"line":352,"column":null}},"163":{"start":{"line":350,"column":10},"end":{"line":351,"column":35}},"164":{"start":{"line":356,"column":6},"end":{"line":358,"column":9}},"165":{"start":{"line":361,"column":19},"end":{"line":361,"column":21}},"166":{"start":{"line":362,"column":6},"end":{"line":372,"column":7}},"167":{"start":{"line":363,"column":28},"end":{"line":3
[...]
tart":{},"end":{}}]},"12":{"loc":{"start":{"line":97,"column":4},"end":{"line":99,"column":5}},"type":"if","locations":[{"start":{"line":97,"column":4},"end":{"line":99,"column":5}},{"start":{},"end":{}}]},"13":{"loc":{"start":{"line":120,"column":6},"end":{"line":120,"column":29}},"type":"if","locations":[{"start":{"line":120,"column":6},"end":{"line":120,"column":29}},{"start":{},"end":{}}]},"14":{"loc":{"start":{"line":124,"column":6},"end":{"line":141,"column":7}},"type":"if","locations":[{"start":{"line":124,"column":6},"end":{"line":141,"column":7}},{"start":{"line":135,"column":13},"end":{"line":141,"column":7}}]},"15":{"loc":{"start":{"line":126,"column":8},"end":{"line":134,"column":9}},"type":"if","locations":[{"start":{"line":126,"column":8},"end":{"line":134,"column":9}},{"start":{},"end":{}}]},"16":{"loc":{"start":{"line":130,"column":38},"end":{"line":130,"column":70}},"type":"binary-expr","locations":[{"start":{"line":130,"column":38},"end":{"line":130,"column":64}},{"start":{"line":130,"column":68},"end":{"line":130,"column":70}}]},"17":{"loc":{"start":{"line":131,"column":36},"end":{"line":131,"column":66}},"type":"binary-expr","locations":[{"start":{"line":131,"column":36},"end":{"line":131,"column":60}},{"start":{"line":131,"column":64},"end":{"line":131,"column":66}}]},"18":{"loc":{"start":{"line":157,"column":58},"end":{"line":157,"column":81}},"type":"binary-expr","locations":[{"start":{"line":157,"column":58},"end":{"line":157,"column":72}},{"start":{"line":157,"column":76},"end":{"line":157,"column":81}}]},"19":{"loc":{"start":{"line":16,"column":36},"end":{"line":16,"column":null}},"type":"cond-expr","locations":[{"start":{"line":16,"column":56},"end":{"line":16,"column":null}},{"start":{"line":16,"column":56},"end":{"line":16,"column":null}}]},"20":{"loc":{"start":{"line":16,"column":36},"end":{"line":16,"column":56}},"type":"binary-expr","locations":[{"start":{"line":16,"column":36},"end":{"line":16,"column":null}},{"start":{"line":16,"column":36},"end":{"line":16,"column":56}}]},"21":{"loc":{"start":{"line":16,"column":56},"end":{"line":17,"column":null}},"type":"cond-expr","locations":[{"start":{"line":17,"column":48},"end":{"line":17,"column":null}},{"start":{"line":17,"column":48},"end":{"line":17,"column":null}}]},"22":{"loc":{"start":{"line":16,"column":56},"end":{"line":17,"column":48}},"type":"binary-expr","locations":[{"start":{"line":16,"column":56},"end":{"line":17,"column":null}},{"start":{"line":17,"column":32},"end":{"line":17,"column":48}}]},"23":{"loc":{"start":{"line":17,"column":48},"end":{"line":18,"column":null}},"type":"cond-expr","locations":[{"start":{"line":18,"column":61},"end":{"line":18,"column":null}},{"start":{"line":18,"column":61},"end":{"line":18,"column":null}}]},"24":{"loc":{"start":{"line":17,"column":48},"end":{"line":18,"column":61}},"type":"binary-expr","locations":[{"start":{"line":17,"column":48},"end":{"line":18,"column":null}},{"start":{"line":18,"column":39},"end":{"line":18,"column":61}}]},"25":{"loc":{"start":{"line":18,"column":61},"end":{"line":19,"column":null}},"type":"cond-expr","locations":[{"start":{"line":19,"column":63},"end":{"line":19,"column":null}},{"start":{"line":19,"column":63},"end":{"line":19,"column":null}}]},"26":{"loc":{"start":{"line":18,"column":61},"end":{"line":19,"column":63}},"type":"binary-expr","locations":[{"start":{"line":18,"column":61},"end":{"line":19,"column":null}},{"start":{"line":19,"column":40},"end":{"line":19,"column":63}}]},"27":{"loc":{"start":{"line":19,"column":63},"end":{"line":20,"column":null}},"type":"cond-expr","locations":[{"start":{"line":20,"column":48},"end":{"line":20,"column":null}},{"start":{"line":20,"column":48},"end":{"line":20,"column":null}}]},"28":{"loc":{"start":{"line":19,"column":63},"end":{"line":20,"column":48}},"type":"binary-expr","locations":[{"start":{"line":19,"column":63},"end":{"line":20,"column":null}},{"start":{"line":20,"column":35},"end":{"line":20,"column":48}}]}},"s":{"0":1,"1":1,"2":1,"3":1,"4":1,"5":1,"6":1,"7":1,"8":1,"9":7,"10":7,"11":7,"12":7,"13":7,"14":7,"15":5,"16":5,"17":1,"18":4,"19":4,"20":4,"21":3,"22":3,"23":3,"24":3,"25":3,"26":3,"27":0,"28":4,"29":1,"30":3,"31":3,"32":3,"33":3,"34":3,"35":3,"36":3,"37":3,"38":0,"39":3,"40":2,"41":3,"42":1,"43":1,"44":0,"45":1,"46":1,"47":1,"48":1,"49":1,"50":1,"51":0,"52":0,"53":0,"54":0,"55":0,"56":0,"57":0,"58":0,"59":0,"60":0,"61":0,"62":0,"63":0,"64":1,"65":1},"f":{"0":7,"1":5,"2":3,"3":3,"4":0,"5":1,"6":0},"b":{"0":[1,4],"1":[0],"2":[0],"3":[4,0],"4":[3,1],"5":[3,0],"6":[3,0],"7":[3,3],"8":[0,0],"9":[1,3],"10":[2,1],"11":[0,1],"12":[1,0],"13":[0,0],"14":[0,0],"15":[0,0],"16":[0,0],"17":[0,0],"18":[0,0],"19":[1,0],"20":[1,1],"21":[1,0],"22":[1,1],"23":[1,0],"24":[1,1],"25":[1,0],"26":[1,1],"27":[1,0],"28":[1,1]}}
,"/home/jairp/Documents/yail/projects/x-scraper/src/modules/twitter-tracker/utils/tweet-parser.util.ts": {"path":"/home/jairp/Documents/yail/projects/x-scraper/src/modules/twitter-tracker/utils/tweet-parser.util.ts","statementMap":{"0":{"start":{"line":12,"column":0},"end":{"line":12,"column":16}},"1":{"start":{"line":88,"column":0},"end":{"line":88,"column":16}},"2":{"start":{"line":15,"column":16},"end":{"line":15,"column":27}},"3":{"start":{"line":16,"column":2},"end":{"line":16,"column":30}},"4":{"start":{"line":16,"column":18},"end":{"line":16,"column":30}},"5":{"start":{"line":18,"column":19},"end":{"line":18,"column":40}},"6":{"start":{"line":19,"column":16},"end":{"line":19,"column":37}},"7":{"start":{"line":20,"column":24},"end":{"line":20,"column":45}},"8":{"start":{"line":23,"column":17},"end":{"line":23,"column":65}},"9":{"start":{"line":23,"column":40},"end":{"line":23,"column":64}},"10":{"start":{"line":26,"column":19},"end":{"line":26,"column":39}},"11":{"start":{"line":27,"column":19},"end":{"line":27,"column":67}},"12":{"start":{"line":27,"column":61},"end":{"line":27,"column":66}},"13":{"start":{"line":28,"column":19},"end":{"line":28,"column":67}},"14":{"start":{"line":28,"column":61},"end":{"line":28,"column":66}},"15":{"start":{"line":29,"column":19},"end":{"line":29,"column":72}},"16":{"start":{"line":29,"column":61},"end":{"line":29,"column":71}},"17":{"start":{"line":30,"column":15},"end":{"line":30,"column":77}},"18":{"start":{"line":30,"column":53},"end":{"line":30,"column":76}},"19":{"start":{"line":34,"column":4},"end":{"line":34,"column":39}},"20":{"start":{"line":35,"column":16},"end":{"line":46,"column":20}},"21":{"start":{"line":37,"column":16},"end":{"line":37,"column":69}},"22":{"start":{"line":37,"column":48},"end":{"line":37,"column":68}},"23":{"start":{"line":38,"column":6},"end":{"line":38,"column":26}},"24":{"start":{"line":38,"column":14},"end":{"line":38,"column":26}},"25":{"start":{"line":39,"column":6},"end":{"line":44,"column":8}},"26":{"start":{"line":49,"column":24},"end":{"line":49,"column":50}},"27":{"start":{"line":50,"column":18},"end":{"line":56,"column":4}},"28":{"start":{"line":59,"column":18},"end":{"line":59,"column":28}},"29":{"start":{"line":60,"column":27},"end":{"line":60,"column":56}},"30":{"start":{"line":61,"column":2},"end":{"line":66,"column":3}},"31":{"start":{"line":62,"column":20},"end":{"line":62,"column":44}},"32":{"start":{"line":63,"column":4},"end":{"line":65,"column":55}},"33":{"start":{"line":63,"column":33},"end":{"line":63,"column":55}},"34":{"start":{"line":64,"column":9},"end":{"line":65,"column":55}},"35":{"start":{"line":64,"column":39},"end":{"line":64,"column":59}},"36":{"start":{"line":65,"column":9},"end":{"line":65,"column":55}},"37":{"start":{"line":65,"column":35},"end":{"line":65,"column":55}},"38":{"start":{"line":68,"column":2},"end":{"line":82,"column":4}},"39":{"start":{"line":89,"column":2},"end":{"line":89,"column":29}},"40":{"start":{"line":89,"column":17},"end":{"line":89,"column":29}},"41":{"start":{"line":91,"column":24},"end":{"line":91,"column":49}},"42":{"start":{"line":93,"column":2},"end":{"line":109,"column":4}}},"fnMap":{"0":{"name":"parseTweetFromStreamEvent","decl":{"start":{"line":12,"column":16},"end":{"line":12,"column":41}},"loc":{"start":{"line":13,"column":12},"end":{"line":83,"column":1}}},"1":{"name":"(anonymous_1)","decl":{"start":{"line":23,"column":28},"end":{"line":23,"column":29}},"loc":{"start":{"line":23,"column":40},"end":{"line":23,"column":64}}},"2":{"name":"(anonymous_2)","decl":{"start":{"line":27,"column":49},"end":{"line":27,"column":50}},"loc":{"start":{"line":27,"column":61},"end":{"line":27,"column":66}}},"3":{"name":"(anonymous_3)","decl":{"start":{"line":28,"column":49},"end":{"line":28,"column":50}},"loc":{"start":{"line":28,"column":61},"end":{"line":28,"column":66}}},"4":{"name":"(anonymous_4)","decl":{"start":{"line":29,"column":49},"end":{"line":29,"column":50}},"loc":{"start":{"line":29,"column":61},"end":{"line":29,"column":71}}},"5":{"name":"(anonymous_5)","decl":{"start":{"line":30,"column":41},"end":{"line":30,"column":42}},"loc":{"start":{"line":30,"column":53},"end":{"line":30,"column":76}}},"6":{"name":"(anonymous_6)","decl":{"start":{"line":36,"column":9},"end":{"line":36,"column":10}},"loc":{"start":{"line":36,"column":25},"end":{"line":45,"column":5}}},"7":{"name":"(anonymous_7)","decl":{"start":{"line":37,"column":35},"end":{"line":37,"column":36}},"loc":{"start":{"line":37,"column":48},"end":{"line":37,"column":68}}},"8":{"name":"parseUserProfile","decl":{"start":{"line":88,"column":16},"end":{"line":88,"column":32}},"loc":{"start":{"line":88,"column":42},"end":{"line":110,"column":1}}}},"branchMap":{"0":{"loc":{"start":{"line":16,"column":2},"end":{"line":16,"column":30}},"type":"if","locations":[{"start":{"line":16,"column":2},"end":{"line":16,"column":30}},{"start":{},"end":{}}]},"1":{"loc":{"start":{"line":18,"column":19},"end":{"line":18,"column":40}},"type":"binary-expr","locations":[{"start":{"line":18,"column":19},"end":{"line":18,"column":34}},{"start":{"line":18,"column":38},"end":{"line":18,"column":40}}]},"2":{"loc":{"start":{"line":19,"column":16},"end":{"line":19,"column":37}},"type":"binary-expr","locations":[{"start":{"line":19,"column":16},"end":{"line":19,"column":31}},{"start":{"line":19,"column":35},"end":{"line":19,"column":37}}]},"3":{"loc":{"start":{"line":20,"column":24},"end":{"line":20,"column":45}},"type":"binary-expr","locations":[{"start":{"line":20,"column":24},"end":{"line":20,"column":39}},{"start":{"line":20,"column":43},"end":{"line":20,"column":45}}]},"4":{"loc":{"start":{"line":26,"column":19},"end":{"line":26,"column":39}},"type":"binary-expr","locations":[{"start":{"line":26,"column":19},"end":{"line":26,"column":33}},{"start":{"line":26,"column":37},"end":{"line":26,"column":39}}]},"5":{"loc":{"start":{"line":27,"column":20},"end":{"line":27,"column":43}},"type":"binary-expr","locations":[{"start":{"line":27,"column":20},"end":{"line":27,"column":37}},{"start":{"line":27,"column":41},"end":{"line":27,"column":43}}]},"6":{"loc":{"start":{"line":28,"column":20},"end":{"line":28,"column":43}},"type":"binary-expr","locations":[{"start":{"line":28,"column":20},"end":{"line":28,"column":37}},{"start":{"line":28,"column":41},"end":{"line":28,"column":43}}]},"7":{"loc":{"start":{"line":29,"column":20},"end":{"line":29,"column":43}},"type":"binary-expr","locations":[{"start":{"line":29,"column":20},"end":{"line":29,"column":37}},{"start":{"line":29,"column":41},"end":{"line":29,"column":43}}]},"8":{"loc":{"start":{"line":30,"column":16},"end":{"line":30,"column":35}},"type":"binary-expr","locations":[{"start":{"line":30,"column":16},"end":{"line":30,"column":29}},{"start":{"line":30,"column":33},"end":{"line":30,"column":35}}]},"9":{"loc":{"start":{"line":30,"column":53},"end":{"line":30,"column":76}},"type":"binary-expr","locations":[{"start":{"line":30,"column":53},"end":{"line":30,"column":67}},{"start":{"line":30,"column":71},"end":{"line":30,"column":76}}]},"10":{"loc":{"start":{"line":34,"column":4},"end":{"line":34,"column":39}},"type":"binary-expr","locations":[{"start":{"line":34,"column":4},"end":{"line":34,"column":33}},{"start":{"line":34,"column":37},"end":{"line":34,"column":39}}]},"11":{"loc":{"start":{"line":38,"column":6},"end":{"line":38,"column":26}},"type":"if","locations":[{"start":{"line":38,"column":6},"end":{"line":38,"column":26}},{"start":{},"end":{}}]},"12":{"loc":{"start":{"line":40,"column":14},"end":{"line":40,"column":56}},"type":"cond-expr","locations":[{"start":{"line":40,"column":42},"end":{"line":40,"column":47}},{"start":{"line":40,"column":50},"end":{"line":40,"column":56}}]},"13":{"loc":{"start":{"line":41,"column":13},"end":{"line":41,"column":47}},"type":"binary-expr","locations":[{"start":{"line":41,"column":13},"end":{"line":41,"column":18}},{"start":{"line":41,"column":22},"end":{"line":41,"column":41}},{"start":{"line":41,"column":45},"end":{"line":41,"column":47}}]},"14":{"loc":{"start":{"line":49,"column":24},"end":{"line":49,"column":50}},"type":"binary-expr","locations":[{"start":{"line":49,"column":24},"end":{"line":49,"column":44}},{"start":{"line":49,"column":48},"end":{"line":49,"column":50}}]},"15":{"loc":{"start":{"line":51,"column":11},"end":{"line":51,"column":40}},"type":"binary-expr","locations":[{"start":{"line":51,"column":11},"end":{"line":51,"column":35}},{"start":{"line":51,"column":39},"end":{"line":51,"column":40}}]},"16":{"loc":{"start":{"line":52,"column":14},"end":{"line":52,"column":46}},"type":"binary-expr","locations":[{"start":{"line":52,"column":14},"end":{"line":52,"column":41}},{"start":{"line":52,"column":45},"end":{"line":52,"column":46}}]},"17":{"loc":{"start":{"line":53,"column":13},"end":{"line":53,"column":43}},"type":"binary-expr","locations":[{"start":{"line":53,"column":13},"end":{"line":53,"column":38}},{"start":{"line":53,"column":42},"end":{"line":53,"column":43}}]},"18":{"loc":{"start":{"line":54,"column":11},"end":{"line":54,"column":46}},"type":"binary-expr","locations":[{"start":{"line":54,"column":11},"end":{"line":54,"column":41}},{"start":{"line":54,"column":45},"end":{"line":54,"column":46}}]},"19":{"loc":{"start":{"line":55,"column":15},"end":{"line":55,"column":48}},"type":"binary-expr","locations":[{"start":{"line":55,"column":15},"end":{"line":55,"column":43}},{"start":{"line":55,"column":47},"end":{"line":55,"column":48}}]},"20":{"loc":{"start":{"line":60,"column":27},"end":{"line":60,"column":56}},"type":"binary-expr","locations":[{"start":{"line":60,"column":27},"end":{"line":60,"column":50}},{"start":{"line":60,"column":54},"end":{"line":60,"column":56}}]},"21":{"loc":{"start":{"line":61,"column":2},"end":{"line":66,"column":3}},"type":"if","locations":[{"start":{"line":61,"column":2},"end":{"line":66,"column":3}},{"start":{},"end":{}}]},"22":{"loc":{"start":{"line":63,"column":4},"end":{"line":65,"column":55}},"type":"if","locations":[{"start":{"line":63,"column":4},"end":{"line":65,"column":55}},{"start":{"line":64,"column":9},"end":{"line":65,"column":55}}]},"23":{"loc":{"start":{"line":64,"column":9},"end":{"line":65,"column":55}},"type":"if","locations":[{"start":{"line":64,"column":9},"end":{"line":65,"column":55}},{"start":{"line":65,"column":9},"end":{"line":65,"column":55}}]},"24":{"loc":{"start":{"line":65,"column":9},"end":{"line":65,"column":55}},"type":"if","locations":[{"start":{"line":65,"column":9},"end":{"line":65,"column":55}},{"start":{},"end":{}}]},"25":{"loc":{"start":{"line":71,"column":20},"end":{"line":71,"column":42}},"type":"binary-expr","locations":[{"start":{"line":71,"column":20},"end":{"line":71,"column":36}},{"start":{"line":71,"column":40},"end":{"line":71,"column":42}}]},"26":{"loc":{"start":{"line":73,"column":20},"end":{"line":73,"column":78}},"type":"cond-expr","locations":[{"start":{"line":73,"column":39},"end":{"line":73,"column":65}},{"start":{"line":73,"column":68},"end":{"line":73,"column":78}}]},"27":{"loc":{"start":{"line":89,"column":2},"end":{"line":89,"column":29}},"type":"if","locations":[{"start":{"line":89,"column":2},"end":{"line":89,"column":29}},{"start":{},"end":{}}]},"28":{"loc":{"start":{"line":91,"column":24},"end":{"line":91,"column":49}},"type":"binary-expr","locations":[{"start":{"line":91,"column":24},"end":{"line":91,"column":43}},{"start":{"line":91,"column":47},"end":{"line":91,"column":49}}]},"29":{"loc":{"start":{"line":97,"column":9},"end":{"line":97,"column":31}},"type":"binary-expr","locations":[{"start":{"line":97,"column":9},"end":{"line":97,"column":25}},{"start":{"line":97,"column":29},"end":{"line":97,"column":31}}]},"30":{"loc":{"start":{"line":98,"column":21},"end":{"line":98,"column":49}},"type":"binary-expr","locations":[{"start":{"line":98,"column":21},"end":{"line":98,"column":43}},{"start":{"line":98,"column":47},"end":{"line":98,"column":49}}]},"31":{"loc":{"start":{"line":99,"column":22},"end":{"line":99,"column":51}},"type":"binary-expr","locations":[{"start":{"line":99,"column":22},"end":{"line":99,"column":45}},{"start":{"line":99,"column":49},"end":{"line":99,"column":51}}]},"32":{"loc":{"start":{"line":100,"column":14},"end":{"line":100,"column":33}},"type":"binary-expr","locations":[{"start":{"line":100,"column":14},"end":{"line":100,"column":27}},{"start":{"line":100,"column":31},"end":{"line":100,"column":33}}]},"33":{"loc":{"start":{"line":101,"column":9},"end":{"line":101,"column":23}},"type":"binary-expr","locations":[{"start":{"line":101,"column":9},"end":{"line":101,"column":17}},{"start":{"line":101,"column":21},"end":{"line":101,"column":23}}]},"34":{"loc":{"start":{"line":102,"column":14},"end":{"line":102,"column":36}},"type":"binary-expr","locations":[{"start":{"line":102,"column":14},"end":{"line":102,"column":27}},{"start":{"line":102,"column":31},"end":{"line":102,"column":36}}]},"35":{"loc":{"start":{"line":103,"column":18},"end":{"line":103,"column":42}},"type":"binary-expr","locations":[{"start":{"line":103,"column":18},"end":{"line":103,"column":36}},{"start":{"line":103,"column":40},"end":{"line":103,"column":42}}]},"36":{"loc":{"start":{"line":104,"column":22},"end":{"line":104,"column":50}},"type":"binary-expr","locations":[{"start":{"line":104,"column":22},"end":{"line":104,"column":44}},{"start":{"line":104,"column":48},"end":{"line":104,"column":50}}]},"37":{"loc":{"start":{"line":105,"column":20},"end":{"line":105,"column":54}},"type":"binary-expr","locations":[{"start":{"line":105,"column":20},"end":{"line":105,"column":49}},{"start":{"line":105,"column":53},"end":{"line":105,"column":54}}]},"38":{"loc":{"start":{"line":106,"column":20},"end":{"line":106,"column":54}},"type":"binary-expr","locations":[{"start":{"line":106,"column":20},"end":{"line":106,"column":49}},{"start":{"line":106,"column":53},"end":{"line":106,"column":54}}]},"39":{"loc":{"start":{"line":107,"column":16},"end":{"line":107,"column":46}},"type":"binary-expr","locations":[{"start":{"line":107,"column":16},"end":{"line":107,"column":41}},{"start":{"line":107,"column":45},"end":{"line":107,"column":46}}]},"40":{"loc":{"start":{"line":108,"column":17},"end":{"line":108,"column":48}},"type":"binary-expr","locations":[{"start":{"line":108,"column":17},"end":{"line":108,"column":43}},{"start":{"line":108,"column":47},"end":{"line":108,"column":48}}]}},"s":{"0":5,"1":5,"2":0,"3":0,"4":0,"5":0,"6":0,"7":0,"8":0,"9":0,"10":0,"11":0,"12":0,"13":0,"14":0,"15":0,"16":0,"17":0,"18":0,"19":0,"20":0,"21":0,"22":0,"23":0,"24":0,"25":0,"26":0,"27":0,"28":0,"29":0,"30":0,"31":0,"32":0,"33":0,"34":0,"35":0,"36":0,"37":0,"38":0,"39":6,"40":0,"41":6,"42":6},"f":{"0":0,"1":0,"2":0,"3":0,"4":0,"5":0,"6":0,"7":0,"8":6},"b":{"0":[0,0],"1":[0,0],"2":[0,0],"3":[0,0],"4":[0,0],"5":[0,0],"6":[0,0],"7":[0,0],"8":[0,0],"9":[0,0],"10":[0,0],"11":[0,0],"12":[0,0],"13":[0,0,0],"14":[0,0],"15":[0,0],"16":[0,0],"17":[0,0],"18":[0,0],"19":[0,0],"20":[0,0],"21":[0,0],"22":[0,0],"23":[0,0],"24":[0,0],"25":[0,0],"26":[0,0],"27":[0,6],"28":[6,0],"29":[6,0],"30":[6,0],"31":[6,0],"32":[6,0],"33":[6,0],"34":[6,0],"35":[6,0],"36":[6,0],"37":[6,0],"38":[6,0],"39":[6,0],"40":[6,0]}}
}
