TN:
SF:src/app.controller.ts
FN:6,(anonymous_2)
FN:9,(anonymous_3)
FNF:2
FNH:2
FNDA:1,(anonymous_2)
FNDA:1,(anonymous_3)
DA:1,1
DA:2,1
DA:5,1
DA:6,1
DA:9,1
DA:10,1
LF:6
LH:6
BRDA:6,0,0,1
BRDA:6,0,1,0
BRDA:6,1,0,1
BRDA:6,1,1,1
BRF:4
BRH:3
end_of_record
TN:
SF:src/app.module.ts
FNF:0
FNH:0
DA:1,0
DA:2,0
DA:3,0
DA:4,0
DA:5,0
DA:6,0
DA:7,0
DA:8,0
DA:9,0
DA:29,0
LF:10
LH:0
BRF:0
BRH:0
end_of_record
TN:
SF:src/app.service.ts
FN:5,(anonymous_1)
FNF:1
FNH:1
FNDA:1,(anonymous_1)
DA:1,1
DA:4,1
DA:6,1
LF:3
LH:3
BRF:0
BRH:0
end_of_record
TN:
SF:src/main.ts
FN:6,bootstrap
FNF:1
FNH:0
FNDA:0,bootstrap
DA:1,0
DA:2,0
DA:3,0
DA:4,0
DA:7,0
DA:10,0
DA:18,0
DA:19,0
DA:21,0
LF:9
LH:0
BRDA:19,0,0,0
BRDA:19,0,1,0
BRF:2
BRH:0
end_of_record
TN:
SF:src/common/config/env.validation.ts
FNF:0
FNH:0
DA:1,0
DA:48,0
LF:2
LH:0
BRF:0
BRH:0
end_of_record
TN:
SF:src/common/database/mongodb/mongodb.module.ts
FN:9,(anonymous_1)
FNF:1
FNH:0
FNDA:0,(anonymous_1)
DA:1,0
DA:2,0
DA:3,0
DA:10,0
DA:11,0
DA:12,0
DA:13,0
DA:14,0
DA:16,0
DA:27,0
LF:10
LH:0
BRF:0
BRH:0
end_of_record
TN:
SF:src/common/database/mongodb/seeds/tracker-config.seed.ts
FN:213,seedTrackerConfigs
FN:241,main
FN:262,(anonymous_12)
FNF:3
FNH:0
FNDA:0,seedTrackerConfigs
FNDA:0,main
FNDA:0,(anonymous_12)
DA:8,0
DA:9,0
DA:11,0
DA:14,0
DA:25,0
DA:32,0
DA:192,0
DA:206,0
DA:213,0
DA:214,0
DA:215,0
DA:217,0
DA:218,0
DA:223,0
DA:224,0
DA:225,0
DA:229,0
DA:230,0
DA:231,0
DA:235,0
DA:242,0
DA:243,0
DA:244,0
DA:245,0
DA:246,0
DA:248,0
DA:250,0
DA:251,0
DA:252,0
DA:254,0
DA:255,0
DA:257,0
DA:258,0
DA:262,0
DA:263,0
DA:264,0
LF:36
LH:0
BRDA:206,0,0,0
BRDA:206,0,1,0
BRDA:223,1,0,0
BRDA:223,1,1,0
BRDA:242,2,0,0
BRDA:242,2,1,0
BRDA:243,3,0,0
BRDA:243,3,1,0
BRDA:244,4,0,0
BRDA:244,4,1,0
BRDA:245,5,0,0
BRDA:245,5,1,0
BRDA:246,6,0,0
BRDA:246,6,1,0
BRF:14
BRH:0
end_of_record
TN:
SF:src/common/filters/global-exception.filter.ts
FN:48,(anonymous_1)
FN:73,(anonymous_2)
FN:122,(anonymous_3)
FNF:3
FNH:0
FNDA:0,(anonymous_1)
FNDA:0,(anonymous_2)
FNDA:0,(anonymous_3)
DA:1,0
DA:42,0
DA:43,0
DA:49,0
DA:50,0
DA:51,0
DA:53,0
DA:55,0
DA:65,0
DA:67,0
DA:80,0
DA:81,0
DA:82,0
DA:84,0
DA:85,0
DA:86,0
DA:94,0
DA:102,0
DA:103,0
DA:112,0
DA:127,0
DA:137,0
DA:139,0
DA:148,0
DA:150,0
LF:25
LH:0
BRDA:80,0,0,0
BRDA:80,0,1,0
BRDA:84,1,0,0
BRDA:84,1,1,0
BRDA:84,2,0,0
BRDA:84,2,1,0
BRDA:88,3,0,0
BRDA:88,3,1,0
BRDA:89,4,0,0
BRDA:89,4,1,0
BRDA:102,5,0,0
BRDA:102,5,1,0
BRDA:130,6,0,0
BRDA:130,6,1,0
BRDA:137,7,0,0
BRDA:137,7,1,0
BRDA:143,8,0,0
BRDA:143,8,1,0
BRDA:145,9,0,0
BRDA:145,9,1,0
BRDA:148,10,0,0
BRDA:148,10,1,0
BRF:22
BRH:0
end_of_record
TN:
SF:src/modules/twitter-scraper/twitter-scraper.module.ts
FNF:0
FNH:0
DA:1,0
DA:2,0
DA:3,0
DA:4,0
DA:5,0
DA:6,0
DA:7,0
DA:8,0
DA:9,0
DA:27,0
LF:10
LH:0
BRF:0
BRH:0
end_of_record
TN:
SF:src/modules/twitter-scraper/constants/twitter-selectors.constants.ts
FNF:0
FNH:0
DA:1,0
LF:1
LH:0
BRF:0
BRH:0
end_of_record
TN:
SF:src/modules/twitter-scraper/controllers/twitter-scraper.controller.ts
FN:19,(anonymous_4)
FN:26,(anonymous_5)
FN:35,(anonymous_6)
FN:56,(anonymous_7)
FN:75,(anonymous_8)
FN:81,(anonymous_9)
FN:87,(anonymous_10)
FN:110,(anonymous_11)
FNF:8
FNH:0
FNDA:0,(anonymous_4)
FNDA:0,(anonymous_5)
FNDA:0,(anonymous_6)
FNDA:0,(anonymous_7)
FNDA:0,(anonymous_8)
FNDA:0,(anonymous_9)
FNDA:0,(anonymous_10)
FNDA:0,(anonymous_11)
DA:1,0
DA:11,0
DA:12,0
DA:13,0
DA:14,0
DA:15,0
DA:18,0
DA:20,0
DA:21,0
DA:26,0
DA:27,0
DA:31,0
DA:35,0
DA:39,0
DA:46,0
DA:48,0
DA:56,0
DA:57,0
DA:65,0
DA:67,0
DA:75,0
DA:76,0
DA:77,0
DA:81,0
DA:82,0
DA:83,0
DA:87,0
DA:92,0
DA:97,0
DA:101,0
DA:110,0
DA:111,0
LF:32
LH:0
BRDA:88,0,0,0
BRDA:89,1,0,0
BRDA:97,2,0,0
BRDA:97,2,1,0
BRDA:26,3,0,0
BRDA:26,3,1,0
BRDA:26,4,0,0
BRDA:26,4,1,0
BRDA:37,5,0,0
BRDA:37,5,1,0
BRDA:37,6,0,0
BRDA:37,6,1,0
BRDA:56,7,0,0
BRDA:56,7,1,0
BRDA:56,8,0,0
BRDA:56,8,1,0
BRDA:20,9,0,0
BRDA:20,9,1,0
BRDA:20,10,0,0
BRDA:20,10,1,0
BRDA:20,11,0,0
BRDA:20,11,1,0
BRDA:20,12,0,0
BRDA:20,12,1,0
BRF:24
BRH:0
end_of_record
TN:
SF:src/modules/twitter-scraper/dto/get-tweets-by-username.dto.ts
FN:6,(anonymous_2)
FN:13,(anonymous_3)
FN:18,(anonymous_4)
FN:23,(anonymous_5)
FNF:4
FNH:0
FNDA:0,(anonymous_2)
FNDA:0,(anonymous_3)
FNDA:0,(anonymous_4)
FNDA:0,(anonymous_5)
DA:1,0
DA:2,0
DA:4,0
DA:6,0
DA:10,0
DA:13,0
DA:15,0
DA:18,0
DA:20,0
DA:23,0
DA:25,0
LF:11
LH:0
BRF:0
BRH:0
end_of_record
TN:
SF:src/modules/twitter-scraper/dto/login.dto.ts
FNF:0
FNH:0
DA:1,0
DA:3,0
DA:6,0
DA:10,0
LF:4
LH:0
BRF:0
BRH:0
end_of_record
TN:
SF:src/modules/twitter-scraper/dto/search-tweets.dto.ts
FN:15,(anonymous_2)
FN:54,(anonymous_3)
FN:59,(anonymous_4)
FN:64,(anonymous_5)
FNF:4
FNH:0
FNDA:0,(anonymous_2)
FNDA:0,(anonymous_3)
FNDA:0,(anonymous_4)
FNDA:0,(anonymous_5)
DA:1,0
DA:8,0
DA:10,0
DA:12,0
DA:15,0
DA:19,0
DA:23,0
DA:27,0
DA:31,0
DA:35,0
DA:39,0
DA:43,0
DA:47,0
DA:51,0
DA:54,0
DA:56,0
DA:59,0
DA:61,0
DA:64,0
DA:66,0
DA:70,0
DA:74,0
LF:22
LH:0
BRF:0
BRH:0
end_of_record
TN:
SF:src/modules/twitter-scraper/repositories/tweet.repository.ts
FN:9,(anonymous_4)
FN:14,(anonymous_5)
FN:19,(anonymous_6)
FN:23,(anonymous_7)
FN:39,(anonymous_8)
FN:51,(anonymous_9)
FN:52,(anonymous_10)
FN:66,(anonymous_11)
FN:71,(anonymous_12)
FNF:9
FNH:0
FNDA:0,(anonymous_4)
FNDA:0,(anonymous_5)
FNDA:0,(anonymous_6)
FNDA:0,(anonymous_7)
FNDA:0,(anonymous_8)
FNDA:0,(anonymous_9)
FNDA:0,(anonymous_10)
FNDA:0,(anonymous_11)
FNDA:0,(anonymous_12)
DA:1,0
DA:2,0
DA:3,0
DA:4,0
DA:5,0
DA:8,0
DA:10,0
DA:11,0
DA:15,0
DA:16,0
DA:20,0
DA:27,0
DA:28,0
DA:30,0
DA:42,0
DA:52,0
DA:53,0
DA:62,0
DA:63,0
DA:67,0
DA:68,0
DA:72,0
DA:73,0
DA:75,0
DA:84,0
DA:96,0
LF:26
LH:0
BRDA:25,0,0,0
BRDA:28,1,0,0
BRDA:28,1,1,0
BRDA:34,2,0,0
BRDA:34,2,1,0
BRDA:35,3,0,0
BRDA:35,3,1,0
BRDA:40,4,0,0
BRDA:46,5,0,0
BRDA:46,5,1,0
BRDA:47,6,0,0
BRDA:47,6,1,0
BRDA:10,7,0,0
BRDA:10,7,1,0
BRDA:10,8,0,0
BRDA:10,8,1,0
BRDA:10,9,0,0
BRDA:10,9,1,0
BRDA:10,10,0,0
BRDA:10,10,1,0
BRF:20
BRH:0
end_of_record
TN:
SF:src/modules/twitter-scraper/repositories/x-user.repository.ts
FN:8,(anonymous_4)
FN:13,(anonymous_5)
FN:23,(anonymous_6)
FN:27,(anonymous_7)
FN:38,(anonymous_8)
FNF:5
FNH:0
FNDA:0,(anonymous_4)
FNDA:0,(anonymous_5)
FNDA:0,(anonymous_6)
FNDA:0,(anonymous_7)
FNDA:0,(anonymous_8)
DA:1,0
DA:2,0
DA:3,0
DA:4,0
DA:7,0
DA:10,0
DA:14,0
DA:24,0
DA:30,0
DA:39,0
DA:40,0
LF:11
LH:0
BRDA:28,0,0,0
BRDA:33,1,0,0
BRDA:33,1,1,0
BRDA:34,2,0,0
BRDA:34,2,1,0
BRDA:10,3,0,0
BRDA:10,3,1,0
BRDA:10,4,0,0
BRDA:10,4,1,0
BRF:9
BRH:0
end_of_record
TN:
SF:src/modules/twitter-scraper/schemas/tweet.schema.ts
FNF:0
FNH:0
DA:1,0
DA:2,0
DA:3,0
DA:8,0
DA:10,0
DA:13,0
DA:16,0
DA:19,0
DA:22,0
DA:26,0
DA:28,0
DA:31,0
DA:34,0
DA:38,0
DA:40,0
DA:43,0
DA:46,0
DA:49,0
DA:52,0
DA:55,0
DA:58,0
DA:61,0
DA:64,0
DA:67,0
DA:74,0
DA:77,0
DA:80,0
DA:83,0
DA:86,0
DA:89,0
DA:92,0
DA:95,0
DA:98,0
DA:99,0
DA:100,0
LF:35
LH:0
BRDA:46,0,0,0
BRDA:46,0,1,0
BRDA:46,1,0,0
BRDA:46,1,1,0
BRDA:49,2,0,0
BRDA:49,2,1,0
BRDA:49,3,0,0
BRDA:49,3,1,0
BRF:8
BRH:0
end_of_record
TN:
SF:src/modules/twitter-scraper/schemas/x-user.schema.ts
FNF:0
FNH:0
DA:1,0
DA:7,0
DA:9,0
DA:12,0
DA:15,0
DA:18,0
DA:21,0
DA:24,0
DA:27,0
DA:30,0
DA:33,0
DA:36,0
DA:39,0
DA:42,0
DA:45,0
LF:15
LH:0
BRF:0
BRH:0
end_of_record
TN:
SF:src/modules/twitter-scraper/services/playwright-browser.service.ts
FN:14,(anonymous_11)
FN:14,(anonymous_12)
FN:14,(anonymous_13)
FN:47,(anonymous_14)
FN:55,(anonymous_15)
FN:125,(anonymous_16)
FN:191,(anonymous_17)
FN:249,(anonymous_18)
FN:324,(anonymous_19)
FN:340,(anonymous_20)
FN:342,(anonymous_21)
FN:345,(anonymous_22)
FN:354,(anonymous_23)
FN:365,(anonymous_24)
FN:369,(anonymous_25)
FN:390,(anonymous_26)
FN:405,(anonymous_27)
FN:416,(anonymous_28)
FN:420,(anonymous_29)
FN:424,(anonymous_30)
FN:428,(anonymous_31)
FNF:21
FNH:0
FNDA:0,(anonymous_11)
FNDA:0,(anonymous_12)
FNDA:0,(anonymous_13)
FNDA:0,(anonymous_14)
FNDA:0,(anonymous_15)
FNDA:0,(anonymous_16)
FNDA:0,(anonymous_17)
FNDA:0,(anonymous_18)
FNDA:0,(anonymous_19)
FNDA:0,(anonymous_20)
FNDA:0,(anonymous_21)
FNDA:0,(anonymous_22)
FNDA:0,(anonymous_23)
FNDA:0,(anonymous_24)
FNDA:0,(anonymous_25)
FNDA:0,(anonymous_26)
FNDA:0,(anonymous_27)
FNDA:0,(anonymous_28)
FNDA:0,(anonymous_29)
FNDA:0,(anonymous_30)
FNDA:0,(anonymous_31)
DA:1,0
DA:2,0
DA:3,0
DA:4,0
DA:6,0
DA:7,0
DA:10,0
DA:14,0
DA:38,0
DA:39,0
DA:40,0
DA:41,0
DA:42,0
DA:45,0
DA:47,0
DA:48,0
DA:52,0
DA:56,0
DA:57,0
DA:58,0
DA:61,0
DA:65,0
DA:69,0
DA:71,0
DA:72,0
DA:73,0
DA:76,0
DA:77,0
DA:79,0
DA:83,0
DA:84,0
DA:89,0
DA:94,0
DA:95,0
DA:97,0
DA:101,0
DA:105,0
DA:108,0
DA:109,0
DA:110,0
DA:113,0
DA:114,0
DA:116,0
DA:117,0
DA:129,0
DA:131,0
DA:195,0
DA:197,0
DA:213,0
DA:259,0
DA:262,0
DA:265,0
DA:270,0
DA:273,0
DA:276,0
DA:279,0
DA:286,0
DA:287,0
DA:288,0
DA:299,0
DA:304,0
DA:311,0
DA:325,0
DA:326,0
DA:337,0
DA:341,0
DA:342,0
DA:344,0
DA:345,0
DA:347,0
DA:348,0
DA:349,0
DA:350,0
DA:351,0
DA:355,0
DA:356,0
DA:358,0
DA:366,0
DA:370,0
DA:371,0
DA:374,0
DA:375,0
DA:376,0
DA:377,0
DA:385,0
DA:386,0
DA:389,0
DA:390,0
DA:392,0
DA:393,0
DA:394,0
DA:395,0
DA:398,0
DA:400,0
DA:401,0
DA:406,0
DA:407,0
DA:409,0
DA:410,0
DA:411,0
DA:412,0
DA:413,0
DA:417,0
DA:421,0
DA:425,0
DA:429,0
LF:106
LH:0
BRDA:56,0,0,0
BRDA:56,0,1,0
BRDA:76,1,0,0
BRDA:76,1,1,0
BRDA:76,2,0,0
BRDA:76,2,1,0
BRDA:83,3,0,0
BRDA:83,3,1,0
BRDA:85,4,0,0
BRDA:85,4,1,0
BRDA:86,5,0,0
BRDA:86,5,1,0
BRDA:94,6,0,0
BRDA:94,6,1,0
BRDA:109,7,0,0
BRDA:109,7,1,0
BRDA:255,8,0,0
BRDA:259,9,0,0
BRDA:259,9,1,0
BRDA:262,10,0,0
BRDA:262,10,1,0
BRDA:265,11,0,0
BRDA:265,11,1,0
BRDA:265,11,2,0
BRDA:270,12,0,0
BRDA:270,12,1,0
BRDA:273,13,0,0
BRDA:273,13,1,0
BRDA:276,14,0,0
BRDA:276,14,1,0
BRDA:280,15,0,0
BRDA:280,15,1,0
BRDA:286,16,0,0
BRDA:286,16,1,0
BRDA:291,17,0,0
BRDA:291,17,1,0
BRDA:299,18,0,0
BRDA:299,18,1,0
BRDA:300,19,0,0
BRDA:300,19,1,0
BRDA:306,20,0,0
BRDA:306,20,1,0
BRDA:316,21,0,0
BRDA:316,21,1,0
BRDA:316,21,2,0
BRDA:322,22,0,0
BRDA:322,22,1,0
BRDA:325,23,0,0
BRDA:325,23,1,0
BRDA:341,24,0,0
BRDA:341,24,1,0
BRDA:344,25,0,0
BRDA:344,25,1,0
BRDA:355,26,0,0
BRDA:355,26,1,0
BRDA:370,27,0,0
BRDA:370,27,1,0
BRDA:377,28,0,0
BRDA:377,28,1,0
BRDA:378,29,0,0
BRDA:378,29,1,0
BRDA:378,29,2,0
BRDA:378,29,3,0
BRDA:378,29,4,0
BRDA:378,29,5,0
BRDA:392,30,0,0
BRDA:392,30,1,0
BRDA:406,31,0,0
BRDA:406,31,1,0
BRDA:47,32,0,0
BRDA:47,32,1,0
BRDA:47,33,0,0
BRDA:47,33,1,0
BRF:73
BRH:0
end_of_record
TN:
SF:src/modules/twitter-scraper/services/twitter-scraper.service.ts
FN:15,(anonymous_2)
FN:22,(anonymous_3)
FN:26,(anonymous_4)
FN:69,(anonymous_5)
FN:89,(anonymous_6)
FN:109,(anonymous_7)
FN:118,(anonymous_8)
FN:134,(anonymous_9)
FN:167,(anonymous_10)
FN:176,(anonymous_11)
FN:181,(anonymous_12)
FN:193,(anonymous_13)
FN:214,(anonymous_14)
FN:232,(anonymous_15)
FN:250,(anonymous_16)
FN:275,(anonymous_17)
FN:284,(anonymous_18)
FN:289,(anonymous_19)
FN:308,(anonymous_20)
FN:321,(anonymous_21)
FN:339,(anonymous_22)
FN:349,(anonymous_23)
FN:378,(anonymous_24)
FN:379,(anonymous_25)
FN:384,(anonymous_26)
FN:473,(anonymous_27)
FN:476,(anonymous_28)
FN:498,(anonymous_29)
FN:515,(anonymous_30)
FN:546,(anonymous_31)
FN:559,(anonymous_32)
FN:566,(anonymous_33)
FN:577,(anonymous_34)
FN:583,(anonymous_35)
FN:589,(anonymous_36)
FN:607,(anonymous_37)
FN:627,(anonymous_38)
FN:628,(anonymous_39)
FN:633,(anonymous_40)
FN:689,(anonymous_41)
FN:710,(anonymous_42)
FN:713,(anonymous_43)
FN:774,(anonymous_44)
FNF:43
FNH:0
FNDA:0,(anonymous_2)
FNDA:0,(anonymous_3)
FNDA:0,(anonymous_4)
FNDA:0,(anonymous_5)
FNDA:0,(anonymous_6)
FNDA:0,(anonymous_7)
FNDA:0,(anonymous_8)
FNDA:0,(anonymous_9)
FNDA:0,(anonymous_10)
FNDA:0,(anonymous_11)
FNDA:0,(anonymous_12)
FNDA:0,(anonymous_13)
FNDA:0,(anonymous_14)
FNDA:0,(anonymous_15)
FNDA:0,(anonymous_16)
FNDA:0,(anonymous_17)
FNDA:0,(anonymous_18)
FNDA:0,(anonymous_19)
FNDA:0,(anonymous_20)
FNDA:0,(anonymous_21)
FNDA:0,(anonymous_22)
FNDA:0,(anonymous_23)
FNDA:0,(anonymous_24)
FNDA:0,(anonymous_25)
FNDA:0,(anonymous_26)
FNDA:0,(anonymous_27)
FNDA:0,(anonymous_28)
FNDA:0,(anonymous_29)
FNDA:0,(anonymous_30)
FNDA:0,(anonymous_31)
FNDA:0,(anonymous_32)
FNDA:0,(anonymous_33)
FNDA:0,(anonymous_34)
FNDA:0,(anonymous_35)
FNDA:0,(anonymous_36)
FNDA:0,(anonymous_37)
FNDA:0,(anonymous_38)
FNDA:0,(anonymous_39)
FNDA:0,(anonymous_40)
FNDA:0,(anonymous_41)
FNDA:0,(anonymous_42)
FNDA:0,(anonymous_43)
FNDA:0,(anonymous_44)
DA:1,0
DA:2,0
DA:3,0
DA:4,0
DA:5,0
DA:6,0
DA:11,0
DA:12,0
DA:16,0
DA:17,0
DA:18,0
DA:19,0
DA:23,0
DA:27,0
DA:30,0
DA:32,0
DA:34,0
DA:35,0
DA:38,0
DA:39,0
DA:41,0
DA:43,0
DA:46,0
DA:47,0
DA:48,0
DA:50,0
DA:53,0
DA:54,0
DA:56,0
DA:57,0
DA:59,0
DA:60,0
DA:61,0
DA:63,0
DA:64,0
DA:65,0
DA:70,0
DA:71,0
DA:72,0
DA:73,0
DA:93,0
DA:94,0
DA:95,0
DA:116,0
DA:117,0
DA:119,0
DA:120,0
DA:122,0
DA:128,0
DA:130,0
DA:131,0
DA:140,0
DA:141,0
DA:142,0
DA:143,0
DA:144,0
DA:149,0
DA:151,0
DA:152,0
DA:154,0
DA:155,0
DA:156,0
DA:157,0
DA:158,0
DA:160,0
DA:164,0
DA:167,0
DA:168,0
DA:171,0
DA:175,0
DA:176,0
DA:178,0
DA:180,0
DA:181,0
DA:182,0
DA:183,0
DA:186,0
DA:202,0
DA:203,0
DA:204,0
DA:205,0
DA:207,0
DA:211,0
DA:213,0
DA:214,0
DA:215,0
DA:223,0
DA:224,0
DA:226,0
DA:227,0
DA:228,0
DA:239,0
DA:241,0
DA:242,0
DA:243,0
DA:244,0
DA:246,0
DA:247,0
DA:249,0
DA:250,0
DA:251,0
DA:253,0
DA:254,0
DA:255,0
DA:256,0
DA:257,0
DA:262,0
DA:263,0
DA:265,0
DA:269,0
DA:270,0
DA:271,0
DA:272,0
DA:273,0
DA:275,0
DA:276,0
DA:279,0
DA:283,0
DA:284,0
DA:286,0
DA:288,0
DA:289,0
DA:290,0
DA:292,0
DA:293,0
DA:296,0
DA:299,0
DA:300,0
DA:302,0
DA:303,0
DA:304,0
DA:309,0
DA:310,0
DA:311,0
DA:312,0
DA:313,0
DA:316,0
DA:318,0
DA:319,0
DA:321,0
DA:322,0
DA:324,0
DA:325,0
DA:327,0
DA:328,0
DA:331,0
DA:332,0
DA:334,0
DA:335,0
DA:340,0
DA:341,0
DA:343,0
DA:344,0
DA:348,0
DA:350,0
DA:356,0
DA:361,0
DA:362,0
DA:363,0
DA:364,0
DA:365,0
DA:366,0
DA:368,0
DA:375,0
DA:378,0
DA:379,0
DA:380,0
DA:381,0
DA:384,0
DA:385,0
DA:387,0
DA:388,0
DA:390,0
DA:391,0
DA:392,0
DA:393,0
DA:395,0
DA:396,0
DA:398,0
DA:399,0
DA:400,0
DA:401,0
DA:404,0
DA:411,0
DA:412,0
DA:413,0
DA:414,0
DA:416,0
DA:419,0
DA:420,0
DA:421,0
DA:422,0
DA:423,0
DA:424,0
DA:429,0
DA:430,0
DA:433,0
DA:434,0
DA:435,0
DA:440,0
DA:441,0
DA:442,0
DA:443,0
DA:444,0
DA:447,0
DA:449,0
DA:462,0
DA:463,0
DA:464,0
DA:467,0
DA:473,0
DA:474,0
DA:475,0
DA:477,0
DA:490,0
DA:491,0
DA:492,0
DA:495,0
DA:498,0
DA:499,0
DA:500,0
DA:507,0
DA:508,0
DA:509,0
DA:512,0
DA:515,0
DA:516,0
DA:517,0
DA:523,0
DA:532,0
DA:534,0
DA:535,0
DA:537,0
DA:538,0
DA:547,0
DA:549,0
DA:550,0
DA:553,0
DA:554,0
DA:555,0
DA:558,0
DA:559,0
DA:560,0
DA:564,0
DA:565,0
DA:566,0
DA:568,0
DA:571,0
DA:572,0
DA:575,0
DA:576,0
DA:577,0
DA:579,0
DA:582,0
DA:583,0
DA:584,0
DA:587,0
DA:588,0
DA:589,0
DA:591,0
DA:594,0
DA:595,0
DA:596,0
DA:597,0
DA:598,0
DA:600,0
DA:612,0
DA:613,0
DA:616,0
DA:617,0
DA:618,0
DA:619,0
DA:620,0
DA:627,0
DA:628,0
DA:629,0
DA:630,0
DA:633,0
DA:634,0
DA:635,0
DA:637,0
DA:638,0
DA:640,0
DA:641,0
DA:642,0
DA:643,0
DA:645,0
DA:646,0
DA:648,0
DA:649,0
DA:650,0
DA:651,0
DA:654,0
DA:658,0
DA:659,0
DA:664,0
DA:667,0
DA:668,0
DA:671,0
DA:676,0
DA:677,0
DA:680,0
DA:681,0
DA:682,0
DA:683,0
DA:686,0
DA:688,0
DA:690,0
DA:691,0
DA:693,0
DA:694,0
DA:695,0
DA:702,0
DA:703,0
DA:705,0
DA:710,0
DA:711,0
DA:713,0
DA:714,0
DA:718,0
DA:719,0
DA:722,0
DA:724,0
DA:729,0
DA:730,0
DA:738,0
DA:739,0
DA:743,0
DA:746,0
DA:767,0
DA:775,0
DA:778,0
DA:784,0
LF:333
LH:0
BRDA:30,0,0,0
BRDA:30,0,1,0
BRDA:32,1,0,0
BRDA:32,1,1,0
BRDA:34,2,0,0
BRDA:34,2,1,0
BRDA:34,3,0,0
BRDA:34,3,1,0
BRDA:70,4,0,0
BRDA:70,4,1,0
BRDA:72,5,0,0
BRDA:72,5,1,0
BRDA:116,6,0,0
BRDA:116,6,1,0
BRDA:130,7,0,0
BRDA:130,7,1,0
BRDA:151,8,0,0
BRDA:151,8,1,0
BRDA:155,9,0,0
BRDA:155,9,1,0
BRDA:160,10,0,0
BRDA:160,10,1,0
BRDA:161,11,0,0
BRDA:161,11,1,0
BRDA:161,11,2,0
BRDA:161,11,3,0
BRDA:167,12,0,0
BRDA:167,12,1,0
BRDA:178,13,0,0
BRDA:178,13,1,0
BRDA:195,14,0,0
BRDA:202,15,0,0
BRDA:202,15,1,0
BRDA:203,16,0,0
BRDA:203,16,1,0
BRDA:204,17,0,0
BRDA:204,17,1,0
BRDA:205,18,0,0
BRDA:205,18,1,0
BRDA:207,19,0,0
BRDA:207,19,1,0
BRDA:234,20,0,0
BRDA:241,21,0,0
BRDA:241,21,1,0
BRDA:242,22,0,0
BRDA:242,22,1,0
BRDA:262,23,0,0
BRDA:262,23,1,0
BRDA:270,24,0,0
BRDA:270,24,1,0
BRDA:275,25,0,0
BRDA:275,25,1,0
BRDA:286,26,0,0
BRDA:286,26,1,0
BRDA:311,27,0,0
BRDA:311,27,1,0
BRDA:325,28,0,0
BRDA:325,28,1,0
BRDA:350,29,0,0
BRDA:350,29,1,0
BRDA:365,30,0,0
BRDA:365,30,1,0
BRDA:381,31,0,0
BRDA:381,31,1,0
BRDA:385,32,0,0
BRDA:385,32,1,0
BRDA:390,33,0,0
BRDA:390,33,1,0
BRDA:391,34,0,0
BRDA:391,34,1,0
BRDA:392,35,0,0
BRDA:392,35,1,0
BRDA:393,36,0,0
BRDA:393,36,1,0
BRDA:396,37,0,0
BRDA:396,37,1,0
BRDA:399,38,0,0
BRDA:399,38,1,0
BRDA:414,39,0,0
BRDA:414,39,1,0
BRDA:416,40,0,0
BRDA:416,40,1,0
BRDA:421,41,0,0
BRDA:421,41,1,0
BRDA:422,42,0,0
BRDA:422,42,1,0
BRDA:429,43,0,0
BRDA:429,43,1,0
BRDA:429,44,0,0
BRDA:429,44,1,0
BRDA:434,45,0,0
BRDA:434,45,1,0
BRDA:435,46,0,0
BRDA:435,46,1,0
BRDA:477,47,0,0
BRDA:477,47,1,0
BRDA:500,48,0,0
BRDA:500,48,1,0
BRDA:517,49,0,0
BRDA:517,49,1,0
BRDA:549,50,0,0
BRDA:549,50,1,0
BRDA:553,51,0,0
BRDA:553,51,1,0
BRDA:553,52,0,0
BRDA:553,52,1,0
BRDA:558,53,0,0
BRDA:558,53,1,0
BRDA:558,54,0,0
BRDA:558,54,1,0
BRDA:564,55,0,0
BRDA:564,55,1,0
BRDA:564,56,0,0
BRDA:564,56,1,0
BRDA:566,57,0,0
BRDA:566,57,1,0
BRDA:571,58,0,0
BRDA:571,58,1,0
BRDA:575,59,0,0
BRDA:575,59,1,0
BRDA:575,60,0,0
BRDA:575,60,1,0
BRDA:582,61,0,0
BRDA:582,61,1,0
BRDA:582,62,0,0
BRDA:582,62,1,0
BRDA:587,63,0,0
BRDA:587,63,1,0
BRDA:587,64,0,0
BRDA:587,64,1,0
BRDA:589,65,0,0
BRDA:589,65,1,0
BRDA:594,66,0,0
BRDA:594,66,1,0
BRDA:595,67,0,0
BRDA:595,67,1,0
BRDA:596,68,0,0
BRDA:596,68,1,0
BRDA:597,69,0,0
BRDA:597,69,1,0
BRDA:598,70,0,0
BRDA:598,70,1,0
BRDA:616,71,0,0
BRDA:616,71,1,0
BRDA:618,72,0,0
BRDA:618,72,1,0
BRDA:618,73,0,0
BRDA:618,73,1,0
BRDA:618,73,2,0
BRDA:630,74,0,0
BRDA:630,74,1,0
BRDA:635,75,0,0
BRDA:635,75,1,0
BRDA:640,76,0,0
BRDA:640,76,1,0
BRDA:641,77,0,0
BRDA:641,77,1,0
BRDA:642,78,0,0
BRDA:642,78,1,0
BRDA:643,79,0,0
BRDA:643,79,1,0
BRDA:646,80,0,0
BRDA:646,80,1,0
BRDA:649,81,0,0
BRDA:649,81,1,0
BRDA:659,82,0,0
BRDA:659,82,1,0
BRDA:660,83,0,0
BRDA:660,83,1,0
BRDA:668,84,0,0
BRDA:668,84,1,0
BRDA:671,85,0,0
BRDA:671,85,1,0
BRDA:672,86,0,0
BRDA:672,86,1,0
BRDA:677,87,0,0
BRDA:677,87,1,0
BRDA:693,88,0,0
BRDA:693,88,1,0
BRDA:702,89,0,0
BRDA:702,89,1,0
BRDA:710,90,0,0
BRDA:710,90,1,0
BRDA:713,91,0,0
BRDA:713,91,1,0
BRDA:724,92,0,0
BRDA:724,92,1,0
BRDA:725,93,0,0
BRDA:725,93,1,0
BRDA:725,93,2,0
BRDA:730,94,0,0
BRDA:730,94,1,0
BRDA:731,95,0,0
BRDA:731,95,1,0
BRDA:731,95,2,0
BRDA:731,95,3,0
BRDA:739,96,0,0
BRDA:739,96,1,0
BRDA:740,97,0,0
BRDA:740,97,1,0
BRDA:16,98,0,0
BRDA:16,98,1,0
BRDA:16,99,0,0
BRDA:16,99,1,0
BRDA:16,100,0,0
BRDA:16,100,1,0
BRDA:16,101,0,0
BRDA:16,101,1,0
BRDA:17,102,0,0
BRDA:17,102,1,0
BRDA:17,103,0,0
BRDA:17,103,1,0
BRDA:18,104,0,0
BRDA:18,104,1,0
BRDA:18,105,0,0
BRDA:18,105,1,0
BRF:216
BRH:0
end_of_record
TN:
SF:src/modules/twitter-tracker/twitter-tracker.module.ts
FNF:0
FNH:0
DA:1,0
DA:2,0
DA:5,0
DA:9,0
DA:13,0
DA:17,0
DA:21,0
DA:25,0
DA:29,0
DA:35,0
DA:36,0
DA:39,0
DA:40,0
DA:41,0
DA:42,0
DA:43,0
DA:44,0
DA:45,0
DA:46,0
DA:49,0
DA:52,0
DA:53,0
DA:54,0
DA:55,0
DA:56,0
DA:57,0
DA:58,0
DA:61,0
DA:62,0
DA:65,0
DA:120,0
LF:31
LH:0
BRF:0
BRH:0
end_of_record
TN:
SF:src/modules/twitter-tracker/constants/tracker.constants.ts
FNF:0
FNH:0
DA:4,8
DA:5,8
DA:6,8
DA:7,8
DA:13,8
DA:14,8
DA:15,8
DA:20,8
DA:25,8
DA:26,8
DA:31,8
DA:32,8
DA:37,8
DA:42,8
DA:59,8
DA:77,8
DA:87,8
LF:17
LH:17
BRF:0
BRH:0
end_of_record
TN:
SF:src/modules/twitter-tracker/controllers/bot.controller.ts
FN:24,(anonymous_4)
FN:30,(anonymous_5)
FN:42,(anonymous_6)
FN:54,(anonymous_7)
FN:66,(anonymous_8)
FN:78,(anonymous_9)
FN:87,(anonymous_10)
FN:96,(anonymous_11)
FN:105,(anonymous_12)
FN:114,(anonymous_13)
FN:123,(anonymous_14)
FNF:11
FNH:0
FNDA:0,(anonymous_4)
FNDA:0,(anonymous_5)
FNDA:0,(anonymous_6)
FNDA:0,(anonymous_7)
FNDA:0,(anonymous_8)
FNDA:0,(anonymous_9)
FNDA:0,(anonymous_10)
FNDA:0,(anonymous_11)
FNDA:0,(anonymous_12)
FNDA:0,(anonymous_13)
FNDA:0,(anonymous_14)
DA:1,0
DA:10,0
DA:11,0
DA:21,0
DA:22,0
DA:24,0
DA:30,0
DA:31,0
DA:42,0
DA:43,0
DA:47,0
DA:54,0
DA:55,0
DA:59,0
DA:66,0
DA:67,0
DA:71,0
DA:78,0
DA:79,0
DA:80,0
DA:87,0
DA:88,0
DA:89,0
DA:96,0
DA:97,0
DA:98,0
DA:105,0
DA:106,0
DA:107,0
DA:114,0
DA:115,0
DA:116,0
DA:123,0
DA:124,0
DA:125,0
LF:35
LH:0
BRDA:42,0,0,0
BRDA:42,0,1,0
BRDA:42,1,0,0
BRDA:42,1,1,0
BRDA:54,2,0,0
BRDA:54,2,1,0
BRDA:54,3,0,0
BRDA:54,3,1,0
BRDA:66,4,0,0
BRDA:66,4,1,0
BRDA:66,5,0,0
BRDA:66,5,1,0
BRDA:78,6,0,0
BRDA:78,6,1,0
BRDA:78,7,0,0
BRDA:78,7,1,0
BRDA:87,8,0,0
BRDA:87,8,1,0
BRDA:87,9,0,0
BRDA:87,9,1,0
BRDA:105,10,0,0
BRDA:105,10,1,0
BRDA:105,11,0,0
BRDA:105,11,1,0
BRDA:24,12,0,0
BRDA:24,12,1,0
BRDA:24,13,0,0
BRDA:24,13,1,0
BRF:28
BRH:0
end_of_record
TN:
SF:src/modules/twitter-tracker/controllers/tracker.controller.ts
FN:36,(anonymous_4)
FN:55,(anonymous_5)
FN:71,(anonymous_6)
FN:85,(anonymous_7)
FN:97,(anonymous_8)
FN:113,(anonymous_9)
FN:127,(anonymous_10)
FN:153,(anonymous_11)
FN:174,(anonymous_12)
FN:190,(anonymous_13)
FN:206,(anonymous_14)
FN:222,(anonymous_15)
FN:230,(anonymous_16)
FN:253,(anonymous_17)
FNF:14
FNH:0
FNDA:0,(anonymous_4)
FNDA:0,(anonymous_5)
FNDA:0,(anonymous_6)
FNDA:0,(anonymous_7)
FNDA:0,(anonymous_8)
FNDA:0,(anonymous_9)
FNDA:0,(anonymous_10)
FNDA:0,(anonymous_11)
FNDA:0,(anonymous_12)
FNDA:0,(anonymous_13)
FNDA:0,(anonymous_14)
FNDA:0,(anonymous_15)
FNDA:0,(anonymous_16)
FNDA:0,(anonymous_17)
DA:1,0
DA:14,0
DA:15,0
DA:16,0
DA:17,0
DA:18,0
DA:19,0
DA:20,0
DA:23,0
DA:24,0
DA:25,0
DA:26,0
DA:27,0
DA:28,0
DA:29,0
DA:30,0
DA:33,0
DA:34,0
DA:37,0
DA:38,0
DA:39,0
DA:40,0
DA:41,0
DA:42,0
DA:43,0
DA:44,0
DA:45,0
DA:46,0
DA:47,0
DA:48,0
DA:55,0
DA:59,0
DA:63,0
DA:64,0
DA:71,0
DA:72,0
DA:78,0
DA:85,0
DA:86,0
DA:87,0
DA:88,0
DA:90,0
DA:97,0
DA:98,0
DA:102,0
DA:103,0
DA:105,0
DA:113,0
DA:115,0
DA:116,0
DA:120,0
DA:127,0
DA:128,0
DA:129,0
DA:130,0
DA:133,0
DA:134,0
DA:135,0
DA:137,0
DA:142,0
DA:153,0
DA:154,0
DA:155,0
DA:156,0
DA:159,0
DA:160,0
DA:161,0
DA:163,0
DA:174,0
DA:179,0
DA:183,0
DA:190,0
DA:195,0
DA:199,0
DA:206,0
DA:211,0
DA:215,0
DA:222,0
DA:223,0
DA:224,0
DA:225,0
DA:231,0
DA:233,0
DA:235,0
DA:237,0
DA:239,0
DA:241,0
DA:243,0
DA:245,0
DA:247,0
DA:249,0
DA:254,0
DA:255,0
DA:257,0
DA:259,0
DA:261,0
DA:263,0
DA:265,0
DA:267,0
DA:269,0
DA:271,0
DA:273,0
LF:102
LH:0
BRDA:60,0,0,0
BRDA:60,0,1,0
BRDA:61,1,0,0
BRDA:61,1,1,0
BRDA:76,2,0,0
BRDA:76,2,1,0
BRDA:87,3,0,0
BRDA:87,3,1,0
BRDA:99,4,0,0
BRDA:99,4,1,0
BRDA:100,5,0,0
BRDA:100,5,1,0
BRDA:102,6,0,0
BRDA:102,6,1,0
BRDA:129,7,0,0
BRDA:129,7,1,0
BRDA:140,8,0,0
BRDA:140,8,1,0
BRDA:143,9,0,0
BRDA:143,9,1,0
BRDA:155,10,0,0
BRDA:155,10,1,0
BRDA:164,11,0,0
BRDA:164,11,1,0
BRDA:180,12,0,0
BRDA:180,12,1,0
BRDA:181,13,0,0
BRDA:181,13,1,0
BRDA:196,14,0,0
BRDA:196,14,1,0
BRDA:197,15,0,0
BRDA:197,15,1,0
BRDA:212,16,0,0
BRDA:212,16,1,0
BRDA:213,17,0,0
BRDA:213,17,1,0
BRDA:223,18,0,0
BRDA:223,18,1,0
BRDA:231,19,0,0
BRDA:231,19,1,0
BRDA:231,19,2,0
BRDA:231,19,3,0
BRDA:231,19,4,0
BRDA:231,19,5,0
BRDA:231,19,6,0
BRDA:231,19,7,0
BRDA:231,19,8,0
BRDA:255,20,0,0
BRDA:255,20,1,0
BRDA:257,21,0,0
BRDA:257,21,1,0
BRDA:257,21,2,0
BRDA:257,21,3,0
BRDA:257,21,4,0
BRDA:257,21,5,0
BRDA:257,21,6,0
BRDA:257,21,7,0
BRDA:71,22,0,0
BRDA:71,22,1,0
BRDA:71,23,0,0
BRDA:71,23,1,0
BRDA:97,24,0,0
BRDA:97,24,1,0
BRDA:97,25,0,0
BRDA:97,25,1,0
BRDA:37,26,0,0
BRDA:37,26,1,0
BRDA:37,27,0,0
BRDA:37,27,1,0
BRDA:37,28,0,0
BRDA:37,28,1,0
BRDA:37,29,0,0
BRDA:37,29,1,0
BRDA:38,30,0,0
BRDA:38,30,1,0
BRDA:38,31,0,0
BRDA:38,31,1,0
BRDA:39,32,0,0
BRDA:39,32,1,0
BRDA:39,33,0,0
BRDA:39,33,1,0
BRDA:40,34,0,0
BRDA:40,34,1,0
BRDA:40,35,0,0
BRDA:40,35,1,0
BRDA:41,36,0,0
BRDA:41,36,1,0
BRDA:41,37,0,0
BRDA:41,37,1,0
BRDA:42,38,0,0
BRDA:42,38,1,0
BRDA:42,39,0,0
BRDA:42,39,1,0
BRDA:43,40,0,0
BRDA:43,40,1,0
BRDA:43,41,0,0
BRDA:43,41,1,0
BRDA:44,42,0,0
BRDA:44,42,1,0
BRDA:44,43,0,0
BRDA:44,43,1,0
BRDA:45,44,0,0
BRDA:45,44,1,0
BRDA:45,45,0,0
BRDA:45,45,1,0
BRDA:46,46,0,0
BRDA:46,46,1,0
BRDA:46,47,0,0
BRDA:46,47,1,0
BRDA:47,48,0,0
BRDA:47,48,1,0
BRDA:47,49,0,0
BRDA:47,49,1,0
BRF:113
BRH:0
end_of_record
TN:
SF:src/modules/twitter-tracker/dto/bot-action.dto.ts
FNF:0
FNH:0
DA:1,0
DA:3,0
DA:5,0
DA:10,0
DA:14,0
DA:17,0
DA:19,0
DA:22,0
DA:25,0
DA:27,0
DA:30,0
DA:33,0
DA:35,0
DA:38,0
DA:40,0
DA:43,0
DA:45,0
LF:17
LH:0
BRF:0
BRH:0
end_of_record
TN:
SF:src/modules/twitter-tracker/dto/create-tracker.dto.ts
FN:83,(anonymous_2)
FN:97,(anonymous_3)
FNF:2
FNH:0
FNDA:0,(anonymous_2)
FNDA:0,(anonymous_3)
DA:1,0
DA:10,0
DA:11,0
DA:13,0
DA:16,0
DA:20,0
DA:24,0
DA:27,0
DA:31,0
DA:36,0
DA:41,0
DA:46,0
DA:51,0
DA:56,0
DA:61,0
DA:66,0
DA:70,0
DA:75,0
DA:79,0
DA:83,0
DA:84,0
DA:87,0
DA:89,0
DA:92,0
DA:97,0
DA:98,0
LF:26
LH:0
BRDA:92,0,0,0
BRDA:92,0,1,0
BRDA:92,1,0,0
BRDA:92,1,1,0
BRF:4
BRH:0
end_of_record
TN:
SF:src/modules/twitter-tracker/dto/update-tracker.dto.ts
FN:13,(anonymous_2)
FNF:1
FNH:0
FNDA:0,(anonymous_2)
DA:1,0
DA:2,0
DA:3,0
DA:5,0
DA:8,0
DA:13,0
DA:14,0
LF:7
LH:0
BRDA:14,0,0,0
BRDA:14,0,1,0
BRDA:14,1,0,0
BRDA:14,1,1,0
BRF:4
BRH:0
end_of_record
TN:
SF:src/modules/twitter-tracker/gateways/tracker-events.gateway.ts
FN:27,(anonymous_4)
FN:35,(anonymous_5)
FN:39,(anonymous_6)
FN:51,(anonymous_7)
FN:57,(anonymous_8)
FN:58,(anonymous_9)
FN:70,(anonymous_10)
FN:78,(anonymous_11)
FN:79,(anonymous_12)
FNF:9
FNH:0
FNDA:0,(anonymous_4)
FNDA:0,(anonymous_5)
FNDA:0,(anonymous_6)
FNDA:0,(anonymous_7)
FNDA:0,(anonymous_8)
FNDA:0,(anonymous_9)
FNDA:0,(anonymous_10)
FNDA:0,(anonymous_11)
FNDA:0,(anonymous_12)
DA:1,0
DA:2,0
DA:3,0
DA:4,0
DA:19,0
DA:20,0
DA:21,0
DA:27,0
DA:28,0
DA:35,0
DA:36,0
DA:38,0
DA:39,0
DA:51,0
DA:52,0
DA:56,0
DA:57,0
DA:58,0
DA:70,0
DA:73,0
DA:77,0
DA:78,0
DA:79,0
LF:23
LH:0
BRDA:35,0,0,0
BRDA:35,0,1,0
BRDA:35,1,0,0
BRDA:35,1,1,0
BRDA:51,2,0,0
BRDA:51,2,1,0
BRDA:51,3,0,0
BRDA:51,3,1,0
BRDA:72,4,0,0
BRDA:72,4,1,0
BRDA:72,5,0,0
BRDA:72,5,1,0
BRF:12
BRH:0
end_of_record
TN:
SF:src/modules/twitter-tracker/interfaces/tracker-type.enum.ts
FN:1,(anonymous_0)
FN:12,(anonymous_1)
FNF:2
FNH:2
FNDA:8,(anonymous_0)
FNDA:8,(anonymous_1)
DA:1,8
DA:2,8
DA:3,8
DA:4,8
DA:5,8
DA:6,8
DA:7,8
DA:8,8
DA:9,8
DA:12,8
DA:13,8
DA:14,8
DA:15,8
LF:13
LH:13
BRDA:1,0,0,8
BRDA:1,0,1,8
BRDA:12,1,0,8
BRDA:12,1,1,8
BRF:4
BRH:4
end_of_record
TN:
SF:src/modules/twitter-tracker/repositories/engagement-snapshot.repository.ts
FN:11,(anonymous_4)
FN:16,(anonymous_5)
FN:21,(anonymous_6)
FN:30,(anonymous_7)
FN:42,(anonymous_8)
FN:54,(anonymous_9)
FN:68,(anonymous_10)
FN:79,(anonymous_11)
FN:84,(anonymous_12)
FNF:9
FNH:0
FNDA:0,(anonymous_4)
FNDA:0,(anonymous_5)
FNDA:0,(anonymous_6)
FNDA:0,(anonymous_7)
FNDA:0,(anonymous_8)
FNDA:0,(anonymous_9)
FNDA:0,(anonymous_10)
FNDA:0,(anonymous_11)
FNDA:0,(anonymous_12)
DA:1,1
DA:2,1
DA:3,1
DA:4,1
DA:10,1
DA:13,0
DA:17,0
DA:18,0
DA:24,0
DA:34,0
DA:46,0
DA:59,0
DA:72,0
DA:80,0
DA:81,0
DA:85,0
DA:88,0
LF:17
LH:5
BRDA:32,0,0,0
BRDA:37,1,0,0
BRDA:37,1,1,0
BRDA:38,2,0,0
BRDA:38,2,1,0
BRDA:44,3,0,0
BRDA:49,4,0,0
BRDA:49,4,1,0
BRDA:50,5,0,0
BRDA:50,5,1,0
BRDA:13,6,0,1
BRDA:13,6,1,0
BRDA:13,7,0,1
BRDA:13,7,1,1
BRF:14
BRH:3
end_of_record
TN:
SF:src/modules/twitter-tracker/repositories/follower-snapshot.repository.ts
FN:11,(anonymous_4)
FN:16,(anonymous_5)
FN:21,(anonymous_6)
FN:28,(anonymous_7)
FN:40,(anonymous_8)
FN:54,(anonymous_9)
FN:59,(anonymous_10)
FNF:7
FNH:0
FNDA:0,(anonymous_4)
FNDA:0,(anonymous_5)
FNDA:0,(anonymous_6)
FNDA:0,(anonymous_7)
FNDA:0,(anonymous_8)
FNDA:0,(anonymous_9)
FNDA:0,(anonymous_10)
DA:1,1
DA:2,1
DA:3,1
DA:4,1
DA:10,1
DA:13,0
DA:17,0
DA:18,0
DA:22,0
DA:32,0
DA:45,0
DA:55,0
DA:56,0
DA:60,0
DA:63,0
LF:15
LH:5
BRDA:30,0,0,0
BRDA:35,1,0,0
BRDA:35,1,1,0
BRDA:36,2,0,0
BRDA:36,2,1,0
BRDA:13,3,0,1
BRDA:13,3,1,0
BRDA:13,4,0,1
BRDA:13,4,1,1
BRF:9
BRH:3
end_of_record
TN:
SF:src/modules/twitter-tracker/repositories/profile-change-log.repository.ts
FN:11,(anonymous_4)
FN:16,(anonymous_5)
FN:21,(anonymous_6)
FN:25,(anonymous_7)
FN:37,(anonymous_8)
FN:50,(anonymous_9)
FN:64,(anonymous_10)
FN:75,(anonymous_11)
FN:80,(anonymous_12)
FNF:9
FNH:0
FNDA:0,(anonymous_4)
FNDA:0,(anonymous_5)
FNDA:0,(anonymous_6)
FNDA:0,(anonymous_7)
FNDA:0,(anonymous_8)
FNDA:0,(anonymous_9)
FNDA:0,(anonymous_10)
FNDA:0,(anonymous_11)
FNDA:0,(anonymous_12)
DA:1,1
DA:2,1
DA:3,1
DA:4,1
DA:10,1
DA:13,0
DA:17,0
DA:18,0
DA:22,0
DA:29,0
DA:42,0
DA:55,0
DA:67,0
DA:76,0
DA:77,0
DA:81,0
DA:84,0
LF:17
LH:5
BRDA:27,0,0,0
BRDA:32,1,0,0
BRDA:32,1,1,0
BRDA:33,2,0,0
BRDA:33,2,1,0
BRDA:40,3,0,0
BRDA:45,4,0,0
BRDA:45,4,1,0
BRDA:46,5,0,0
BRDA:46,5,1,0
BRDA:65,6,0,0
BRDA:70,7,0,0
BRDA:70,7,1,0
BRDA:71,8,0,0
BRDA:71,8,1,0
BRDA:13,9,0,1
BRDA:13,9,1,0
BRDA:13,10,0,1
BRDA:13,10,1,1
BRF:19
BRH:3
end_of_record
TN:
SF:src/modules/twitter-tracker/repositories/tracked-tweet.repository.ts
FN:11,(anonymous_4)
FN:16,(anonymous_5)
FN:21,(anonymous_6)
FN:25,(anonymous_7)
FN:37,(anonymous_8)
FN:49,(anonymous_9)
FN:61,(anonymous_10)
FN:73,(anonymous_11)
FN:84,(anonymous_12)
FN:85,(anonymous_13)
FN:97,(anonymous_14)
FN:104,(anonymous_15)
FNF:12
FNH:0
FNDA:0,(anonymous_4)
FNDA:0,(anonymous_5)
FNDA:0,(anonymous_6)
FNDA:0,(anonymous_7)
FNDA:0,(anonymous_8)
FNDA:0,(anonymous_9)
FNDA:0,(anonymous_10)
FNDA:0,(anonymous_11)
FNDA:0,(anonymous_12)
FNDA:0,(anonymous_13)
FNDA:0,(anonymous_14)
FNDA:0,(anonymous_15)
DA:1,4
DA:2,4
DA:3,4
DA:4,4
DA:10,4
DA:13,0
DA:17,0
DA:18,0
DA:22,0
DA:29,0
DA:41,0
DA:53,0
DA:65,0
DA:76,0
DA:85,0
DA:93,0
DA:94,0
DA:98,0
DA:101,0
DA:105,0
LF:20
LH:5
BRDA:27,0,0,0
BRDA:32,1,0,0
BRDA:32,1,1,0
BRDA:33,2,0,0
BRDA:33,2,1,0
BRDA:39,3,0,0
BRDA:44,4,0,0
BRDA:44,4,1,0
BRDA:45,5,0,0
BRDA:45,5,1,0
BRDA:51,6,0,0
BRDA:56,7,0,0
BRDA:56,7,1,0
BRDA:57,8,0,0
BRDA:57,8,1,0
BRDA:63,9,0,0
BRDA:68,10,0,0
BRDA:68,10,1,0
BRDA:69,11,0,0
BRDA:69,11,1,0
BRDA:74,12,0,0
BRDA:79,13,0,0
BRDA:79,13,1,0
BRDA:80,14,0,0
BRDA:80,14,1,0
BRDA:13,15,0,4
BRDA:13,15,1,0
BRDA:13,16,0,4
BRDA:13,16,1,4
BRF:29
BRH:3
end_of_record
TN:
SF:src/modules/twitter-tracker/repositories/tracker-config.repository.ts
FN:12,(anonymous_4)
FN:17,(anonymous_5)
FN:22,(anonymous_6)
FN:26,(anonymous_7)
FN:30,(anonymous_8)
FN:36,(anonymous_9)
FN:42,(anonymous_10)
FN:53,(anonymous_11)
FN:62,(anonymous_12)
FN:74,(anonymous_13)
FN:78,(anonymous_14)
FN:83,(anonymous_15)
FNF:12
FNH:0
FNDA:0,(anonymous_4)
FNDA:0,(anonymous_5)
FNDA:0,(anonymous_6)
FNDA:0,(anonymous_7)
FNDA:0,(anonymous_8)
FNDA:0,(anonymous_9)
FNDA:0,(anonymous_10)
FNDA:0,(anonymous_11)
FNDA:0,(anonymous_12)
FNDA:0,(anonymous_13)
FNDA:0,(anonymous_14)
FNDA:0,(anonymous_15)
DA:1,8
DA:2,8
DA:3,8
DA:4,8
DA:8,8
DA:11,8
DA:14,0
DA:18,0
DA:19,0
DA:23,0
DA:27,0
DA:31,0
DA:37,0
DA:45,0
DA:57,0
DA:67,0
DA:68,0
DA:69,0
DA:71,0
DA:75,0
DA:79,0
DA:80,0
DA:84,0
LF:23
LH:6
BRDA:43,0,0,0
BRDA:48,1,0,0
BRDA:48,1,1,0
BRDA:49,2,0,0
BRDA:49,2,1,0
BRDA:68,3,0,0
BRDA:68,3,1,0
BRDA:14,4,0,8
BRDA:14,4,1,0
BRDA:14,5,0,8
BRDA:14,5,1,8
BRF:11
BRH:3
end_of_record
TN:
SF:src/modules/twitter-tracker/repositories/trend-snapshot.repository.ts
FN:11,(anonymous_4)
FN:16,(anonymous_5)
FN:21,(anonymous_6)
FN:28,(anonymous_7)
FN:40,(anonymous_8)
FN:54,(anonymous_9)
FN:59,(anonymous_10)
FNF:7
FNH:0
FNDA:0,(anonymous_4)
FNDA:0,(anonymous_5)
FNDA:0,(anonymous_6)
FNDA:0,(anonymous_7)
FNDA:0,(anonymous_8)
FNDA:0,(anonymous_9)
FNDA:0,(anonymous_10)
DA:1,1
DA:2,1
DA:3,1
DA:4,1
DA:10,1
DA:13,0
DA:17,0
DA:18,0
DA:22,0
DA:32,0
DA:45,0
DA:55,0
DA:56,0
DA:60,0
DA:63,0
LF:15
LH:5
BRDA:30,0,0,0
BRDA:35,1,0,0
BRDA:35,1,1,0
BRDA:36,2,0,0
BRDA:36,2,1,0
BRDA:13,3,0,1
BRDA:13,3,1,0
BRDA:13,4,0,1
BRDA:13,4,1,1
BRF:9
BRH:3
end_of_record
TN:
SF:src/modules/twitter-tracker/repositories/user-profile-snapshot.repository.ts
FN:11,(anonymous_4)
FN:16,(anonymous_5)
FN:23,(anonymous_6)
FN:32,(anonymous_7)
FN:44,(anonymous_8)
FN:58,(anonymous_9)
FN:63,(anonymous_10)
FNF:7
FNH:0
FNDA:0,(anonymous_4)
FNDA:0,(anonymous_5)
FNDA:0,(anonymous_6)
FNDA:0,(anonymous_7)
FNDA:0,(anonymous_8)
FNDA:0,(anonymous_9)
FNDA:0,(anonymous_10)
DA:1,1
DA:2,1
DA:3,1
DA:4,1
DA:10,1
DA:13,0
DA:19,0
DA:20,0
DA:26,0
DA:36,0
DA:49,0
DA:59,0
DA:60,0
DA:64,0
DA:67,0
LF:15
LH:5
BRDA:34,0,0,0
BRDA:39,1,0,0
BRDA:39,1,1,0
BRDA:40,2,0,0
BRDA:40,2,1,0
BRDA:13,3,0,1
BRDA:13,3,1,0
BRDA:13,4,0,1
BRDA:13,4,1,1
BRF:9
BRH:3
end_of_record
TN:
SF:src/modules/twitter-tracker/schemas/engagement-snapshot.schema.ts
FNF:0
FNH:0
DA:1,1
DA:7,1
DA:9,1
DA:12,1
DA:15,1
DA:18,1
DA:21,1
DA:24,1
DA:27,1
DA:30,1
DA:33,1
DA:36,1
LF:12
LH:12
BRDA:30,0,0,1
BRDA:30,0,1,0
BRDA:30,1,0,1
BRDA:30,1,1,1
BRF:4
BRH:3
end_of_record
TN:
SF:src/modules/twitter-tracker/schemas/follower-snapshot.schema.ts
FNF:0
FNH:0
DA:1,1
DA:7,1
DA:9,1
DA:12,1
DA:15,1
DA:18,1
DA:21,1
DA:24,1
DA:27,1
LF:9
LH:9
BRDA:21,0,0,1
BRDA:21,0,1,0
BRDA:21,1,0,1
BRDA:21,1,1,1
BRF:4
BRH:3
end_of_record
TN:
SF:src/modules/twitter-tracker/schemas/profile-change-log.schema.ts
FNF:0
FNH:0
DA:1,1
DA:7,1
DA:9,1
DA:12,1
DA:15,1
DA:18,1
DA:21,1
DA:24,1
DA:27,1
DA:30,1
DA:33,1
LF:11
LH:11
BRDA:24,0,0,1
BRDA:24,0,1,0
BRDA:24,1,0,1
BRDA:24,1,1,1
BRF:4
BRH:3
end_of_record
TN:
SF:src/modules/twitter-tracker/schemas/tracked-tweet.schema.ts
FNF:0
FNH:0
DA:1,4
DA:2,4
DA:7,4
DA:9,4
DA:12,4
DA:15,4
DA:18,4
DA:21,4
DA:25,4
DA:27,4
DA:30,4
DA:33,4
DA:36,4
DA:40,4
DA:42,4
DA:45,4
DA:48,4
DA:51,4
DA:54,4
DA:57,4
DA:60,4
DA:63,4
DA:66,4
DA:69,4
DA:72,4
DA:78,4
DA:81,4
DA:84,4
DA:87,4
DA:90,4
DA:92,4
DA:93,4
DA:94,4
DA:95,4
DA:96,4
LF:35
LH:35
BRDA:54,0,0,4
BRDA:54,0,1,0
BRDA:54,1,0,4
BRDA:54,1,1,4
BRDA:87,2,0,0
BRDA:87,2,1,4
BRDA:87,3,0,4
BRDA:87,3,1,0
BRF:8
BRH:5
end_of_record
TN:
SF:src/modules/twitter-tracker/schemas/tracker-config.schema.ts
FNF:0
FNH:0
DA:1,8
DA:2,8
DA:3,8
DA:8,8
DA:10,8
DA:13,8
DA:22,8
DA:25,8
DA:28,8
DA:31,8
DA:34,8
DA:37,8
DA:39,8
LF:13
LH:13
BRDA:13,0,0,0
BRDA:13,0,1,8
BRDA:13,1,0,8
BRDA:13,1,1,8
BRDA:22,2,0,0
BRDA:22,2,1,8
BRDA:22,3,0,8
BRDA:22,3,1,8
BRDA:25,4,0,0
BRDA:25,4,1,8
BRDA:25,5,0,8
BRDA:25,5,1,0
BRDA:31,6,0,8
BRDA:31,6,1,0
BRDA:31,7,0,8
BRDA:31,7,1,8
BRF:16
BRH:11
end_of_record
TN:
SF:src/modules/twitter-tracker/schemas/trend-snapshot.schema.ts
FNF:0
FNH:0
DA:1,1
DA:7,1
DA:9,1
DA:12,1
DA:16,1
DA:18,1
DA:21,1
DA:24,1
DA:27,1
DA:30,1
LF:10
LH:10
BRDA:24,0,0,1
BRDA:24,0,1,0
BRDA:24,1,0,1
BRDA:24,1,1,1
BRF:4
BRH:3
end_of_record
TN:
SF:src/modules/twitter-tracker/schemas/user-profile-snapshot.schema.ts
FNF:0
FNH:0
DA:1,1
DA:7,1
DA:9,1
DA:12,1
DA:15,1
DA:18,1
DA:21,1
DA:24,1
DA:27,1
DA:30,1
DA:33,1
DA:36,1
DA:39,1
DA:42,1
DA:45,1
DA:48,1
DA:51,1
DA:54,1
DA:57,1
DA:60,1
LF:20
LH:20
BRDA:54,0,0,1
BRDA:54,0,1,0
BRDA:54,1,0,1
BRDA:54,1,1,1
BRF:4
BRH:3
end_of_record
TN:
SF:src/modules/twitter-tracker/services/stream-manager.service.ts
FN:45,(anonymous_2)
FN:47,(anonymous_3)
FN:56,(anonymous_4)
FN:60,(anonymous_5)
FN:69,(anonymous_6)
FN:77,(anonymous_7)
FN:87,(anonymous_8)
FN:104,(anonymous_9)
FN:109,(anonymous_10)
FN:120,(anonymous_11)
FN:139,(anonymous_12)
FN:143,(anonymous_13)
FN:147,(anonymous_14)
FN:165,(anonymous_15)
FN:179,(anonymous_16)
FN:190,(anonymous_17)
FN:198,(anonymous_18)
FN:205,(anonymous_19)
FNF:18
FNH:0
FNDA:0,(anonymous_2)
FNDA:0,(anonymous_3)
FNDA:0,(anonymous_4)
FNDA:0,(anonymous_5)
FNDA:0,(anonymous_6)
FNDA:0,(anonymous_7)
FNDA:0,(anonymous_8)
FNDA:0,(anonymous_9)
FNDA:0,(anonymous_10)
FNDA:0,(anonymous_11)
FNDA:0,(anonymous_12)
FNDA:0,(anonymous_13)
FNDA:0,(anonymous_14)
FNDA:0,(anonymous_15)
FNDA:0,(anonymous_16)
FNDA:0,(anonymous_17)
FNDA:0,(anonymous_18)
FNDA:0,(anonymous_19)
DA:1,4
DA:2,4
DA:3,4
DA:38,4
DA:39,0
DA:41,0
DA:42,0
DA:43,0
DA:45,0
DA:48,0
DA:57,0
DA:59,0
DA:60,0
DA:66,0
DA:68,0
DA:69,0
DA:76,0
DA:77,0
DA:80,0
DA:88,0
DA:90,0
DA:92,0
DA:96,0
DA:98,0
DA:105,0
DA:107,0
DA:109,0
DA:121,0
DA:122,0
DA:123,0
DA:126,0
DA:128,0
DA:129,0
DA:136,0
DA:137,0
DA:139,0
DA:140,0
DA:143,0
DA:144,0
DA:147,0
DA:148,0
DA:149,0
DA:152,0
DA:153,0
DA:155,0
DA:158,0
DA:166,0
DA:167,0
DA:168,0
DA:169,0
DA:170,0
DA:180,0
DA:181,0
DA:182,0
DA:183,0
DA:191,0
DA:192,0
DA:199,0
DA:207,0
DA:209,0
DA:210,0
DA:211,0
DA:214,0
DA:215,0
DA:216,0
DA:217,0
DA:218,0
DA:219,0
DA:221,0
LF:69
LH:4
BRDA:68,0,0,0
BRDA:68,0,1,0
BRDA:88,1,0,0
BRDA:88,1,1,0
BRDA:109,2,0,0
BRDA:109,2,1,0
BRDA:121,3,0,0
BRDA:121,3,1,0
BRDA:144,4,0,0
BRDA:144,4,1,0
BRDA:156,5,0,0
BRDA:156,5,1,0
BRDA:166,6,0,0
BRDA:166,6,1,0
BRDA:180,7,0,0
BRDA:180,7,1,0
BRDA:207,8,0,0
BRDA:207,8,1,0
BRDA:209,9,0,0
BRDA:209,9,1,0
BRDA:216,10,0,0
BRDA:216,10,1,0
BRDA:216,11,0,0
BRDA:216,11,1,0
BRDA:222,12,0,0
BRDA:222,12,1,0
BRDA:45,13,0,4
BRDA:45,13,1,0
BRDA:45,14,0,4
BRDA:45,14,1,4
BRF:30
BRH:3
end_of_record
TN:
SF:src/modules/twitter-tracker/services/xdk-client.service.ts
FN:13,(anonymous_2)
FN:17,(anonymous_3)
FN:26,(anonymous_4)
FN:69,(anonymous_5)
FN:78,(anonymous_6)
FN:90,(anonymous_7)
FNF:6
FNH:0
FNDA:0,(anonymous_2)
FNDA:0,(anonymous_3)
FNDA:0,(anonymous_4)
FNDA:0,(anonymous_5)
FNDA:0,(anonymous_6)
FNDA:0,(anonymous_7)
DA:1,8
DA:2,8
DA:3,8
DA:7,8
DA:8,0
DA:11,0
DA:14,0
DA:18,0
DA:27,0
DA:29,0
DA:30,0
DA:36,0
DA:37,0
DA:40,0
DA:41,0
DA:42,0
DA:43,0
DA:47,0
DA:48,0
DA:56,0
DA:57,0
DA:59,0
DA:70,0
DA:79,0
DA:80,0
DA:84,0
DA:91,0
LF:27
LH:4
BRDA:29,0,0,0
BRDA:29,0,1,0
BRDA:47,1,0,0
BRDA:47,1,1,0
BRDA:47,2,0,0
BRDA:47,2,1,0
BRDA:47,2,2,0
BRDA:47,2,3,0
BRDA:79,3,0,0
BRDA:79,3,1,0
BRDA:14,4,0,8
BRDA:14,4,1,0
BRDA:14,5,0,8
BRDA:14,5,1,8
BRF:14
BRH:3
end_of_record
TN:
SF:src/modules/twitter-tracker/services/bot/twitter-bot.service.ts
FN:8,(anonymous_2)
FN:13,(anonymous_3)
FN:49,(anonymous_4)
FN:56,(anonymous_5)
FN:74,(anonymous_6)
FN:88,(anonymous_7)
FN:102,(anonymous_8)
FN:117,(anonymous_9)
FN:131,(anonymous_10)
FN:146,(anonymous_11)
FN:160,(anonymous_12)
FN:175,(anonymous_13)
FN:179,(anonymous_14)
FNF:13
FNH:0
FNDA:0,(anonymous_2)
FNDA:0,(anonymous_3)
FNDA:0,(anonymous_4)
FNDA:0,(anonymous_5)
FNDA:0,(anonymous_6)
FNDA:0,(anonymous_7)
FNDA:0,(anonymous_8)
FNDA:0,(anonymous_9)
FNDA:0,(anonymous_10)
FNDA:0,(anonymous_11)
FNDA:0,(anonymous_12)
FNDA:0,(anonymous_13)
FNDA:0,(anonymous_14)
DA:1,0
DA:2,0
DA:5,0
DA:6,0
DA:8,0
DA:25,0
DA:27,0
DA:29,0
DA:30,0
DA:33,0
DA:34,0
DA:37,0
DA:38,0
DA:41,0
DA:42,0
DA:43,0
DA:50,0
DA:57,0
DA:59,0
DA:64,0
DA:65,0
DA:68,0
DA:75,0
DA:77,0
DA:78,0
DA:81,0
DA:82,0
DA:89,0
DA:91,0
DA:92,0
DA:95,0
DA:96,0
DA:103,0
DA:105,0
DA:106,0
DA:110,0
DA:111,0
DA:118,0
DA:120,0
DA:121,0
DA:124,0
DA:125,0
DA:132,0
DA:134,0
DA:135,0
DA:139,0
DA:140,0
DA:147,0
DA:149,0
DA:150,0
DA:151,0
DA:158,0
DA:161,0
DA:163,0
DA:164,0
DA:165,0
DA:166,0
DA:168,0
DA:169,0
DA:176,0
DA:180,0
DA:181,0
LF:62
LH:0
BRDA:29,0,0,0
BRDA:29,0,1,0
BRDA:33,1,0,0
BRDA:33,1,1,0
BRDA:37,2,0,0
BRDA:37,2,1,0
BRDA:42,3,0,0
BRDA:42,3,1,0
BRDA:66,4,0,0
BRDA:66,4,1,0
BRDA:161,5,0,0
BRDA:161,5,1,0
BRDA:165,6,0,0
BRDA:165,6,1,0
BRDA:180,7,0,0
BRDA:180,7,1,0
BRDA:8,8,0,0
BRDA:8,8,1,0
BRDA:8,9,0,0
BRDA:8,9,1,0
BRF:20
BRH:0
end_of_record
TN:
SF:src/modules/twitter-tracker/services/trackers/cashtag-mention-tracker.service.ts
FN:24,(anonymous_2)
FN:35,(anonymous_3)
FN:48,(anonymous_4)
FN:55,(anonymous_5)
FN:67,(anonymous_6)
FN:80,(anonymous_7)
FN:101,(anonymous_8)
FN:105,(anonymous_9)
FN:112,(anonymous_10)
FN:120,(anonymous_11)
FN:140,(anonymous_12)
FN:181,(anonymous_13)
FN:183,(anonymous_14)
FNF:13
FNH:7
FNDA:6,(anonymous_2)
FNDA:4,(anonymous_3)
FNDA:6,(anonymous_4)
FNDA:3,(anonymous_5)
FNDA:0,(anonymous_6)
FNDA:1,(anonymous_7)
FNDA:3,(anonymous_8)
FNDA:0,(anonymous_9)
FNDA:1,(anonymous_10)
FNDA:0,(anonymous_11)
FNDA:0,(anonymous_12)
FNDA:0,(anonymous_13)
FNDA:0,(anonymous_14)
DA:1,1
DA:2,1
DA:3,1
DA:4,1
DA:5,1
DA:6,1
DA:11,1
DA:18,1
DA:19,6
DA:22,6
DA:25,6
DA:26,6
DA:27,6
DA:28,6
DA:36,4
DA:37,4
DA:39,4
DA:41,4
DA:42,1
DA:46,3
DA:47,3
DA:48,6
DA:51,3
DA:55,3
DA:56,3
DA:62,3
DA:63,6
DA:64,6
DA:67,3
DA:68,0
DA:71,3
DA:72,3
DA:75,3
DA:81,1
DA:82,1
DA:84,1
DA:86,1
DA:87,1
DA:90,1
DA:91,1
DA:92,1
DA:94,1
DA:102,3
DA:103,3
DA:104,3
DA:105,3
DA:106,3
DA:113,1
DA:114,1
DA:115,2
DA:117,1
DA:126,0
DA:127,0
DA:128,0
DA:131,0
DA:132,0
DA:133,0
DA:134,0
DA:135,0
DA:136,0
DA:137,0
DA:139,0
DA:140,0
DA:141,0
DA:146,0
DA:149,0
DA:150,0
DA:151,0
DA:163,0
DA:170,0
DA:173,0
DA:174,0
DA:182,0
DA:183,0
DA:189,0
DA:192,0
DA:193,0
DA:194,0
DA:195,0
DA:196,0
DA:198,0
DA:199,0
DA:210,0
DA:214,0
LF:84
LH:50
BRDA:37,0,0,0
BRDA:37,0,1,4
BRDA:39,1,0,0
BRDA:39,2,0,4
BRDA:39,2,1,0
BRDA:41,3,0,1
BRDA:41,3,1,3
BRDA:48,4,0,3
BRDA:48,4,1,3
BRDA:63,5,0,3
BRDA:63,5,1,3
BRDA:71,6,0,3
BRDA:71,6,1,0
BRDA:82,7,0,0
BRDA:82,7,1,1
BRDA:86,8,0,1
BRDA:86,8,1,0
BRDA:101,9,0,0
BRDA:103,10,0,3
BRDA:103,10,1,0
BRDA:112,11,0,0
BRDA:128,12,0,0
BRDA:128,12,1,0
BRDA:132,13,0,0
BRDA:132,13,1,0
BRDA:136,14,0,0
BRDA:136,14,1,0
BRDA:149,15,0,0
BRDA:149,15,1,0
BRDA:150,16,0,0
BRDA:150,16,1,0
BRDA:155,17,0,0
BRDA:155,17,1,0
BRDA:158,18,0,0
BRDA:158,18,1,0
BRDA:196,19,0,0
BRDA:196,19,1,0
BRDA:198,20,0,0
BRDA:198,20,1,0
BRDA:215,21,0,0
BRDA:215,21,1,0
BRDA:25,22,0,1
BRDA:25,22,1,0
BRDA:25,23,0,1
BRDA:25,23,1,1
BRDA:25,24,0,1
BRDA:25,24,1,0
BRDA:25,25,0,1
BRDA:25,25,1,1
BRDA:26,26,0,1
BRDA:26,26,1,0
BRDA:26,27,0,1
BRDA:26,27,1,1
BRDA:27,28,0,1
BRDA:27,28,1,0
BRDA:27,29,0,1
BRDA:27,29,1,1
BRF:57
BRH:24
end_of_record
TN:
SF:src/modules/twitter-tracker/services/trackers/engagement-spike-tracker.service.ts
FN:24,(anonymous_2)
FN:32,(anonymous_3)
FN:39,(anonymous_4)
FN:61,(anonymous_5)
FN:67,(anonymous_6)
FN:82,(anonymous_7)
FN:93,(anonymous_8)
FN:285,(anonymous_9)
FNF:8
FNH:6
FNDA:10,(anonymous_2)
FNDA:10,(anonymous_3)
FNDA:9,(anonymous_4)
FNDA:0,(anonymous_5)
FNDA:0,(anonymous_6)
FNDA:1,(anonymous_7)
FNDA:7,(anonymous_8)
FNDA:9,(anonymous_9)
DA:1,1
DA:2,1
DA:3,1
DA:4,1
DA:5,1
DA:6,1
DA:7,1
DA:12,1
DA:20,1
DA:21,10
DA:22,10
DA:25,10
DA:26,10
DA:27,10
DA:28,10
DA:29,10
DA:33,10
DA:34,6
DA:36,10
DA:40,9
DA:41,9
DA:43,8
DA:45,8
DA:46,1
DA:50,7
DA:58,7
DA:61,7
DA:62,0
DA:68,0
DA:74,7
DA:75,7
DA:77,7
DA:83,1
DA:84,1
DA:85,1
DA:86,1
DA:89,1
DA:90,1
DA:103,7
DA:105,7
DA:108,7
DA:109,1
DA:110,1
DA:111,1
DA:123,1
DA:124,1
DA:125,1
DA:126,1
DA:130,0
DA:137,7
DA:140,7
DA:141,7
DA:142,7
DA:144,7
DA:148,7
DA:150,7
DA:152,7
DA:153,7
DA:155,7
DA:156,7
DA:158,7
DA:160,7
DA:164,7
DA:170,7
DA:182,7
DA:183,3
DA:185,3
DA:186,3
DA:188,3
DA:189,3
DA:190,3
DA:191,3
DA:193,3
DA:194,3
DA:195,3
DA:198,3
DA:202,3
DA:206,3
DA:211,3
DA:213,3
DA:217,3
DA:221,3
DA:225,3
DA:226,3
DA:227,3
DA:228,3
DA:229,3
DA:231,3
DA:258,3
DA:260,3
DA:269,7
DA:271,0
DA:274,0
DA:286,9
DA:288,9
DA:289,9
DA:291,9
DA:292,18
DA:293,18
DA:294,18
DA:296,18
DA:298,18
DA:300,18
DA:301,18
DA:302,18
DA:306,9
LF:106
LH:101
BRDA:41,0,0,1
BRDA:41,0,1,8
BRDA:43,1,0,0
BRDA:43,2,0,0
BRDA:43,3,0,8
BRDA:43,3,1,0
BRDA:45,4,0,1
BRDA:45,4,1,7
BRDA:45,5,0,8
BRDA:45,5,1,2
BRDA:58,6,0,7
BRDA:58,6,1,0
BRDA:69,7,0,0
BRDA:69,7,1,0
BRDA:84,8,0,1
BRDA:84,8,1,0
BRDA:108,9,0,1
BRDA:108,9,1,6
BRDA:123,10,0,1
BRDA:123,10,1,0
BRDA:125,11,0,1
BRDA:125,11,1,0
BRDA:125,12,0,1
BRDA:125,12,1,1
BRDA:131,13,0,0
BRDA:131,13,1,0
BRDA:137,14,0,0
BRDA:137,14,1,7
BRDA:148,15,0,7
BRDA:148,15,1,0
BRDA:152,16,0,7
BRDA:152,16,1,7
BRDA:152,16,2,0
BRDA:153,17,0,7
BRDA:153,17,1,0
BRDA:153,17,2,0
BRDA:155,18,0,7
BRDA:155,18,1,0
BRDA:155,18,2,0
BRDA:156,19,0,7
BRDA:156,19,1,0
BRDA:156,19,2,0
BRDA:158,20,0,7
BRDA:158,20,1,0
BRDA:158,20,2,0
BRDA:160,21,0,7
BRDA:160,21,1,0
BRDA:160,21,2,0
BRDA:172,22,0,7
BRDA:172,22,1,7
BRDA:172,22,2,0
BRDA:182,23,0,3
BRDA:182,23,1,4
BRDA:188,24,0,3
BRDA:188,24,1,0
BRDA:213,25,0,3
BRDA:213,25,1,1
BRDA:213,25,2,1
BRDA:217,26,0,3
BRDA:217,26,1,0
BRDA:217,26,2,0
BRDA:221,27,0,3
BRDA:221,27,1,0
BRDA:221,27,2,0
BRDA:225,28,0,3
BRDA:225,28,1,0
BRDA:225,29,0,3
BRDA:225,29,1,1
BRDA:225,29,2,0
BRDA:227,30,0,2
BRDA:227,30,1,1
BRDA:228,31,0,3
BRDA:228,31,1,0
BRDA:229,32,0,3
BRDA:229,32,1,0
BRDA:237,33,0,3
BRDA:237,33,1,3
BRDA:272,34,0,0
BRDA:272,34,1,0
BRDA:277,35,0,0
BRDA:277,35,1,0
BRDA:286,36,0,0
BRDA:286,36,1,9
BRDA:294,37,0,18
BRDA:294,37,1,2
BRDA:294,38,0,18
BRDA:294,38,1,4
BRDA:300,39,0,18
BRDA:300,39,1,0
BRDA:306,40,0,9
BRDA:306,40,1,0
BRDA:25,41,0,1
BRDA:25,41,1,0
BRDA:25,42,0,1
BRDA:25,42,1,1
BRDA:25,43,0,1
BRDA:25,43,1,0
BRDA:25,44,0,1
BRDA:25,44,1,1
BRDA:26,45,0,1
BRDA:26,45,1,0
BRDA:26,46,0,1
BRDA:26,46,1,1
BRDA:27,47,0,1
BRDA:27,47,1,0
BRDA:27,48,0,1
BRDA:27,48,1,1
BRDA:28,49,0,1
BRDA:28,49,1,0
BRDA:28,50,0,1
BRDA:28,50,1,1
BRF:111
BRH:65
end_of_record
TN:
SF:src/modules/twitter-tracker/services/trackers/follower-change-tracker.service.ts
FN:20,(anonymous_2)
FN:28,(anonymous_3)
FN:35,(anonymous_4)
FN:52,(anonymous_5)
FN:53,(anonymous_6)
FN:68,(anonymous_7)
FN:79,(anonymous_8)
FNF:7
FNH:5
FNDA:10,(anonymous_2)
FNDA:10,(anonymous_3)
FNDA:9,(anonymous_4)
FNDA:0,(anonymous_5)
FNDA:0,(anonymous_6)
FNDA:1,(anonymous_7)
FNDA:7,(anonymous_8)
DA:1,1
DA:2,1
DA:3,1
DA:4,1
DA:5,1
DA:6,1
DA:7,1
DA:12,1
DA:16,1
DA:17,10
DA:18,10
DA:21,10
DA:22,10
DA:23,10
DA:24,10
DA:25,10
DA:29,10
DA:30,6
DA:32,10
DA:36,9
DA:37,9
DA:39,8
DA:41,8
DA:42,1
DA:46,7
DA:49,7
DA:52,7
DA:53,0
DA:54,0
DA:60,7
DA:61,7
DA:63,7
DA:69,1
DA:70,1
DA:71,1
DA:72,1
DA:75,1
DA:76,1
DA:83,7
DA:84,7
DA:88,7
DA:90,7
DA:92,7
DA:94,7
DA:96,7
DA:100,7
DA:103,7
DA:112,7
DA:114,4
DA:116,4
DA:118,4
DA:119,4
DA:142,4
DA:144,4
DA:149,4
DA:150,1
DA:166,1
DA:171,7
DA:173,0
DA:176,0
LF:60
LH:56
BRDA:37,0,0,1
BRDA:37,0,1,8
BRDA:39,1,0,0
BRDA:39,2,0,8
BRDA:39,2,1,0
BRDA:41,3,0,1
BRDA:41,3,1,7
BRDA:49,4,0,7
BRDA:49,4,1,0
BRDA:55,5,0,0
BRDA:55,5,1,0
BRDA:70,6,0,1
BRDA:70,6,1,0
BRDA:88,7,0,7
BRDA:88,7,1,0
BRDA:92,8,0,7
BRDA:92,8,1,7
BRDA:92,8,2,0
BRDA:94,9,0,7
BRDA:94,9,1,0
BRDA:94,9,2,0
BRDA:96,10,0,7
BRDA:96,10,1,0
BRDA:96,10,2,0
BRDA:112,11,0,4
BRDA:112,11,1,3
BRDA:118,12,0,4
BRDA:118,12,1,0
BRDA:123,13,0,3
BRDA:123,13,1,1
BRDA:133,14,0,4
BRDA:133,14,1,0
BRDA:145,15,0,3
BRDA:145,15,1,1
BRDA:149,16,0,1
BRDA:149,16,1,3
BRDA:154,17,0,1
BRDA:154,17,1,0
BRDA:174,18,0,0
BRDA:174,18,1,0
BRDA:179,19,0,0
BRDA:179,19,1,0
BRDA:21,20,0,1
BRDA:21,20,1,0
BRDA:21,21,0,1
BRDA:21,21,1,1
BRDA:21,22,0,1
BRDA:21,22,1,0
BRDA:21,23,0,1
BRDA:21,23,1,1
BRDA:22,24,0,1
BRDA:22,24,1,0
BRDA:22,25,0,1
BRDA:22,25,1,1
BRDA:23,26,0,1
BRDA:23,26,1,0
BRDA:23,27,0,1
BRDA:23,27,1,1
BRDA:24,28,0,1
BRDA:24,28,1,0
BRDA:24,29,0,1
BRDA:24,29,1,1
BRF:62
BRH:38
end_of_record
TN:
SF:src/modules/twitter-tracker/services/trackers/hashtag-tweet-tracker.service.ts
FN:17,(anonymous_2)
FN:28,(anonymous_3)
FN:41,(anonymous_4)
FN:48,(anonymous_5)
FN:54,(anonymous_6)
FN:67,(anonymous_7)
FN:83,(anonymous_8)
FNF:7
FNH:5
FNDA:5,(anonymous_2)
FNDA:3,(anonymous_3)
FNDA:4,(anonymous_4)
FNDA:2,(anonymous_5)
FNDA:0,(anonymous_6)
FNDA:1,(anonymous_7)
FNDA:0,(anonymous_8)
DA:1,1
DA:2,1
DA:3,1
DA:4,1
DA:5,1
DA:6,1
DA:11,1
DA:14,1
DA:15,5
DA:18,5
DA:19,5
DA:20,5
DA:21,5
DA:29,3
DA:30,3
DA:32,3
DA:34,3
DA:35,1
DA:39,2
DA:40,2
DA:41,4
DA:44,2
DA:48,2
DA:49,2
DA:54,2
DA:55,0
DA:58,2
DA:59,2
DA:62,2
DA:68,1
DA:69,1
DA:71,1
DA:73,1
DA:74,1
DA:77,1
DA:78,1
DA:80,1
DA:88,0
DA:89,0
DA:90,0
DA:92,0
DA:95,0
DA:96,0
DA:97,0
DA:109,0
DA:116,0
DA:118,0
DA:125,0
DA:127,0
LF:49
LH:36
BRDA:30,0,0,0
BRDA:30,0,1,3
BRDA:32,1,0,0
BRDA:32,2,0,3
BRDA:32,2,1,0
BRDA:34,3,0,1
BRDA:34,3,1,2
BRDA:41,4,0,2
BRDA:41,4,1,2
BRDA:58,5,0,2
BRDA:58,5,1,0
BRDA:69,6,0,0
BRDA:69,6,1,1
BRDA:73,7,0,1
BRDA:73,7,1,0
BRDA:90,8,0,0
BRDA:90,8,1,0
BRDA:95,9,0,0
BRDA:95,9,1,0
BRDA:96,10,0,0
BRDA:96,10,1,0
BRDA:101,11,0,0
BRDA:101,11,1,0
BRDA:104,12,0,0
BRDA:104,12,1,0
BRDA:128,13,0,0
BRDA:128,13,1,0
BRDA:18,14,0,1
BRDA:18,14,1,0
BRDA:18,15,0,1
BRDA:18,15,1,1
BRDA:18,16,0,1
BRDA:18,16,1,0
BRDA:18,17,0,1
BRDA:18,17,1,1
BRDA:19,18,0,1
BRDA:19,18,1,0
BRDA:19,19,0,1
BRDA:19,19,1,1
BRDA:20,20,0,1
BRDA:20,20,1,0
BRDA:20,21,0,1
BRDA:20,21,1,1
BRF:43
BRH:21
end_of_record
TN:
SF:src/modules/twitter-tracker/services/trackers/keyword-tweet-tracker.service.ts
FN:17,(anonymous_2)
FN:28,(anonymous_3)
FN:42,(anonymous_4)
FN:49,(anonymous_5)
FN:55,(anonymous_6)
FN:68,(anonymous_7)
FN:84,(anonymous_8)
FNF:7
FNH:5
FNDA:4,(anonymous_2)
FNDA:2,(anonymous_3)
FNDA:2,(anonymous_4)
FNDA:1,(anonymous_5)
FNDA:0,(anonymous_6)
FNDA:1,(anonymous_7)
FNDA:0,(anonymous_8)
DA:1,1
DA:2,1
DA:3,1
DA:4,1
DA:5,1
DA:6,1
DA:11,1
DA:14,1
DA:15,4
DA:18,4
DA:19,4
DA:20,4
DA:21,4
DA:29,2
DA:30,2
DA:32,2
DA:34,2
DA:35,1
DA:40,1
DA:41,1
DA:42,2
DA:45,1
DA:49,1
DA:50,1
DA:55,1
DA:56,0
DA:59,1
DA:60,1
DA:63,1
DA:69,1
DA:70,1
DA:72,1
DA:74,1
DA:75,1
DA:78,1
DA:79,1
DA:81,1
DA:89,0
DA:90,0
DA:91,0
DA:93,0
DA:96,0
DA:97,0
DA:98,0
DA:110,0
DA:117,0
DA:119,0
DA:126,0
DA:128,0
LF:49
LH:36
BRDA:30,0,0,0
BRDA:30,0,1,2
BRDA:32,1,0,0
BRDA:32,2,0,2
BRDA:32,2,1,0
BRDA:34,3,0,1
BRDA:34,3,1,1
BRDA:42,4,0,1
BRDA:42,4,1,1
BRDA:59,5,0,1
BRDA:59,5,1,0
BRDA:70,6,0,0
BRDA:70,6,1,1
BRDA:74,7,0,1
BRDA:74,7,1,0
BRDA:91,8,0,0
BRDA:91,8,1,0
BRDA:96,9,0,0
BRDA:96,9,1,0
BRDA:97,10,0,0
BRDA:97,10,1,0
BRDA:102,11,0,0
BRDA:102,11,1,0
BRDA:105,12,0,0
BRDA:105,12,1,0
BRDA:129,13,0,0
BRDA:129,13,1,0
BRDA:18,14,0,1
BRDA:18,14,1,0
BRDA:18,15,0,1
BRDA:18,15,1,1
BRDA:18,16,0,1
BRDA:18,16,1,0
BRDA:18,17,0,1
BRDA:18,17,1,1
BRDA:19,18,0,1
BRDA:19,18,1,0
BRDA:19,19,0,1
BRDA:19,19,1,1
BRDA:20,20,0,1
BRDA:20,20,1,0
BRDA:20,21,0,1
BRDA:20,21,1,1
BRF:43
BRH:21
end_of_record
TN:
SF:src/modules/twitter-tracker/services/trackers/profile-change-tracker.service.ts
FN:36,(anonymous_2)
FN:45,(anonymous_3)
FN:58,(anonymous_4)
FN:76,(anonymous_5)
FN:78,(anonymous_6)
FN:95,(anonymous_7)
FN:109,(anonymous_8)
FN:119,(anonymous_9)
FN:133,(anonymous_10)
FN:197,(anonymous_11)
FN:228,(anonymous_12)
FNF:11
FNH:7
FNDA:8,(anonymous_2)
FNDA:8,(anonymous_3)
FNDA:7,(anonymous_4)
FNDA:0,(anonymous_5)
FNDA:0,(anonymous_6)
FNDA:1,(anonymous_7)
FNDA:0,(anonymous_8)
FNDA:0,(anonymous_9)
FNDA:6,(anonymous_10)
FNDA:2,(anonymous_11)
FNDA:2,(anonymous_12)
DA:1,1
DA:2,1
DA:3,1
DA:4,1
DA:5,1
DA:6,1
DA:7,1
DA:8,1
DA:13,1
DA:14,1
DA:18,1
DA:32,1
DA:33,8
DA:34,8
DA:37,8
DA:38,8
DA:39,8
DA:40,8
DA:41,8
DA:42,8
DA:47,8
DA:48,5
DA:49,5
DA:51,8
DA:59,7
DA:60,7
DA:62,7
DA:64,7
DA:65,1
DA:69,6
DA:73,6
DA:76,6
DA:77,0
DA:79,0
DA:86,6
DA:88,6
DA:90,6
DA:96,1
DA:97,1
DA:98,1
DA:99,1
DA:102,1
DA:103,1
DA:113,0
DA:120,0
DA:121,0
DA:127,0
DA:138,6
DA:140,6
DA:157,6
DA:159,6
DA:160,6
DA:161,6
DA:165,6
DA:168,6
DA:174,6
DA:175,3
DA:180,3
DA:182,3
DA:183,30
DA:184,30
DA:186,30
DA:187,2
DA:195,3
DA:197,2
DA:207,2
DA:210,2
DA:211,2
DA:224,2
DA:227,2
DA:228,2
DA:234,6
DA:236,0
DA:239,0
LF:74
LH:66
BRDA:60,0,0,0
BRDA:60,0,1,7
BRDA:62,1,0,0
BRDA:62,2,0,7
BRDA:62,2,1,0
BRDA:64,3,0,1
BRDA:64,3,1,6
BRDA:73,4,0,6
BRDA:73,4,1,0
BRDA:80,5,0,0
BRDA:80,5,1,0
BRDA:97,6,0,1
BRDA:97,6,1,0
BRDA:111,7,0,0
BRDA:119,8,0,0
BRDA:120,9,0,0
BRDA:120,9,1,0
BRDA:120,10,0,0
BRDA:120,10,1,0
BRDA:157,11,0,6
BRDA:157,11,1,0
BRDA:161,12,0,0
BRDA:161,12,1,6
BRDA:174,13,0,3
BRDA:174,13,1,3
BRDA:175,14,0,3
BRDA:175,14,1,3
BRDA:183,15,0,30
BRDA:183,15,1,0
BRDA:184,16,0,30
BRDA:184,16,1,0
BRDA:186,17,0,2
BRDA:186,17,1,28
BRDA:195,18,0,2
BRDA:195,18,1,1
BRDA:237,19,0,0
BRDA:237,19,1,0
BRDA:242,20,0,0
BRDA:242,20,1,0
BRDA:37,21,0,1
BRDA:37,21,1,0
BRDA:37,22,0,1
BRDA:37,22,1,1
BRDA:37,23,0,1
BRDA:37,23,1,0
BRDA:37,24,0,1
BRDA:37,24,1,1
BRDA:38,25,0,1
BRDA:38,25,1,0
BRDA:38,26,0,1
BRDA:38,26,1,1
BRDA:39,27,0,1
BRDA:39,27,1,0
BRDA:39,28,0,1
BRDA:39,28,1,1
BRDA:40,29,0,1
BRDA:40,29,1,0
BRDA:40,30,0,1
BRDA:40,30,1,1
BRDA:41,31,0,1
BRDA:41,31,1,0
BRDA:41,32,0,1
BRDA:41,32,1,1
BRF:63
BRH:36
end_of_record
TN:
SF:src/modules/twitter-tracker/services/trackers/trend-tracker.service.ts
FN:20,(anonymous_2)
FN:28,(anonymous_3)
FN:35,(anonymous_4)
FN:51,(anonymous_5)
FN:53,(anonymous_6)
FN:69,(anonymous_7)
FN:80,(anonymous_8)
FN:88,(anonymous_9)
FN:107,(anonymous_10)
FN:110,(anonymous_11)
FN:115,(anonymous_12)
FN:120,(anonymous_13)
FN:124,(anonymous_14)
FN:126,(anonymous_15)
FN:132,(anonymous_16)
FN:135,(anonymous_17)
FN:160,(anonymous_18)
FNF:17
FNH:15
FNDA:11,(anonymous_2)
FNDA:11,(anonymous_3)
FNDA:10,(anonymous_4)
FNDA:0,(anonymous_5)
FNDA:0,(anonymous_6)
FNDA:1,(anonymous_7)
FNDA:9,(anonymous_8)
FNDA:27,(anonymous_9)
FNDA:12,(anonymous_10)
FNDA:15,(anonymous_11)
FNDA:15,(anonymous_12)
FNDA:12,(anonymous_13)
FNDA:15,(anonymous_14)
FNDA:27,(anonymous_15)
FNDA:8,(anonymous_16)
FNDA:3,(anonymous_17)
FNDA:3,(anonymous_18)
DA:1,1
DA:2,1
DA:3,1
DA:4,1
DA:5,1
DA:6,1
DA:7,1
DA:9,1
DA:16,1
DA:17,11
DA:18,11
DA:21,11
DA:22,11
DA:23,11
DA:24,11
DA:25,11
DA:29,11
DA:30,8
DA:32,11
DA:36,10
DA:37,10
DA:40,9
DA:45,9
DA:48,9
DA:51,9
DA:52,0
DA:54,0
DA:61,9
DA:62,9
DA:64,9
DA:70,1
DA:71,1
DA:72,1
DA:73,1
DA:76,1
DA:77,1
DA:85,9
DA:86,9
DA:88,27
DA:95,9
DA:98,9
DA:105,9
DA:106,5
DA:107,12
DA:109,5
DA:110,15
DA:114,5
DA:115,15
DA:119,5
DA:120,12
DA:124,5
DA:125,15
DA:126,27
DA:128,15
DA:132,5
DA:133,8
DA:134,2
DA:135,3
DA:139,5
DA:140,4
DA:141,3
DA:152,3
DA:157,5
DA:158,3
DA:159,3
DA:160,3
DA:162,3
DA:174,3
DA:179,5
DA:180,1
DA:181,1
DA:192,1
DA:196,5
DA:197,4
DA:203,9
DA:205,0
DA:208,0
LF:77
LH:73
BRDA:37,0,0,1
BRDA:37,0,1,9
BRDA:40,1,0,9
BRDA:40,1,1,0
BRDA:40,1,2,0
BRDA:48,2,0,9
BRDA:48,2,1,0
BRDA:55,3,0,0
BRDA:55,3,1,0
BRDA:71,4,0,1
BRDA:71,4,1,0
BRDA:88,5,0,9
BRDA:88,5,1,0
BRDA:89,6,0,27
BRDA:89,6,1,0
BRDA:89,6,2,0
BRDA:90,7,0,27
BRDA:90,7,1,0
BRDA:90,7,2,0
BRDA:105,8,0,5
BRDA:105,8,1,4
BRDA:128,9,0,15
BRDA:128,9,1,11
BRDA:133,10,0,6
BRDA:133,10,1,2
BRDA:133,11,0,8
BRDA:133,11,1,8
BRDA:140,12,0,3
BRDA:140,12,1,1
BRDA:158,13,0,3
BRDA:158,13,1,0
BRDA:168,14,0,3
BRDA:168,14,1,0
BRDA:180,15,0,1
BRDA:180,15,1,0
BRDA:196,16,0,4
BRDA:196,16,1,1
BRDA:196,17,0,5
BRDA:196,17,1,1
BRDA:206,18,0,0
BRDA:206,18,1,0
BRDA:211,19,0,0
BRDA:211,19,1,0
BRDA:21,20,0,1
BRDA:21,20,1,0
BRDA:21,21,0,1
BRDA:21,21,1,1
BRDA:21,22,0,1
BRDA:21,22,1,0
BRDA:21,23,0,1
BRDA:21,23,1,1
BRDA:22,24,0,1
BRDA:22,24,1,0
BRDA:22,25,0,1
BRDA:22,25,1,1
BRDA:23,26,0,1
BRDA:23,26,1,0
BRDA:23,27,0,1
BRDA:23,27,1,1
BRDA:24,28,0,1
BRDA:24,28,1,0
BRDA:24,29,0,1
BRDA:24,29,1,1
BRF:63
BRH:40
end_of_record
TN:
SF:src/modules/twitter-tracker/services/trackers/user-tweet-tracker.service.ts
FN:15,(anonymous_2)
FN:27,(anonymous_3)
FN:58,(anonymous_4)
FN:66,(anonymous_5)
FN:73,(anonymous_6)
FN:90,(anonymous_7)
FN:113,(anonymous_8)
FNF:7
FNH:5
FNDA:7,(anonymous_2)
FNDA:5,(anonymous_3)
FNDA:3,(anonymous_4)
FNDA:3,(anonymous_5)
FNDA:0,(anonymous_6)
FNDA:1,(anonymous_7)
FNDA:0,(anonymous_8)
DA:1,1
DA:2,1
DA:3,1
DA:4,1
DA:5,1
DA:6,1
DA:7,1
DA:9,1
DA:12,1
DA:13,7
DA:16,7
DA:17,7
DA:18,7
DA:19,7
DA:20,7
DA:28,5
DA:29,5
DA:31,4
DA:34,4
DA:35,4
DA:36,3
DA:37,3
DA:41,3
DA:42,3
DA:43,3
DA:44,3
DA:48,0
DA:52,4
DA:53,1
DA:57,3
DA:58,3
DA:61,3
DA:66,3
DA:67,3
DA:73,3
DA:74,0
DA:78,3
DA:79,2
DA:82,3
DA:91,1
DA:92,1
DA:94,1
DA:97,1
DA:98,1
DA:102,1
DA:105,1
DA:107,1
DA:118,0
DA:119,0
DA:120,0
DA:123,0
DA:124,0
DA:126,0
DA:127,0
DA:136,0
DA:144,0
DA:147,0
DA:154,0
DA:156,0
LF:59
LH:45
BRDA:29,0,0,1
BRDA:29,0,1,4
BRDA:31,1,0,0
BRDA:31,2,0,0
BRDA:31,3,0,4
BRDA:31,3,1,0
BRDA:35,4,0,3
BRDA:35,4,1,1
BRDA:41,5,0,3
BRDA:41,5,1,0
BRDA:43,6,0,3
BRDA:43,6,1,0
BRDA:43,7,0,3
BRDA:43,7,1,3
BRDA:48,8,0,0
BRDA:48,8,1,0
BRDA:52,9,0,1
BRDA:52,9,1,3
BRDA:78,10,0,2
BRDA:78,10,1,1
BRDA:92,11,0,0
BRDA:92,11,1,1
BRDA:97,12,0,1
BRDA:97,12,1,0
BRDA:120,13,0,0
BRDA:120,13,1,0
BRDA:124,14,0,0
BRDA:124,14,1,0
BRDA:126,15,0,0
BRDA:126,15,1,0
BRDA:130,16,0,0
BRDA:130,16,1,0
BRDA:131,17,0,0
BRDA:131,17,1,0
BRDA:157,18,0,0
BRDA:157,18,1,0
BRDA:16,19,0,1
BRDA:16,19,1,0
BRDA:16,20,0,1
BRDA:16,20,1,1
BRDA:16,21,0,1
BRDA:16,21,1,0
BRDA:16,22,0,1
BRDA:16,22,1,1
BRDA:17,23,0,1
BRDA:17,23,1,0
BRDA:17,24,0,1
BRDA:17,24,1,1
BRDA:18,25,0,1
BRDA:18,25,1,0
BRDA:18,26,0,1
BRDA:18,26,1,1
BRDA:19,27,0,1
BRDA:19,27,1,0
BRDA:19,28,0,1
BRDA:19,28,1,1
BRF:56
BRH:30
end_of_record
TN:
SF:src/modules/twitter-tracker/utils/tweet-parser.util.ts
FN:12,parseTweetFromStreamEvent
FN:23,(anonymous_1)
FN:27,(anonymous_2)
FN:28,(anonymous_3)
FN:29,(anonymous_4)
FN:30,(anonymous_5)
FN:36,(anonymous_6)
FN:37,(anonymous_7)
FN:88,parseUserProfile
FNF:9
FNH:1
FNDA:0,parseTweetFromStreamEvent
FNDA:0,(anonymous_1)
FNDA:0,(anonymous_2)
FNDA:0,(anonymous_3)
FNDA:0,(anonymous_4)
FNDA:0,(anonymous_5)
FNDA:0,(anonymous_6)
FNDA:0,(anonymous_7)
FNDA:6,parseUserProfile
DA:12,5
DA:15,0
DA:16,0
DA:18,0
DA:19,0
DA:20,0
DA:23,0
DA:26,0
DA:27,0
DA:28,0
DA:29,0
DA:30,0
DA:34,0
DA:35,0
DA:37,0
DA:38,0
DA:39,0
DA:49,0
DA:50,0
DA:59,0
DA:60,0
DA:61,0
DA:62,0
DA:63,0
DA:64,0
DA:65,0
DA:68,0
DA:88,5
DA:89,6
DA:91,6
DA:93,6
LF:31
LH:5
BRDA:16,0,0,0
BRDA:16,0,1,0
BRDA:18,1,0,0
BRDA:18,1,1,0
BRDA:19,2,0,0
BRDA:19,2,1,0
BRDA:20,3,0,0
BRDA:20,3,1,0
BRDA:26,4,0,0
BRDA:26,4,1,0
BRDA:27,5,0,0
BRDA:27,5,1,0
BRDA:28,6,0,0
BRDA:28,6,1,0
BRDA:29,7,0,0
BRDA:29,7,1,0
BRDA:30,8,0,0
BRDA:30,8,1,0
BRDA:30,9,0,0
BRDA:30,9,1,0
BRDA:34,10,0,0
BRDA:34,10,1,0
BRDA:38,11,0,0
BRDA:38,11,1,0
BRDA:40,12,0,0
BRDA:40,12,1,0
BRDA:41,13,0,0
BRDA:41,13,1,0
BRDA:41,13,2,0
BRDA:49,14,0,0
BRDA:49,14,1,0
BRDA:51,15,0,0
BRDA:51,15,1,0
BRDA:52,16,0,0
BRDA:52,16,1,0
BRDA:53,17,0,0
BRDA:53,17,1,0
BRDA:54,18,0,0
BRDA:54,18,1,0
BRDA:55,19,0,0
BRDA:55,19,1,0
BRDA:60,20,0,0
BRDA:60,20,1,0
BRDA:61,21,0,0
BRDA:61,21,1,0
BRDA:63,22,0,0
BRDA:63,22,1,0
BRDA:64,23,0,0
BRDA:64,23,1,0
BRDA:65,24,0,0
BRDA:65,24,1,0
BRDA:71,25,0,0
BRDA:71,25,1,0
BRDA:73,26,0,0
BRDA:73,26,1,0
BRDA:89,27,0,0
BRDA:89,27,1,6
BRDA:91,28,0,6
BRDA:91,28,1,0
BRDA:97,29,0,6
BRDA:97,29,1,0
BRDA:98,30,0,6
BRDA:98,30,1,0
BRDA:99,31,0,6
BRDA:99,31,1,0
BRDA:100,32,0,6
BRDA:100,32,1,0
BRDA:101,33,0,6
BRDA:101,33,1,0
BRDA:102,34,0,6
BRDA:102,34,1,0
BRDA:103,35,0,6
BRDA:103,35,1,0
BRDA:104,36,0,6
BRDA:104,36,1,0
BRDA:105,37,0,6
BRDA:105,37,1,0
BRDA:106,38,0,6
BRDA:106,38,1,0
BRDA:107,39,0,6
BRDA:107,39,1,0
BRDA:108,40,0,6
BRDA:108,40,1,0
BRF:83
BRH:14
end_of_record
